<?xml version="1.0" encoding="UTF-8"?>
<robot generator="Robot 7.0.1 (Python 3.12.4 on win32)" generated="2024-08-23T10:33:54.199671" rpa="false" schemaversion="5">
<suite id="s1" name="Customer" source="C:\Users\HP\Documents\GitHub\training-t\TestCases\Customer.robot">
<test id="s1-t1" name="TC-001 Verify if a user is able to filter bus according to price" line="6">
<kw name="Open Make My Trip As" owner="common">
<kw name="Open Browser" owner="SeleniumLibrary">
<msg time="2024-08-23T10:33:55.011381" level="INFO">Opening browser 'chrome' to base url 'https://www.makemytrip.com'.</msg>
<arg>browser=chrome</arg>
<arg>url=https://www.makemytrip.com</arg>
<doc>Opens a new browser instance to the optional ``url``.</doc>
<status status="PASS" start="2024-08-23T10:33:55.009566" elapsed="7.698886"/>
</kw>
<kw name="Maximize Browser Window" owner="SeleniumLibrary">
<doc>Maximizes current browser window.</doc>
<status status="PASS" start="2024-08-23T10:34:02.708452" elapsed="0.212455"/>
</kw>
<kw name="Wait Until Element Is Visible" owner="SeleniumLibrary">
<arg>//span[@class='commonModal__close']</arg>
<arg>10s</arg>
<doc>Waits until the element ``locator`` is visible.</doc>
<status status="PASS" start="2024-08-23T10:34:02.920907" elapsed="2.259184"/>
</kw>
<kw name="Click Element" owner="SeleniumLibrary">
<msg time="2024-08-23T10:34:05.180091" level="INFO">Clicking element '//span[@class='commonModal__close']'.</msg>
<arg>//span[@class='commonModal__close']</arg>
<doc>Click the element identified by ``locator``.</doc>
<status status="PASS" start="2024-08-23T10:34:05.180091" elapsed="0.501438"/>
</kw>
<status status="PASS" start="2024-08-23T10:33:55.007580" elapsed="10.673949"/>
</kw>
<kw name="Search Buses" owner="kw_customer">
<kw name="Split String" owner="String">
<msg time="2024-08-23T10:34:05.684364" level="INFO">${day} = today's</msg>
<msg time="2024-08-23T10:34:05.684364" level="INFO">${month} = date</msg>
<var>${day}</var>
<var>${month}</var>
<arg>${date}</arg>
<arg>${SPACE}</arg>
<doc>Splits the ``string`` using ``separator`` as a delimiter string.</doc>
<status status="PASS" start="2024-08-23T10:34:05.684364" elapsed="0.000000"/>
</kw>
<kw name="Wait Until Element Is Visible" owner="SeleniumLibrary">
<arg>//li[@class='menu_Buses']</arg>
<doc>Waits until the element ``locator`` is visible.</doc>
<status status="PASS" start="2024-08-23T10:34:05.684364" elapsed="0.181153"/>
</kw>
<kw name="Click Element" owner="SeleniumLibrary">
<msg time="2024-08-23T10:34:05.865517" level="INFO">Clicking element '//li[@class='menu_Buses']'.</msg>
<arg>//li[@class='menu_Buses']</arg>
<doc>Click the element identified by ``locator``.</doc>
<status status="PASS" start="2024-08-23T10:34:05.865517" elapsed="0.318920"/>
</kw>
<kw name="Wait Until Element Is Visible" owner="SeleniumLibrary">
<arg>fromCity</arg>
<arg>10s</arg>
<doc>Waits until the element ``locator`` is visible.</doc>
<status status="PASS" start="2024-08-23T10:34:06.184437" elapsed="0.658979"/>
</kw>
<kw name="Click Element" owner="SeleniumLibrary">
<msg time="2024-08-23T10:34:06.843416" level="INFO">Clicking element 'fromCity'.</msg>
<arg>fromCity</arg>
<doc>Click the element identified by ``locator``.</doc>
<status status="PASS" start="2024-08-23T10:34:06.843416" elapsed="0.353564"/>
</kw>
<kw name="Wait Until Element Is Visible" owner="SeleniumLibrary">
<arg>//input[contains(@placeholder,'From')]</arg>
<doc>Waits until the element ``locator`` is visible.</doc>
<status status="PASS" start="2024-08-23T10:34:07.196980" elapsed="0.385805"/>
</kw>
<kw name="Input Text" owner="SeleniumLibrary">
<msg time="2024-08-23T10:34:07.586520" level="INFO">Typing text 'Coimbatore' into text field '//input[contains(@placeholder,'From')]'.</msg>
<arg>//input[contains(@placeholder,'From')]</arg>
<arg>${fromcity}</arg>
<doc>Types the given ``text`` into the text field identified by ``locator``.</doc>
<status status="PASS" start="2024-08-23T10:34:07.582785" elapsed="0.525946"/>
</kw>
<kw name="Wait Until Element Is Visible" owner="SeleniumLibrary">
<arg>//div[contains(@class,'autosuggest')]//span[contains(text(),'${fromcity},')]</arg>
<doc>Waits until the element ``locator`` is visible.</doc>
<status status="PASS" start="2024-08-23T10:34:08.109815" elapsed="2.611908"/>
</kw>
<kw name="Click Element" owner="SeleniumLibrary">
<msg time="2024-08-23T10:34:10.721723" level="INFO">Clicking element '//div[contains(@class,'autosuggest')]//span[contains(text(),'Coimbatore,')]'.</msg>
<arg>//div[contains(@class,'autosuggest')]//span[contains(text(),'${fromcity},')]</arg>
<doc>Click the element identified by ``locator``.</doc>
<status status="PASS" start="2024-08-23T10:34:10.721723" elapsed="0.413045"/>
</kw>
<kw name="Run Keyword And Ignore Error" owner="BuiltIn">
<kw name="Click Element" owner="SeleniumLibrary">
<msg time="2024-08-23T10:34:11.142429" level="INFO">Clicking element 'toCity'.</msg>
<msg time="2024-08-23T10:34:12.784342" level="INFO" html="true">&lt;/td&gt;&lt;/tr&gt;&lt;tr&gt;&lt;td colspan="3"&gt;&lt;a href="selenium-screenshot-1.png"&gt;&lt;img src="selenium-screenshot-1.png" width="800px"&gt;&lt;/a&gt;</msg>
<msg time="2024-08-23T10:34:12.784342" level="FAIL">ElementClickInterceptedException: Message: element click intercepted: Element &lt;input id="toCity" data-cy="toCityVal" type="text" class="bussw_inputField font30 latoBlack" readonly="" value="Kanpur, Uttar Pradesh"&gt; is not clickable at point (818, 296). Other element would receive the click: &lt;input type="text" autocomplete="off" aria-autocomplete="list" aria-controls="react-autowhatever-1" class="react-autosuggest__input react-autosuggest__input--open react-autosuggest__input--focused" placeholder="To" title="To" value=""&gt;
  (Session info: chrome=127.0.6533.120)
Stacktrace:
	GetHandleVerifier [0x00007FF69B269642+30946]
	(No symbol) [0x00007FF69B21E3D9]
	(No symbol) [0x00007FF69B116FDA]
	(No symbol) [0x00007FF69B16FEEE]
	(No symbol) [0x00007FF69B16D962]
	(No symbol) [0x00007FF69B16AE7B]
	(No symbol) [0x00007FF69B16A095]
	(No symbol) [0x00007FF69B15C271]
	(No symbol) [0x00007FF69B18CA6A]
	(No symbol) [0x00007FF69B15BBB6]
	(No symbol) [0x00007FF69B18CC80]
	(No symbol) [0x00007FF69B1AB041]
	(No symbol) [0x00007FF69B18C813]
	(No symbol) [0x00007FF69B15A6E5]
	(No symbol) [0x00007FF69B15B021]
	GetHandleVerifier [0x00007FF69B39F84D+1301229]
	GetHandleVerifier [0x00007FF69B3ABDC7+1351783]
	GetHandleVerifier [0x00007FF69B3A2A13+1313971]
	GetHandleVerifier [0x00007FF69B29DD16+245686]
	(No symbol) [0x00007FF69B22759F]
	(No symbol) [0x00007FF69B223814]
	(No symbol) [0x00007FF69B2239A2]
	(No symbol) [0x00007FF69B21A3FF]
	BaseThreadInitThunk [0x00007FFBF962257D+29]
	RtlUserThreadStart [0x00007FFBFAC2AF28+40]
</msg>
<arg>toCity</arg>
<doc>Click the element identified by ``locator``.</doc>
<status status="FAIL" start="2024-08-23T10:34:11.141383" elapsed="1.824197">ElementClickInterceptedException: Message: element click intercepted: Element &lt;input id="toCity" data-cy="toCityVal" type="text" class="bussw_inputField font30 latoBlack" readonly="" value="Kanpur, Uttar Pradesh"&gt; is not clickable at point (818, 296). Other element would receive the click: &lt;input type="text" autocomplete="off" aria-autocomplete="list" aria-controls="react-autowhatever-1" class="react-autosuggest__input react-autosuggest__input--open react-autosuggest__input--focused" placeholder="To" title="To" value=""&gt;
  (Session info: chrome=127.0.6533.120)
Stacktrace:
	GetHandleVerifier [0x00007FF69B269642+30946]
	(No symbol) [0x00007FF69B21E3D9]
	(No symbol) [0x00007FF69B116FDA]
	(No symbol) [0x00007FF69B16FEEE]
	(No symbol) [0x00007FF69B16D962]
	(No symbol) [0x00007FF69B16AE7B]
	(No symbol) [0x00007FF69B16A095]
	(No symbol) [0x00007FF69B15C271]
	(No symbol) [0x00007FF69B18CA6A]
	(No symbol) [0x00007FF69B15BBB6]
	(No symbol) [0x00007FF69B18CC80]
	(No symbol) [0x00007FF69B1AB041]
	(No symbol) [0x00007FF69B18C813]
	(No symbol) [0x00007FF69B15A6E5]
	(No symbol) [0x00007FF69B15B021]
	GetHandleVerifier [0x00007FF69B39F84D+1301229]
	GetHandleVerifier [0x00007FF69B3ABDC7+1351783]
	GetHandleVerifier [0x00007FF69B3A2A13+1313971]
	GetHandleVerifier [0x00007FF69B29DD16+245686]
	(No symbol) [0x00007FF69B22759F]
	(No symbol) [0x00007FF69B223814]
	(No symbol) [0x00007FF69B2239A2]
	(No symbol) [0x00007FF69B21A3FF]
	BaseThreadInitThunk [0x00007FFBF962257D+29]
	RtlUserThreadStart [0x00007FFBFAC2AF28+40]
</status>
</kw>
<arg>Click Element</arg>
<arg>toCity</arg>
<doc>Runs the given keyword with the given arguments and ignores possible error.</doc>
<status status="PASS" start="2024-08-23T10:34:11.138555" elapsed="1.827025"/>
</kw>
<kw name="Wait Until Element Is Visible" owner="SeleniumLibrary">
<arg>//input[contains(@placeholder,'To')]</arg>
<doc>Waits until the element ``locator`` is visible.</doc>
<status status="PASS" start="2024-08-23T10:34:12.965580" elapsed="0.044853"/>
</kw>
<kw name="Input Text" owner="SeleniumLibrary">
<msg time="2024-08-23T10:34:13.010433" level="INFO">Typing text 'Trivandrum' into text field '//input[contains(@placeholder,'To')]'.</msg>
<arg>//input[contains(@placeholder,'To')]</arg>
<arg>${tocity}</arg>
<doc>Types the given ``text`` into the text field identified by ``locator``.</doc>
<status status="PASS" start="2024-08-23T10:34:13.010433" elapsed="0.224583"/>
</kw>
<kw name="Wait Until Element Is Visible" owner="SeleniumLibrary">
<arg>//div[contains(@class,'autosuggest')]//span[contains(text(),'(${tocity})')]</arg>
<doc>Waits until the element ``locator`` is visible.</doc>
<status status="PASS" start="2024-08-23T10:34:13.235016" elapsed="0.530020"/>
</kw>
<kw name="Click Element" owner="SeleniumLibrary">
<msg time="2024-08-23T10:34:13.766818" level="INFO">Clicking element '//div[contains(@class, 'autosuggest')]//span[contains(text(),'Trivandrum,') or contains(text(),'(Trivandrum),')]'.</msg>
<arg>//div[contains(@class, 'autosuggest')]//span[contains(text(),'${toCity},') or contains(text(),'(${toCity}),')]</arg>
<doc>Click the element identified by ``locator``.</doc>
<status status="PASS" start="2024-08-23T10:34:13.765556" elapsed="0.331257"/>
</kw>
<kw name="Run Keyword And Ignore Error" owner="BuiltIn">
<kw name="Click Element" owner="SeleniumLibrary">
<msg time="2024-08-23T10:34:14.101890" level="INFO">Clicking element 'travelDate'.</msg>
<msg time="2024-08-23T10:34:15.657704" level="INFO" html="true">&lt;/td&gt;&lt;/tr&gt;&lt;tr&gt;&lt;td colspan="3"&gt;&lt;a href="selenium-screenshot-2.png"&gt;&lt;img src="selenium-screenshot-2.png" width="800px"&gt;&lt;/a&gt;</msg>
<msg time="2024-08-23T10:34:15.658793" level="FAIL">ElementClickInterceptedException: Message: element click intercepted: Element &lt;input id="travelDate" type="text" data-cy="travelDateVal" class="bussw_inputField font20" readonly="" value=""&gt; is not clickable at point (1155, 293). Other element would receive the click: &lt;div class="calHeading makeFlex"&gt;...&lt;/div&gt;
  (Session info: chrome=127.0.6533.120)
Stacktrace:
	GetHandleVerifier [0x00007FF69B269642+30946]
	(No symbol) [0x00007FF69B21E3D9]
	(No symbol) [0x00007FF69B116FDA]
	(No symbol) [0x00007FF69B16FEEE]
	(No symbol) [0x00007FF69B16D962]
	(No symbol) [0x00007FF69B16AE7B]
	(No symbol) [0x00007FF69B16A095]
	(No symbol) [0x00007FF69B15C271]
	(No symbol) [0x00007FF69B18CA6A]
	(No symbol) [0x00007FF69B15BBB6]
	(No symbol) [0x00007FF69B18CC80]
	(No symbol) [0x00007FF69B1AB041]
	(No symbol) [0x00007FF69B18C813]
	(No symbol) [0x00007FF69B15A6E5]
	(No symbol) [0x00007FF69B15B021]
	GetHandleVerifier [0x00007FF69B39F84D+1301229]
	GetHandleVerifier [0x00007FF69B3ABDC7+1351783]
	GetHandleVerifier [0x00007FF69B3A2A13+1313971]
	GetHandleVerifier [0x00007FF69B29DD16+245686]
	(No symbol) [0x00007FF69B22759F]
	(No symbol) [0x00007FF69B223814]
	(No symbol) [0x00007FF69B2239A2]
	(No symbol) [0x00007FF69B21A3FF]
	BaseThreadInitThunk [0x00007FFBF962257D+29]
	RtlUserThreadStart [0x00007FFBFAC2AF28+40]
</msg>
<arg>travelDate</arg>
<doc>Click the element identified by ``locator``.</doc>
<status status="FAIL" start="2024-08-23T10:34:14.101890" elapsed="1.561853">ElementClickInterceptedException: Message: element click intercepted: Element &lt;input id="travelDate" type="text" data-cy="travelDateVal" class="bussw_inputField font20" readonly="" value=""&gt; is not clickable at point (1155, 293). Other element would receive the click: &lt;div class="calHeading makeFlex"&gt;...&lt;/div&gt;
  (Session info: chrome=127.0.6533.120)
Stacktrace:
	GetHandleVerifier [0x00007FF69B269642+30946]
	(No symbol) [0x00007FF69B21E3D9]
	(No symbol) [0x00007FF69B116FDA]
	(No symbol) [0x00007FF69B16FEEE]
	(No symbol) [0x00007FF69B16D962]
	(No symbol) [0x00007FF69B16AE7B]
	(No symbol) [0x00007FF69B16A095]
	(No symbol) [0x00007FF69B15C271]
	(No symbol) [0x00007FF69B18CA6A]
	(No symbol) [0x00007FF69B15BBB6]
	(No symbol) [0x00007FF69B18CC80]
	(No symbol) [0x00007FF69B1AB041]
	(No symbol) [0x00007FF69B18C813]
	(No symbol) [0x00007FF69B15A6E5]
	(No symbol) [0x00007FF69B15B021]
	GetHandleVerifier [0x00007FF69B39F84D+1301229]
	GetHandleVerifier [0x00007FF69B3ABDC7+1351783]
	GetHandleVerifier [0x00007FF69B3A2A13+1313971]
	GetHandleVerifier [0x00007FF69B29DD16+245686]
	(No symbol) [0x00007FF69B22759F]
	(No symbol) [0x00007FF69B223814]
	(No symbol) [0x00007FF69B2239A2]
	(No symbol) [0x00007FF69B21A3FF]
	BaseThreadInitThunk [0x00007FFBF962257D+29]
	RtlUserThreadStart [0x00007FFBFAC2AF28+40]
</status>
</kw>
<arg>Click Element</arg>
<arg>travelDate</arg>
<doc>Runs the given keyword with the given arguments and ignores possible error.</doc>
<status status="PASS" start="2024-08-23T10:34:14.100596" elapsed="1.563147"/>
</kw>
<kw name="Set Variable If" owner="BuiltIn">
<msg time="2024-08-23T10:34:15.666030" level="INFO">${datelocator} = //div[@class='DayPicker-Month']//div[@aria-selected='true']</msg>
<var>${datelocator}</var>
<arg>"${date}"=="today's date"</arg>
<arg>//div[@class='DayPicker-Month']//div[@aria-selected='true']</arg>
<arg>//div[contains(text(),${month})]/ancestor::div[@class='DayPicker-Month']//div[contains(text(),${day})]</arg>
<doc>Sets variable based on the given condition.</doc>
<status status="PASS" start="2024-08-23T10:34:15.663743" elapsed="0.002287"/>
</kw>
<kw name="Wait Until Element Is Visible" owner="SeleniumLibrary">
<arg>${datelocator}</arg>
<arg>10s</arg>
<doc>Waits until the element ``locator`` is visible.</doc>
<status status="PASS" start="2024-08-23T10:34:15.666573" elapsed="0.076162"/>
</kw>
<kw name="Click Element" owner="SeleniumLibrary">
<msg time="2024-08-23T10:34:15.742735" level="INFO">Clicking element '//div[@class='DayPicker-Month']//div[@aria-selected='true']'.</msg>
<arg>${datelocator}</arg>
<doc>Click the element identified by ``locator``.</doc>
<status status="PASS" start="2024-08-23T10:34:15.742735" elapsed="0.233009"/>
</kw>
<kw name="Click Element" owner="SeleniumLibrary">
<msg time="2024-08-23T10:34:15.979464" level="INFO">Clicking element 'search_button'.</msg>
<arg>search_button</arg>
<doc>Click the element identified by ``locator``.</doc>
<status status="PASS" start="2024-08-23T10:34:15.979464" elapsed="6.505938"/>
</kw>
<kw name="Wait Until Element Is Visible" owner="SeleniumLibrary">
<arg>//div[@class="busListingContainer"]//p[contains(text(),'found')]</arg>
<doc>Waits until the element ``locator`` is visible.</doc>
<status status="PASS" start="2024-08-23T10:34:22.488850" elapsed="0.043643"/>
</kw>
<arg>Coimbatore</arg>
<arg>Trivandrum</arg>
<status status="PASS" start="2024-08-23T10:34:05.684364" elapsed="16.848129"/>
</kw>
<kw name="Select Cheapest" owner="kw_customer">
<kw name="Click Element" owner="SeleniumLibrary">
<msg time="2024-08-23T10:34:22.534949" level="INFO">Clicking element 'toggle_buses'.</msg>
<arg>toggle_buses</arg>
<doc>Click the element identified by ``locator``.</doc>
<status status="PASS" start="2024-08-23T10:34:22.534949" elapsed="0.291326"/>
</kw>
<kw name="Get Element Count" owner="SeleniumLibrary">
<msg time="2024-08-23T10:34:22.855381" level="INFO">${Count} = 16</msg>
<var>${Count}</var>
<arg>//div[@class="busCardContainer "]</arg>
<doc>Returns the number of elements matching ``locator``.</doc>
<status status="PASS" start="2024-08-23T10:34:22.827457" elapsed="0.027924"/>
</kw>
<kw name="Click Element" owner="SeleniumLibrary">
<msg time="2024-08-23T10:34:22.855381" level="INFO">Clicking element '//div[@class="makeFlex hrtlCenter"]//li[contains(text(), 'Cheapest')]'.</msg>
<arg>//div[@class="makeFlex hrtlCenter"]//li[contains(text(), 'Cheapest')]</arg>
<doc>Click the element identified by ``locator``.</doc>
<status status="PASS" start="2024-08-23T10:34:22.855381" elapsed="0.172341"/>
</kw>
<status status="PASS" start="2024-08-23T10:34:22.534012" elapsed="0.493710"/>
</kw>
<kw name="Get All Bus Price and verify" owner="kw_customer">
<kw name="Create List" owner="BuiltIn">
<msg time="2024-08-23T10:34:23.032044" level="INFO">@{allBusPrice} = [ ]</msg>
<var>@{allBusPrice}</var>
<doc>Returns a list containing given items.</doc>
<status status="PASS" start="2024-08-23T10:34:23.027722" elapsed="0.004322"/>
</kw>
<kw name="Create List" owner="BuiltIn">
<msg time="2024-08-23T10:34:23.032558" level="INFO">@{allKsrtcPrices} = [ ]</msg>
<var>@{allKsrtcPrices}</var>
<doc>Returns a list containing given items.</doc>
<status status="PASS" start="2024-08-23T10:34:23.032558" elapsed="0.000000"/>
</kw>
<kw name="Create List" owner="BuiltIn">
<msg time="2024-08-23T10:34:23.034574" level="INFO">@{allPrivatePrices} = [ ]</msg>
<var>@{allPrivatePrices}</var>
<doc>Returns a list containing given items.</doc>
<status status="PASS" start="2024-08-23T10:34:23.032558" elapsed="0.002016"/>
</kw>
<kw name="Get Element Count" owner="SeleniumLibrary">
<msg time="2024-08-23T10:34:23.068037" level="INFO">${busCount} = 16</msg>
<var>${busCount}</var>
<arg>//div[@class="busCardContainer "]//span[@id="price"]</arg>
<doc>Returns the number of elements matching ``locator``.</doc>
<status status="PASS" start="2024-08-23T10:34:23.034574" elapsed="0.033463"/>
</kw>
<kw name="Evaluate" owner="BuiltIn">
<msg time="2024-08-23T10:34:23.068037" level="INFO">${busCount} = 17</msg>
<var>${busCount}</var>
<arg>$busCount+1</arg>
<doc>Evaluates the given expression in Python and returns the result.</doc>
<status status="PASS" start="2024-08-23T10:34:23.068037" elapsed="0.000000"/>
</kw>
<for flavor="IN RANGE">
<iter>
<kw name="Get Text" owner="SeleniumLibrary">
<msg time="2024-08-23T10:34:23.113954" level="INFO">${price} =  500</msg>
<var>${price}</var>
<arg>(//div[@class="busCardContainer "]//span[@id="price"])[${index}]</arg>
<doc>Returns the text value of the element identified by ``locator``.</doc>
<status status="PASS" start="2024-08-23T10:34:23.068037" elapsed="0.047330"/>
</kw>
<kw name="Evaluate" owner="BuiltIn">
<msg time="2024-08-23T10:34:23.116543" level="INFO">${price} =  500</msg>
<var>${price}</var>
<arg>"${price}".replace(',', '')</arg>
<doc>Evaluates the given expression in Python and returns the result.</doc>
<status status="PASS" start="2024-08-23T10:34:23.115367" elapsed="0.001176"/>
</kw>
<kw name="Convert To Integer" owner="BuiltIn">
<msg time="2024-08-23T10:34:23.116543" level="INFO">${price} = 500</msg>
<var>${price}</var>
<arg>${price}</arg>
<doc>Converts the given item to an integer number.</doc>
<status status="PASS" start="2024-08-23T10:34:23.116543" elapsed="0.000000"/>
</kw>
<kw name="Append To List" owner="Collections">
<arg>${allBusPrice}</arg>
<arg>${price}</arg>
<doc>Adds ``values`` to the end of ``list``.</doc>
<status status="PASS" start="2024-08-23T10:34:23.116543" elapsed="0.000000"/>
</kw>
<var name="${index}">1</var>
<status status="PASS" start="2024-08-23T10:34:23.068037" elapsed="0.048506"/>
</iter>
<iter>
<kw name="Get Text" owner="SeleniumLibrary">
<msg time="2024-08-23T10:34:23.158943" level="INFO">${price} =  500</msg>
<var>${price}</var>
<arg>(//div[@class="busCardContainer "]//span[@id="price"])[${index}]</arg>
<doc>Returns the text value of the element identified by ``locator``.</doc>
<status status="PASS" start="2024-08-23T10:34:23.119597" elapsed="0.039346"/>
</kw>
<kw name="Evaluate" owner="BuiltIn">
<msg time="2024-08-23T10:34:23.158943" level="INFO">${price} =  500</msg>
<var>${price}</var>
<arg>"${price}".replace(',', '')</arg>
<doc>Evaluates the given expression in Python and returns the result.</doc>
<status status="PASS" start="2024-08-23T10:34:23.158943" elapsed="0.000000"/>
</kw>
<kw name="Convert To Integer" owner="BuiltIn">
<msg time="2024-08-23T10:34:23.160157" level="INFO">${price} = 500</msg>
<var>${price}</var>
<arg>${price}</arg>
<doc>Converts the given item to an integer number.</doc>
<status status="PASS" start="2024-08-23T10:34:23.158943" elapsed="0.001214"/>
</kw>
<kw name="Append To List" owner="Collections">
<arg>${allBusPrice}</arg>
<arg>${price}</arg>
<doc>Adds ``values`` to the end of ``list``.</doc>
<status status="PASS" start="2024-08-23T10:34:23.160157" elapsed="0.000000"/>
</kw>
<var name="${index}">2</var>
<status status="PASS" start="2024-08-23T10:34:23.116543" elapsed="0.043614"/>
</iter>
<iter>
<kw name="Get Text" owner="SeleniumLibrary">
<msg time="2024-08-23T10:34:23.191904" level="INFO">${price} =  500</msg>
<var>${price}</var>
<arg>(//div[@class="busCardContainer "]//span[@id="price"])[${index}]</arg>
<doc>Returns the text value of the element identified by ``locator``.</doc>
<status status="PASS" start="2024-08-23T10:34:23.160157" elapsed="0.031747"/>
</kw>
<kw name="Evaluate" owner="BuiltIn">
<msg time="2024-08-23T10:34:23.192920" level="INFO">${price} =  500</msg>
<var>${price}</var>
<arg>"${price}".replace(',', '')</arg>
<doc>Evaluates the given expression in Python and returns the result.</doc>
<status status="PASS" start="2024-08-23T10:34:23.191904" elapsed="0.001016"/>
</kw>
<kw name="Convert To Integer" owner="BuiltIn">
<msg time="2024-08-23T10:34:23.192920" level="INFO">${price} = 500</msg>
<var>${price}</var>
<arg>${price}</arg>
<doc>Converts the given item to an integer number.</doc>
<status status="PASS" start="2024-08-23T10:34:23.192920" elapsed="0.000000"/>
</kw>
<kw name="Append To List" owner="Collections">
<arg>${allBusPrice}</arg>
<arg>${price}</arg>
<doc>Adds ``values`` to the end of ``list``.</doc>
<status status="PASS" start="2024-08-23T10:34:23.192920" elapsed="0.000000"/>
</kw>
<var name="${index}">3</var>
<status status="PASS" start="2024-08-23T10:34:23.160157" elapsed="0.032763"/>
</iter>
<iter>
<kw name="Get Text" owner="SeleniumLibrary">
<msg time="2024-08-23T10:34:23.221860" level="INFO">${price} =  500</msg>
<var>${price}</var>
<arg>(//div[@class="busCardContainer "]//span[@id="price"])[${index}]</arg>
<doc>Returns the text value of the element identified by ``locator``.</doc>
<status status="PASS" start="2024-08-23T10:34:23.192920" elapsed="0.028940"/>
</kw>
<kw name="Evaluate" owner="BuiltIn">
<msg time="2024-08-23T10:34:23.223875" level="INFO">${price} =  500</msg>
<var>${price}</var>
<arg>"${price}".replace(',', '')</arg>
<doc>Evaluates the given expression in Python and returns the result.</doc>
<status status="PASS" start="2024-08-23T10:34:23.223875" elapsed="0.000000"/>
</kw>
<kw name="Convert To Integer" owner="BuiltIn">
<msg time="2024-08-23T10:34:23.223875" level="INFO">${price} = 500</msg>
<var>${price}</var>
<arg>${price}</arg>
<doc>Converts the given item to an integer number.</doc>
<status status="PASS" start="2024-08-23T10:34:23.223875" elapsed="0.000000"/>
</kw>
<kw name="Append To List" owner="Collections">
<arg>${allBusPrice}</arg>
<arg>${price}</arg>
<doc>Adds ``values`` to the end of ``list``.</doc>
<status status="PASS" start="2024-08-23T10:34:23.223875" elapsed="0.002124"/>
</kw>
<var name="${index}">4</var>
<status status="PASS" start="2024-08-23T10:34:23.192920" elapsed="0.033079"/>
</iter>
<iter>
<kw name="Get Text" owner="SeleniumLibrary">
<msg time="2024-08-23T10:34:23.263472" level="INFO">${price} =  500</msg>
<var>${price}</var>
<arg>(//div[@class="busCardContainer "]//span[@id="price"])[${index}]</arg>
<doc>Returns the text value of the element identified by ``locator``.</doc>
<status status="PASS" start="2024-08-23T10:34:23.225999" elapsed="0.038022"/>
</kw>
<kw name="Evaluate" owner="BuiltIn">
<msg time="2024-08-23T10:34:23.264021" level="INFO">${price} =  500</msg>
<var>${price}</var>
<arg>"${price}".replace(',', '')</arg>
<doc>Evaluates the given expression in Python and returns the result.</doc>
<status status="PASS" start="2024-08-23T10:34:23.264021" elapsed="0.000000"/>
</kw>
<kw name="Convert To Integer" owner="BuiltIn">
<msg time="2024-08-23T10:34:23.264021" level="INFO">${price} = 500</msg>
<var>${price}</var>
<arg>${price}</arg>
<doc>Converts the given item to an integer number.</doc>
<status status="PASS" start="2024-08-23T10:34:23.264021" elapsed="0.000000"/>
</kw>
<kw name="Append To List" owner="Collections">
<arg>${allBusPrice}</arg>
<arg>${price}</arg>
<doc>Adds ``values`` to the end of ``list``.</doc>
<status status="PASS" start="2024-08-23T10:34:23.264021" elapsed="0.000000"/>
</kw>
<var name="${index}">5</var>
<status status="PASS" start="2024-08-23T10:34:23.225999" elapsed="0.038022"/>
</iter>
<iter>
<kw name="Get Text" owner="SeleniumLibrary">
<msg time="2024-08-23T10:34:23.297960" level="INFO">${price} =  500</msg>
<var>${price}</var>
<arg>(//div[@class="busCardContainer "]//span[@id="price"])[${index}]</arg>
<doc>Returns the text value of the element identified by ``locator``.</doc>
<status status="PASS" start="2024-08-23T10:34:23.264021" elapsed="0.033939"/>
</kw>
<kw name="Evaluate" owner="BuiltIn">
<msg time="2024-08-23T10:34:23.299624" level="INFO">${price} =  500</msg>
<var>${price}</var>
<arg>"${price}".replace(',', '')</arg>
<doc>Evaluates the given expression in Python and returns the result.</doc>
<status status="PASS" start="2024-08-23T10:34:23.299624" elapsed="0.000000"/>
</kw>
<kw name="Convert To Integer" owner="BuiltIn">
<msg time="2024-08-23T10:34:23.300837" level="INFO">${price} = 500</msg>
<var>${price}</var>
<arg>${price}</arg>
<doc>Converts the given item to an integer number.</doc>
<status status="PASS" start="2024-08-23T10:34:23.300837" elapsed="0.000000"/>
</kw>
<kw name="Append To List" owner="Collections">
<arg>${allBusPrice}</arg>
<arg>${price}</arg>
<doc>Adds ``values`` to the end of ``list``.</doc>
<status status="PASS" start="2024-08-23T10:34:23.300837" elapsed="0.000000"/>
</kw>
<var name="${index}">6</var>
<status status="PASS" start="2024-08-23T10:34:23.264021" elapsed="0.036816"/>
</iter>
<iter>
<kw name="Get Text" owner="SeleniumLibrary">
<msg time="2024-08-23T10:34:23.337779" level="INFO">${price} =  500</msg>
<var>${price}</var>
<arg>(//div[@class="busCardContainer "]//span[@id="price"])[${index}]</arg>
<doc>Returns the text value of the element identified by ``locator``.</doc>
<status status="PASS" start="2024-08-23T10:34:23.300837" elapsed="0.036942"/>
</kw>
<kw name="Evaluate" owner="BuiltIn">
<msg time="2024-08-23T10:34:23.337779" level="INFO">${price} =  500</msg>
<var>${price}</var>
<arg>"${price}".replace(',', '')</arg>
<doc>Evaluates the given expression in Python and returns the result.</doc>
<status status="PASS" start="2024-08-23T10:34:23.337779" elapsed="0.000000"/>
</kw>
<kw name="Convert To Integer" owner="BuiltIn">
<msg time="2024-08-23T10:34:23.337779" level="INFO">${price} = 500</msg>
<var>${price}</var>
<arg>${price}</arg>
<doc>Converts the given item to an integer number.</doc>
<status status="PASS" start="2024-08-23T10:34:23.337779" elapsed="0.000000"/>
</kw>
<kw name="Append To List" owner="Collections">
<arg>${allBusPrice}</arg>
<arg>${price}</arg>
<doc>Adds ``values`` to the end of ``list``.</doc>
<status status="PASS" start="2024-08-23T10:34:23.337779" elapsed="0.000000"/>
</kw>
<var name="${index}">7</var>
<status status="PASS" start="2024-08-23T10:34:23.300837" elapsed="0.036942"/>
</iter>
<iter>
<kw name="Get Text" owner="SeleniumLibrary">
<msg time="2024-08-23T10:34:23.420527" level="INFO">${price} =  1,725</msg>
<var>${price}</var>
<arg>(//div[@class="busCardContainer "]//span[@id="price"])[${index}]</arg>
<doc>Returns the text value of the element identified by ``locator``.</doc>
<status status="PASS" start="2024-08-23T10:34:23.337779" elapsed="0.082748"/>
</kw>
<kw name="Evaluate" owner="BuiltIn">
<msg time="2024-08-23T10:34:23.420527" level="INFO">${price} =  1725</msg>
<var>${price}</var>
<arg>"${price}".replace(',', '')</arg>
<doc>Evaluates the given expression in Python and returns the result.</doc>
<status status="PASS" start="2024-08-23T10:34:23.420527" elapsed="0.000000"/>
</kw>
<kw name="Convert To Integer" owner="BuiltIn">
<msg time="2024-08-23T10:34:23.420527" level="INFO">${price} = 1725</msg>
<var>${price}</var>
<arg>${price}</arg>
<doc>Converts the given item to an integer number.</doc>
<status status="PASS" start="2024-08-23T10:34:23.420527" elapsed="0.000000"/>
</kw>
<kw name="Append To List" owner="Collections">
<arg>${allBusPrice}</arg>
<arg>${price}</arg>
<doc>Adds ``values`` to the end of ``list``.</doc>
<status status="PASS" start="2024-08-23T10:34:23.420527" elapsed="0.000000"/>
</kw>
<var name="${index}">8</var>
<status status="PASS" start="2024-08-23T10:34:23.337779" elapsed="0.082748"/>
</iter>
<iter>
<kw name="Get Text" owner="SeleniumLibrary">
<msg time="2024-08-23T10:34:23.522311" level="INFO">${price} =  2,289</msg>
<var>${price}</var>
<arg>(//div[@class="busCardContainer "]//span[@id="price"])[${index}]</arg>
<doc>Returns the text value of the element identified by ``locator``.</doc>
<status status="PASS" start="2024-08-23T10:34:23.428772" elapsed="0.093539"/>
</kw>
<kw name="Evaluate" owner="BuiltIn">
<msg time="2024-08-23T10:34:23.525622" level="INFO">${price} =  2289</msg>
<var>${price}</var>
<arg>"${price}".replace(',', '')</arg>
<doc>Evaluates the given expression in Python and returns the result.</doc>
<status status="PASS" start="2024-08-23T10:34:23.522311" elapsed="0.003311"/>
</kw>
<kw name="Convert To Integer" owner="BuiltIn">
<msg time="2024-08-23T10:34:23.525622" level="INFO">${price} = 2289</msg>
<var>${price}</var>
<arg>${price}</arg>
<doc>Converts the given item to an integer number.</doc>
<status status="PASS" start="2024-08-23T10:34:23.525622" elapsed="0.000000"/>
</kw>
<kw name="Append To List" owner="Collections">
<arg>${allBusPrice}</arg>
<arg>${price}</arg>
<doc>Adds ``values`` to the end of ``list``.</doc>
<status status="PASS" start="2024-08-23T10:34:23.525622" elapsed="0.000000"/>
</kw>
<var name="${index}">9</var>
<status status="PASS" start="2024-08-23T10:34:23.420527" elapsed="0.105095"/>
</iter>
<iter>
<kw name="Get Text" owner="SeleniumLibrary">
<msg time="2024-08-23T10:34:23.592940" level="INFO">${price} =  650</msg>
<var>${price}</var>
<arg>(//div[@class="busCardContainer "]//span[@id="price"])[${index}]</arg>
<doc>Returns the text value of the element identified by ``locator``.</doc>
<status status="PASS" start="2024-08-23T10:34:23.530640" elapsed="0.062300"/>
</kw>
<kw name="Evaluate" owner="BuiltIn">
<msg time="2024-08-23T10:34:23.594493" level="INFO">${price} =  650</msg>
<var>${price}</var>
<arg>"${price}".replace(',', '')</arg>
<doc>Evaluates the given expression in Python and returns the result.</doc>
<status status="PASS" start="2024-08-23T10:34:23.593959" elapsed="0.000534"/>
</kw>
<kw name="Convert To Integer" owner="BuiltIn">
<msg time="2024-08-23T10:34:23.594493" level="INFO">${price} = 650</msg>
<var>${price}</var>
<arg>${price}</arg>
<doc>Converts the given item to an integer number.</doc>
<status status="PASS" start="2024-08-23T10:34:23.594493" elapsed="0.000000"/>
</kw>
<kw name="Append To List" owner="Collections">
<arg>${allBusPrice}</arg>
<arg>${price}</arg>
<doc>Adds ``values`` to the end of ``list``.</doc>
<status status="PASS" start="2024-08-23T10:34:23.594493" elapsed="0.000000"/>
</kw>
<var name="${index}">10</var>
<status status="PASS" start="2024-08-23T10:34:23.525622" elapsed="0.068871"/>
</iter>
<iter>
<kw name="Get Text" owner="SeleniumLibrary">
<msg time="2024-08-23T10:34:23.636741" level="INFO">${price} =  750</msg>
<var>${price}</var>
<arg>(//div[@class="busCardContainer "]//span[@id="price"])[${index}]</arg>
<doc>Returns the text value of the element identified by ``locator``.</doc>
<status status="PASS" start="2024-08-23T10:34:23.596686" elapsed="0.040055"/>
</kw>
<kw name="Evaluate" owner="BuiltIn">
<msg time="2024-08-23T10:34:23.636741" level="INFO">${price} =  750</msg>
<var>${price}</var>
<arg>"${price}".replace(',', '')</arg>
<doc>Evaluates the given expression in Python and returns the result.</doc>
<status status="PASS" start="2024-08-23T10:34:23.636741" elapsed="0.000000"/>
</kw>
<kw name="Convert To Integer" owner="BuiltIn">
<msg time="2024-08-23T10:34:23.636741" level="INFO">${price} = 750</msg>
<var>${price}</var>
<arg>${price}</arg>
<doc>Converts the given item to an integer number.</doc>
<status status="PASS" start="2024-08-23T10:34:23.636741" elapsed="0.000000"/>
</kw>
<kw name="Append To List" owner="Collections">
<arg>${allBusPrice}</arg>
<arg>${price}</arg>
<doc>Adds ``values`` to the end of ``list``.</doc>
<status status="PASS" start="2024-08-23T10:34:23.636741" elapsed="0.000000"/>
</kw>
<var name="${index}">11</var>
<status status="PASS" start="2024-08-23T10:34:23.596686" elapsed="0.040055"/>
</iter>
<iter>
<kw name="Get Text" owner="SeleniumLibrary">
<msg time="2024-08-23T10:34:23.674867" level="INFO">${price} =  800</msg>
<var>${price}</var>
<arg>(//div[@class="busCardContainer "]//span[@id="price"])[${index}]</arg>
<doc>Returns the text value of the element identified by ``locator``.</doc>
<status status="PASS" start="2024-08-23T10:34:23.636741" elapsed="0.038126"/>
</kw>
<kw name="Evaluate" owner="BuiltIn">
<msg time="2024-08-23T10:34:23.675912" level="INFO">${price} =  800</msg>
<var>${price}</var>
<arg>"${price}".replace(',', '')</arg>
<doc>Evaluates the given expression in Python and returns the result.</doc>
<status status="PASS" start="2024-08-23T10:34:23.674867" elapsed="0.001559"/>
</kw>
<kw name="Convert To Integer" owner="BuiltIn">
<msg time="2024-08-23T10:34:23.676426" level="INFO">${price} = 800</msg>
<var>${price}</var>
<arg>${price}</arg>
<doc>Converts the given item to an integer number.</doc>
<status status="PASS" start="2024-08-23T10:34:23.676426" elapsed="0.000000"/>
</kw>
<kw name="Append To List" owner="Collections">
<arg>${allBusPrice}</arg>
<arg>${price}</arg>
<doc>Adds ``values`` to the end of ``list``.</doc>
<status status="PASS" start="2024-08-23T10:34:23.676426" elapsed="0.000000"/>
</kw>
<var name="${index}">12</var>
<status status="PASS" start="2024-08-23T10:34:23.636741" elapsed="0.039685"/>
</iter>
<iter>
<kw name="Get Text" owner="SeleniumLibrary">
<msg time="2024-08-23T10:34:23.709488" level="INFO">${price} =  830</msg>
<var>${price}</var>
<arg>(//div[@class="busCardContainer "]//span[@id="price"])[${index}]</arg>
<doc>Returns the text value of the element identified by ``locator``.</doc>
<status status="PASS" start="2024-08-23T10:34:23.678485" elapsed="0.031003"/>
</kw>
<kw name="Evaluate" owner="BuiltIn">
<msg time="2024-08-23T10:34:23.709488" level="INFO">${price} =  830</msg>
<var>${price}</var>
<arg>"${price}".replace(',', '')</arg>
<doc>Evaluates the given expression in Python and returns the result.</doc>
<status status="PASS" start="2024-08-23T10:34:23.709488" elapsed="0.000000"/>
</kw>
<kw name="Convert To Integer" owner="BuiltIn">
<msg time="2024-08-23T10:34:23.714088" level="INFO">${price} = 830</msg>
<var>${price}</var>
<arg>${price}</arg>
<doc>Converts the given item to an integer number.</doc>
<status status="PASS" start="2024-08-23T10:34:23.713581" elapsed="0.000507"/>
</kw>
<kw name="Append To List" owner="Collections">
<arg>${allBusPrice}</arg>
<arg>${price}</arg>
<doc>Adds ``values`` to the end of ``list``.</doc>
<status status="PASS" start="2024-08-23T10:34:23.714088" elapsed="0.000000"/>
</kw>
<var name="${index}">13</var>
<status status="PASS" start="2024-08-23T10:34:23.678485" elapsed="0.035603"/>
</iter>
<iter>
<kw name="Get Text" owner="SeleniumLibrary">
<msg time="2024-08-23T10:34:23.747656" level="INFO">${price} =  1,000</msg>
<var>${price}</var>
<arg>(//div[@class="busCardContainer "]//span[@id="price"])[${index}]</arg>
<doc>Returns the text value of the element identified by ``locator``.</doc>
<status status="PASS" start="2024-08-23T10:34:23.714088" elapsed="0.033568"/>
</kw>
<kw name="Evaluate" owner="BuiltIn">
<msg time="2024-08-23T10:34:23.747656" level="INFO">${price} =  1000</msg>
<var>${price}</var>
<arg>"${price}".replace(',', '')</arg>
<doc>Evaluates the given expression in Python and returns the result.</doc>
<status status="PASS" start="2024-08-23T10:34:23.747656" elapsed="0.000000"/>
</kw>
<kw name="Convert To Integer" owner="BuiltIn">
<msg time="2024-08-23T10:34:23.747656" level="INFO">${price} = 1000</msg>
<var>${price}</var>
<arg>${price}</arg>
<doc>Converts the given item to an integer number.</doc>
<status status="PASS" start="2024-08-23T10:34:23.747656" elapsed="0.000000"/>
</kw>
<kw name="Append To List" owner="Collections">
<arg>${allBusPrice}</arg>
<arg>${price}</arg>
<doc>Adds ``values`` to the end of ``list``.</doc>
<status status="PASS" start="2024-08-23T10:34:23.747656" elapsed="0.000000"/>
</kw>
<var name="${index}">14</var>
<status status="PASS" start="2024-08-23T10:34:23.714088" elapsed="0.033568"/>
</iter>
<iter>
<kw name="Get Text" owner="SeleniumLibrary">
<msg time="2024-08-23T10:34:23.783176" level="INFO">${price} =  1,199</msg>
<var>${price}</var>
<arg>(//div[@class="busCardContainer "]//span[@id="price"])[${index}]</arg>
<doc>Returns the text value of the element identified by ``locator``.</doc>
<status status="PASS" start="2024-08-23T10:34:23.747656" elapsed="0.035520"/>
</kw>
<kw name="Evaluate" owner="BuiltIn">
<msg time="2024-08-23T10:34:23.784193" level="INFO">${price} =  1199</msg>
<var>${price}</var>
<arg>"${price}".replace(',', '')</arg>
<doc>Evaluates the given expression in Python and returns the result.</doc>
<status status="PASS" start="2024-08-23T10:34:23.784193" elapsed="0.000000"/>
</kw>
<kw name="Convert To Integer" owner="BuiltIn">
<msg time="2024-08-23T10:34:23.784193" level="INFO">${price} = 1199</msg>
<var>${price}</var>
<arg>${price}</arg>
<doc>Converts the given item to an integer number.</doc>
<status status="PASS" start="2024-08-23T10:34:23.784193" elapsed="0.000000"/>
</kw>
<kw name="Append To List" owner="Collections">
<arg>${allBusPrice}</arg>
<arg>${price}</arg>
<doc>Adds ``values`` to the end of ``list``.</doc>
<status status="PASS" start="2024-08-23T10:34:23.784193" elapsed="0.000000"/>
</kw>
<var name="${index}">15</var>
<status status="PASS" start="2024-08-23T10:34:23.747656" elapsed="0.036537"/>
</iter>
<iter>
<kw name="Get Text" owner="SeleniumLibrary">
<msg time="2024-08-23T10:34:23.816507" level="INFO">${price} =  1,350</msg>
<var>${price}</var>
<arg>(//div[@class="busCardContainer "]//span[@id="price"])[${index}]</arg>
<doc>Returns the text value of the element identified by ``locator``.</doc>
<status status="PASS" start="2024-08-23T10:34:23.784193" elapsed="0.032314"/>
</kw>
<kw name="Evaluate" owner="BuiltIn">
<msg time="2024-08-23T10:34:23.817020" level="INFO">${price} =  1350</msg>
<var>${price}</var>
<arg>"${price}".replace(',', '')</arg>
<doc>Evaluates the given expression in Python and returns the result.</doc>
<status status="PASS" start="2024-08-23T10:34:23.817020" elapsed="0.000000"/>
</kw>
<kw name="Convert To Integer" owner="BuiltIn">
<msg time="2024-08-23T10:34:23.817020" level="INFO">${price} = 1350</msg>
<var>${price}</var>
<arg>${price}</arg>
<doc>Converts the given item to an integer number.</doc>
<status status="PASS" start="2024-08-23T10:34:23.817020" elapsed="0.000000"/>
</kw>
<kw name="Append To List" owner="Collections">
<arg>${allBusPrice}</arg>
<arg>${price}</arg>
<doc>Adds ``values`` to the end of ``list``.</doc>
<status status="PASS" start="2024-08-23T10:34:23.817020" elapsed="0.000000"/>
</kw>
<var name="${index}">16</var>
<status status="PASS" start="2024-08-23T10:34:23.784193" elapsed="0.032827"/>
</iter>
<var>${index}</var>
<value>1</value>
<value>${busCount}</value>
<status status="PASS" start="2024-08-23T10:34:23.068037" elapsed="0.748983"/>
</for>
<for flavor="IN RANGE">
<iter>
<kw name="Get Text" owner="SeleniumLibrary">
<msg time="2024-08-23T10:34:23.845508" level="INFO">${busName} = KSRTC (Kerala) - 621</msg>
<var>${busName}</var>
<arg>(//p[contains(@class, 'latoBold blackText')])[${index}]</arg>
<doc>Returns the text value of the element identified by ``locator``.</doc>
<status status="PASS" start="2024-08-23T10:34:23.817020" elapsed="0.028488"/>
</kw>
<kw name="Get Text" owner="SeleniumLibrary">
<msg time="2024-08-23T10:34:23.870243" level="INFO">${price} =  500</msg>
<var>${price}</var>
<arg>(//div[@class="busCardContainer "]//span[@id="price"])[${index}]</arg>
<doc>Returns the text value of the element identified by ``locator``.</doc>
<status status="PASS" start="2024-08-23T10:34:23.845508" elapsed="0.026093"/>
</kw>
<kw name="Evaluate" owner="BuiltIn">
<msg time="2024-08-23T10:34:23.872115" level="INFO">${price} =  500</msg>
<var>${price}</var>
<arg>"${price}".replace(',', '')</arg>
<doc>Evaluates the given expression in Python and returns the result.</doc>
<status status="PASS" start="2024-08-23T10:34:23.871601" elapsed="0.000514"/>
</kw>
<kw name="Convert To Integer" owner="BuiltIn">
<msg time="2024-08-23T10:34:23.872115" level="INFO">${intprice} = 500</msg>
<var>${intprice}</var>
<arg>${price}</arg>
<doc>Converts the given item to an integer number.</doc>
<status status="PASS" start="2024-08-23T10:34:23.872115" elapsed="0.000000"/>
</kw>
<kw name="Evaluate" owner="BuiltIn">
<msg time="2024-08-23T10:34:23.872115" level="INFO">${found} = True</msg>
<var>${found}</var>
<arg>'KSRTC' in '${busName}'</arg>
<doc>Evaluates the given expression in Python and returns the result.</doc>
<status status="PASS" start="2024-08-23T10:34:23.872115" elapsed="0.000000"/>
</kw>
<if>
<branch type="IF" condition="${found}">
<kw name="Append To List" owner="Collections">
<arg>${allKsrtcPrices}</arg>
<arg>${intprice}</arg>
<doc>Adds ``values`` to the end of ``list``.</doc>
<status status="PASS" start="2024-08-23T10:34:23.872115" elapsed="0.000000"/>
</kw>
<status status="PASS" start="2024-08-23T10:34:23.872115" elapsed="0.000000"/>
</branch>
<branch type="ELSE">
<kw name="Append To List" owner="Collections">
<arg>${allPrivatePrices}</arg>
<arg>${intprice}</arg>
<doc>Adds ``values`` to the end of ``list``.</doc>
<status status="NOT RUN" start="2024-08-23T10:34:23.872115" elapsed="0.000000"/>
</kw>
<status status="NOT RUN" start="2024-08-23T10:34:23.872115" elapsed="0.000000"/>
</branch>
<status status="PASS" start="2024-08-23T10:34:23.872115" elapsed="0.000000"/>
</if>
<var name="${index}">1</var>
<status status="PASS" start="2024-08-23T10:34:23.817020" elapsed="0.055095"/>
</iter>
<iter>
<kw name="Get Text" owner="SeleniumLibrary">
<msg time="2024-08-23T10:34:23.903879" level="INFO">${busName} = KSRTC (Kerala) - 1996</msg>
<var>${busName}</var>
<arg>(//p[contains(@class, 'latoBold blackText')])[${index}]</arg>
<doc>Returns the text value of the element identified by ``locator``.</doc>
<status status="PASS" start="2024-08-23T10:34:23.872115" elapsed="0.031764"/>
</kw>
<kw name="Get Text" owner="SeleniumLibrary">
<msg time="2024-08-23T10:34:23.933114" level="INFO">${price} =  500</msg>
<var>${price}</var>
<arg>(//div[@class="busCardContainer "]//span[@id="price"])[${index}]</arg>
<doc>Returns the text value of the element identified by ``locator``.</doc>
<status status="PASS" start="2024-08-23T10:34:23.903879" elapsed="0.029235"/>
</kw>
<kw name="Evaluate" owner="BuiltIn">
<msg time="2024-08-23T10:34:23.934284" level="INFO">${price} =  500</msg>
<var>${price}</var>
<arg>"${price}".replace(',', '')</arg>
<doc>Evaluates the given expression in Python and returns the result.</doc>
<status status="PASS" start="2024-08-23T10:34:23.933114" elapsed="0.001170"/>
</kw>
<kw name="Convert To Integer" owner="BuiltIn">
<msg time="2024-08-23T10:34:23.934284" level="INFO">${intprice} = 500</msg>
<var>${intprice}</var>
<arg>${price}</arg>
<doc>Converts the given item to an integer number.</doc>
<status status="PASS" start="2024-08-23T10:34:23.934284" elapsed="0.000000"/>
</kw>
<kw name="Evaluate" owner="BuiltIn">
<msg time="2024-08-23T10:34:23.935748" level="INFO">${found} = True</msg>
<var>${found}</var>
<arg>'KSRTC' in '${busName}'</arg>
<doc>Evaluates the given expression in Python and returns the result.</doc>
<status status="PASS" start="2024-08-23T10:34:23.935748" elapsed="0.000000"/>
</kw>
<if>
<branch type="IF" condition="${found}">
<kw name="Append To List" owner="Collections">
<arg>${allKsrtcPrices}</arg>
<arg>${intprice}</arg>
<doc>Adds ``values`` to the end of ``list``.</doc>
<status status="PASS" start="2024-08-23T10:34:23.936967" elapsed="0.000000"/>
</kw>
<status status="PASS" start="2024-08-23T10:34:23.936811" elapsed="0.000156"/>
</branch>
<branch type="ELSE">
<kw name="Append To List" owner="Collections">
<arg>${allPrivatePrices}</arg>
<arg>${intprice}</arg>
<doc>Adds ``values`` to the end of ``list``.</doc>
<status status="NOT RUN" start="2024-08-23T10:34:23.936967" elapsed="0.000000"/>
</kw>
<status status="NOT RUN" start="2024-08-23T10:34:23.936967" elapsed="0.000000"/>
</branch>
<status status="PASS" start="2024-08-23T10:34:23.935748" elapsed="0.001219"/>
</if>
<var name="${index}">2</var>
<status status="PASS" start="2024-08-23T10:34:23.872115" elapsed="0.064852"/>
</iter>
<iter>
<kw name="Get Text" owner="SeleniumLibrary">
<msg time="2024-08-23T10:34:23.982678" level="INFO">${busName} = KSRTC (Kerala) - 623</msg>
<var>${busName}</var>
<arg>(//p[contains(@class, 'latoBold blackText')])[${index}]</arg>
<doc>Returns the text value of the element identified by ``locator``.</doc>
<status status="PASS" start="2024-08-23T10:34:23.936967" elapsed="0.045711"/>
</kw>
<kw name="Get Text" owner="SeleniumLibrary">
<msg time="2024-08-23T10:34:24.026938" level="INFO">${price} =  500</msg>
<var>${price}</var>
<arg>(//div[@class="busCardContainer "]//span[@id="price"])[${index}]</arg>
<doc>Returns the text value of the element identified by ``locator``.</doc>
<status status="PASS" start="2024-08-23T10:34:23.987155" elapsed="0.039783"/>
</kw>
<kw name="Evaluate" owner="BuiltIn">
<msg time="2024-08-23T10:34:24.028075" level="INFO">${price} =  500</msg>
<var>${price}</var>
<arg>"${price}".replace(',', '')</arg>
<doc>Evaluates the given expression in Python and returns the result.</doc>
<status status="PASS" start="2024-08-23T10:34:24.026938" elapsed="0.001137"/>
</kw>
<kw name="Convert To Integer" owner="BuiltIn">
<msg time="2024-08-23T10:34:24.028075" level="INFO">${intprice} = 500</msg>
<var>${intprice}</var>
<arg>${price}</arg>
<doc>Converts the given item to an integer number.</doc>
<status status="PASS" start="2024-08-23T10:34:24.028075" elapsed="0.001254"/>
</kw>
<kw name="Evaluate" owner="BuiltIn">
<msg time="2024-08-23T10:34:24.029329" level="INFO">${found} = True</msg>
<var>${found}</var>
<arg>'KSRTC' in '${busName}'</arg>
<doc>Evaluates the given expression in Python and returns the result.</doc>
<status status="PASS" start="2024-08-23T10:34:24.029329" elapsed="0.000000"/>
</kw>
<if>
<branch type="IF" condition="${found}">
<kw name="Append To List" owner="Collections">
<arg>${allKsrtcPrices}</arg>
<arg>${intprice}</arg>
<doc>Adds ``values`` to the end of ``list``.</doc>
<status status="PASS" start="2024-08-23T10:34:24.029329" elapsed="0.000000"/>
</kw>
<status status="PASS" start="2024-08-23T10:34:24.029329" elapsed="0.000000"/>
</branch>
<branch type="ELSE">
<kw name="Append To List" owner="Collections">
<arg>${allPrivatePrices}</arg>
<arg>${intprice}</arg>
<doc>Adds ``values`` to the end of ``list``.</doc>
<status status="NOT RUN" start="2024-08-23T10:34:24.029329" elapsed="0.000000"/>
</kw>
<status status="NOT RUN" start="2024-08-23T10:34:24.029329" elapsed="0.000000"/>
</branch>
<status status="PASS" start="2024-08-23T10:34:24.029329" elapsed="0.000000"/>
</if>
<var name="${index}">3</var>
<status status="PASS" start="2024-08-23T10:34:23.936967" elapsed="0.092362"/>
</iter>
<iter>
<kw name="Get Text" owner="SeleniumLibrary">
<msg time="2024-08-23T10:34:24.145388" level="INFO">${busName} = KSRTC (Kerala) - 624</msg>
<var>${busName}</var>
<arg>(//p[contains(@class, 'latoBold blackText')])[${index}]</arg>
<doc>Returns the text value of the element identified by ``locator``.</doc>
<status status="PASS" start="2024-08-23T10:34:24.033345" elapsed="0.114716"/>
</kw>
<kw name="Get Text" owner="SeleniumLibrary">
<msg time="2024-08-23T10:34:24.193103" level="INFO">${price} =  500</msg>
<var>${price}</var>
<arg>(//div[@class="busCardContainer "]//span[@id="price"])[${index}]</arg>
<doc>Returns the text value of the element identified by ``locator``.</doc>
<status status="PASS" start="2024-08-23T10:34:24.148575" elapsed="0.044528"/>
</kw>
<kw name="Evaluate" owner="BuiltIn">
<msg time="2024-08-23T10:34:24.193103" level="INFO">${price} =  500</msg>
<var>${price}</var>
<arg>"${price}".replace(',', '')</arg>
<doc>Evaluates the given expression in Python and returns the result.</doc>
<status status="PASS" start="2024-08-23T10:34:24.193103" elapsed="0.000000"/>
</kw>
<kw name="Convert To Integer" owner="BuiltIn">
<msg time="2024-08-23T10:34:24.193103" level="INFO">${intprice} = 500</msg>
<var>${intprice}</var>
<arg>${price}</arg>
<doc>Converts the given item to an integer number.</doc>
<status status="PASS" start="2024-08-23T10:34:24.193103" elapsed="0.000000"/>
</kw>
<kw name="Evaluate" owner="BuiltIn">
<msg time="2024-08-23T10:34:24.195497" level="INFO">${found} = True</msg>
<var>${found}</var>
<arg>'KSRTC' in '${busName}'</arg>
<doc>Evaluates the given expression in Python and returns the result.</doc>
<status status="PASS" start="2024-08-23T10:34:24.193103" elapsed="0.002394"/>
</kw>
<if>
<branch type="IF" condition="${found}">
<kw name="Append To List" owner="Collections">
<arg>${allKsrtcPrices}</arg>
<arg>${intprice}</arg>
<doc>Adds ``values`` to the end of ``list``.</doc>
<status status="PASS" start="2024-08-23T10:34:24.195497" elapsed="0.000000"/>
</kw>
<status status="PASS" start="2024-08-23T10:34:24.195497" elapsed="0.000000"/>
</branch>
<branch type="ELSE">
<kw name="Append To List" owner="Collections">
<arg>${allPrivatePrices}</arg>
<arg>${intprice}</arg>
<doc>Adds ``values`` to the end of ``list``.</doc>
<status status="NOT RUN" start="2024-08-23T10:34:24.196897" elapsed="0.000000"/>
</kw>
<status status="NOT RUN" start="2024-08-23T10:34:24.195497" elapsed="0.001400"/>
</branch>
<status status="PASS" start="2024-08-23T10:34:24.195497" elapsed="0.001400"/>
</if>
<var name="${index}">4</var>
<status status="PASS" start="2024-08-23T10:34:24.033345" elapsed="0.164109"/>
</iter>
<iter>
<kw name="Get Text" owner="SeleniumLibrary">
<msg time="2024-08-23T10:34:24.251579" level="INFO">${busName} = KSRTC (Kerala) - 625</msg>
<var>${busName}</var>
<arg>(//p[contains(@class, 'latoBold blackText')])[${index}]</arg>
<doc>Returns the text value of the element identified by ``locator``.</doc>
<status status="PASS" start="2024-08-23T10:34:24.197454" elapsed="0.054125"/>
</kw>
<kw name="Get Text" owner="SeleniumLibrary">
<msg time="2024-08-23T10:34:24.297991" level="INFO">${price} =  500</msg>
<var>${price}</var>
<arg>(//div[@class="busCardContainer "]//span[@id="price"])[${index}]</arg>
<doc>Returns the text value of the element identified by ``locator``.</doc>
<status status="PASS" start="2024-08-23T10:34:24.251579" elapsed="0.046412"/>
</kw>
<kw name="Evaluate" owner="BuiltIn">
<msg time="2024-08-23T10:34:24.299121" level="INFO">${price} =  500</msg>
<var>${price}</var>
<arg>"${price}".replace(',', '')</arg>
<doc>Evaluates the given expression in Python and returns the result.</doc>
<status status="PASS" start="2024-08-23T10:34:24.297991" elapsed="0.001130"/>
</kw>
<kw name="Convert To Integer" owner="BuiltIn">
<msg time="2024-08-23T10:34:24.299121" level="INFO">${intprice} = 500</msg>
<var>${intprice}</var>
<arg>${price}</arg>
<doc>Converts the given item to an integer number.</doc>
<status status="PASS" start="2024-08-23T10:34:24.299121" elapsed="0.000000"/>
</kw>
<kw name="Evaluate" owner="BuiltIn">
<msg time="2024-08-23T10:34:24.299121" level="INFO">${found} = True</msg>
<var>${found}</var>
<arg>'KSRTC' in '${busName}'</arg>
<doc>Evaluates the given expression in Python and returns the result.</doc>
<status status="PASS" start="2024-08-23T10:34:24.299121" elapsed="0.000000"/>
</kw>
<if>
<branch type="IF" condition="${found}">
<kw name="Append To List" owner="Collections">
<arg>${allKsrtcPrices}</arg>
<arg>${intprice}</arg>
<doc>Adds ``values`` to the end of ``list``.</doc>
<status status="PASS" start="2024-08-23T10:34:24.299121" elapsed="0.003687"/>
</kw>
<status status="PASS" start="2024-08-23T10:34:24.299121" elapsed="0.003687"/>
</branch>
<branch type="ELSE">
<kw name="Append To List" owner="Collections">
<arg>${allPrivatePrices}</arg>
<arg>${intprice}</arg>
<doc>Adds ``values`` to the end of ``list``.</doc>
<status status="NOT RUN" start="2024-08-23T10:34:24.302808" elapsed="0.000000"/>
</kw>
<status status="NOT RUN" start="2024-08-23T10:34:24.302808" elapsed="0.000000"/>
</branch>
<status status="PASS" start="2024-08-23T10:34:24.299121" elapsed="0.003687"/>
</if>
<var name="${index}">5</var>
<status status="PASS" start="2024-08-23T10:34:24.197454" elapsed="0.105354"/>
</iter>
<iter>
<kw name="Get Text" owner="SeleniumLibrary">
<msg time="2024-08-23T10:34:24.353398" level="INFO">${busName} = KSRTC (Kerala) - 617</msg>
<var>${busName}</var>
<arg>(//p[contains(@class, 'latoBold blackText')])[${index}]</arg>
<doc>Returns the text value of the element identified by ``locator``.</doc>
<status status="PASS" start="2024-08-23T10:34:24.302808" elapsed="0.050590"/>
</kw>
<kw name="Get Text" owner="SeleniumLibrary">
<msg time="2024-08-23T10:34:24.394080" level="INFO">${price} =  500</msg>
<var>${price}</var>
<arg>(//div[@class="busCardContainer "]//span[@id="price"])[${index}]</arg>
<doc>Returns the text value of the element identified by ``locator``.</doc>
<status status="PASS" start="2024-08-23T10:34:24.353398" elapsed="0.040682"/>
</kw>
<kw name="Evaluate" owner="BuiltIn">
<msg time="2024-08-23T10:34:24.395870" level="INFO">${price} =  500</msg>
<var>${price}</var>
<arg>"${price}".replace(',', '')</arg>
<doc>Evaluates the given expression in Python and returns the result.</doc>
<status status="PASS" start="2024-08-23T10:34:24.395870" elapsed="0.000000"/>
</kw>
<kw name="Convert To Integer" owner="BuiltIn">
<msg time="2024-08-23T10:34:24.398333" level="INFO">${intprice} = 500</msg>
<var>${intprice}</var>
<arg>${price}</arg>
<doc>Converts the given item to an integer number.</doc>
<status status="PASS" start="2024-08-23T10:34:24.395870" elapsed="0.002463"/>
</kw>
<kw name="Evaluate" owner="BuiltIn">
<msg time="2024-08-23T10:34:24.398333" level="INFO">${found} = True</msg>
<var>${found}</var>
<arg>'KSRTC' in '${busName}'</arg>
<doc>Evaluates the given expression in Python and returns the result.</doc>
<status status="PASS" start="2024-08-23T10:34:24.398333" elapsed="0.000000"/>
</kw>
<if>
<branch type="IF" condition="${found}">
<kw name="Append To List" owner="Collections">
<arg>${allKsrtcPrices}</arg>
<arg>${intprice}</arg>
<doc>Adds ``values`` to the end of ``list``.</doc>
<status status="PASS" start="2024-08-23T10:34:24.400363" elapsed="0.000000"/>
</kw>
<status status="PASS" start="2024-08-23T10:34:24.400363" elapsed="0.000000"/>
</branch>
<branch type="ELSE">
<kw name="Append To List" owner="Collections">
<arg>${allPrivatePrices}</arg>
<arg>${intprice}</arg>
<doc>Adds ``values`` to the end of ``list``.</doc>
<status status="NOT RUN" start="2024-08-23T10:34:24.400363" elapsed="0.000000"/>
</kw>
<status status="NOT RUN" start="2024-08-23T10:34:24.400363" elapsed="0.000000"/>
</branch>
<status status="PASS" start="2024-08-23T10:34:24.400363" elapsed="0.000000"/>
</if>
<var name="${index}">6</var>
<status status="PASS" start="2024-08-23T10:34:24.302808" elapsed="0.097555"/>
</iter>
<iter>
<kw name="Get Text" owner="SeleniumLibrary">
<msg time="2024-08-23T10:34:24.467601" level="INFO">${busName} = KSRTC (Kerala) - 1995</msg>
<var>${busName}</var>
<arg>(//p[contains(@class, 'latoBold blackText')])[${index}]</arg>
<doc>Returns the text value of the element identified by ``locator``.</doc>
<status status="PASS" start="2024-08-23T10:34:24.400363" elapsed="0.067238"/>
</kw>
<kw name="Get Text" owner="SeleniumLibrary">
<msg time="2024-08-23T10:34:24.512893" level="INFO">${price} =  500</msg>
<var>${price}</var>
<arg>(//div[@class="busCardContainer "]//span[@id="price"])[${index}]</arg>
<doc>Returns the text value of the element identified by ``locator``.</doc>
<status status="PASS" start="2024-08-23T10:34:24.469691" elapsed="0.043202"/>
</kw>
<kw name="Evaluate" owner="BuiltIn">
<msg time="2024-08-23T10:34:24.513438" level="INFO">${price} =  500</msg>
<var>${price}</var>
<arg>"${price}".replace(',', '')</arg>
<doc>Evaluates the given expression in Python and returns the result.</doc>
<status status="PASS" start="2024-08-23T10:34:24.513438" elapsed="0.000000"/>
</kw>
<kw name="Convert To Integer" owner="BuiltIn">
<msg time="2024-08-23T10:34:24.513438" level="INFO">${intprice} = 500</msg>
<var>${intprice}</var>
<arg>${price}</arg>
<doc>Converts the given item to an integer number.</doc>
<status status="PASS" start="2024-08-23T10:34:24.513438" elapsed="0.000000"/>
</kw>
<kw name="Evaluate" owner="BuiltIn">
<msg time="2024-08-23T10:34:24.516050" level="INFO">${found} = True</msg>
<var>${found}</var>
<arg>'KSRTC' in '${busName}'</arg>
<doc>Evaluates the given expression in Python and returns the result.</doc>
<status status="PASS" start="2024-08-23T10:34:24.513438" elapsed="0.002612"/>
</kw>
<if>
<branch type="IF" condition="${found}">
<kw name="Append To List" owner="Collections">
<arg>${allKsrtcPrices}</arg>
<arg>${intprice}</arg>
<doc>Adds ``values`` to the end of ``list``.</doc>
<status status="PASS" start="2024-08-23T10:34:24.516050" elapsed="0.000000"/>
</kw>
<status status="PASS" start="2024-08-23T10:34:24.516050" elapsed="0.000000"/>
</branch>
<branch type="ELSE">
<kw name="Append To List" owner="Collections">
<arg>${allPrivatePrices}</arg>
<arg>${intprice}</arg>
<doc>Adds ``values`` to the end of ``list``.</doc>
<status status="NOT RUN" start="2024-08-23T10:34:24.516050" elapsed="0.000000"/>
</kw>
<status status="NOT RUN" start="2024-08-23T10:34:24.516050" elapsed="0.000000"/>
</branch>
<status status="PASS" start="2024-08-23T10:34:24.516050" elapsed="0.000000"/>
</if>
<var name="${index}">7</var>
<status status="PASS" start="2024-08-23T10:34:24.400363" elapsed="0.115687"/>
</iter>
<iter>
<kw name="Get Text" owner="SeleniumLibrary">
<msg time="2024-08-23T10:34:24.556604" level="INFO">${busName} = KSRTC (Kerala) - 9</msg>
<var>${busName}</var>
<arg>(//p[contains(@class, 'latoBold blackText')])[${index}]</arg>
<doc>Returns the text value of the element identified by ``locator``.</doc>
<status status="PASS" start="2024-08-23T10:34:24.516050" elapsed="0.040554"/>
</kw>
<kw name="Get Text" owner="SeleniumLibrary">
<msg time="2024-08-23T10:34:24.591091" level="INFO">${price} =  1,725</msg>
<var>${price}</var>
<arg>(//div[@class="busCardContainer "]//span[@id="price"])[${index}]</arg>
<doc>Returns the text value of the element identified by ``locator``.</doc>
<status status="PASS" start="2024-08-23T10:34:24.556604" elapsed="0.034487"/>
</kw>
<kw name="Evaluate" owner="BuiltIn">
<msg time="2024-08-23T10:34:24.591091" level="INFO">${price} =  1725</msg>
<var>${price}</var>
<arg>"${price}".replace(',', '')</arg>
<doc>Evaluates the given expression in Python and returns the result.</doc>
<status status="PASS" start="2024-08-23T10:34:24.591091" elapsed="0.000000"/>
</kw>
<kw name="Convert To Integer" owner="BuiltIn">
<msg time="2024-08-23T10:34:24.591091" level="INFO">${intprice} = 1725</msg>
<var>${intprice}</var>
<arg>${price}</arg>
<doc>Converts the given item to an integer number.</doc>
<status status="PASS" start="2024-08-23T10:34:24.591091" elapsed="0.000000"/>
</kw>
<kw name="Evaluate" owner="BuiltIn">
<msg time="2024-08-23T10:34:24.591091" level="INFO">${found} = True</msg>
<var>${found}</var>
<arg>'KSRTC' in '${busName}'</arg>
<doc>Evaluates the given expression in Python and returns the result.</doc>
<status status="PASS" start="2024-08-23T10:34:24.591091" elapsed="0.000000"/>
</kw>
<if>
<branch type="IF" condition="${found}">
<kw name="Append To List" owner="Collections">
<arg>${allKsrtcPrices}</arg>
<arg>${intprice}</arg>
<doc>Adds ``values`` to the end of ``list``.</doc>
<status status="PASS" start="2024-08-23T10:34:24.591091" elapsed="0.000000"/>
</kw>
<status status="PASS" start="2024-08-23T10:34:24.591091" elapsed="0.000000"/>
</branch>
<branch type="ELSE">
<kw name="Append To List" owner="Collections">
<arg>${allPrivatePrices}</arg>
<arg>${intprice}</arg>
<doc>Adds ``values`` to the end of ``list``.</doc>
<status status="NOT RUN" start="2024-08-23T10:34:24.591091" elapsed="0.000000"/>
</kw>
<status status="NOT RUN" start="2024-08-23T10:34:24.591091" elapsed="0.000000"/>
</branch>
<status status="PASS" start="2024-08-23T10:34:24.591091" elapsed="0.000000"/>
</if>
<var name="${index}">8</var>
<status status="PASS" start="2024-08-23T10:34:24.516050" elapsed="0.075041"/>
</iter>
<iter>
<kw name="Get Text" owner="SeleniumLibrary">
<msg time="2024-08-23T10:34:24.623515" level="INFO">${busName} = KSRTC (Kerala) - 1360</msg>
<var>${busName}</var>
<arg>(//p[contains(@class, 'latoBold blackText')])[${index}]</arg>
<doc>Returns the text value of the element identified by ``locator``.</doc>
<status status="PASS" start="2024-08-23T10:34:24.591091" elapsed="0.032424"/>
</kw>
<kw name="Get Text" owner="SeleniumLibrary">
<msg time="2024-08-23T10:34:24.639270" level="INFO">${price} =  2,289</msg>
<var>${price}</var>
<arg>(//div[@class="busCardContainer "]//span[@id="price"])[${index}]</arg>
<doc>Returns the text value of the element identified by ``locator``.</doc>
<status status="PASS" start="2024-08-23T10:34:24.623515" elapsed="0.015755"/>
</kw>
<kw name="Evaluate" owner="BuiltIn">
<msg time="2024-08-23T10:34:24.645783" level="INFO">${price} =  2289</msg>
<var>${price}</var>
<arg>"${price}".replace(',', '')</arg>
<doc>Evaluates the given expression in Python and returns the result.</doc>
<status status="PASS" start="2024-08-23T10:34:24.645783" elapsed="0.000000"/>
</kw>
<kw name="Convert To Integer" owner="BuiltIn">
<msg time="2024-08-23T10:34:24.645783" level="INFO">${intprice} = 2289</msg>
<var>${intprice}</var>
<arg>${price}</arg>
<doc>Converts the given item to an integer number.</doc>
<status status="PASS" start="2024-08-23T10:34:24.645783" elapsed="0.000000"/>
</kw>
<kw name="Evaluate" owner="BuiltIn">
<msg time="2024-08-23T10:34:24.647793" level="INFO">${found} = True</msg>
<var>${found}</var>
<arg>'KSRTC' in '${busName}'</arg>
<doc>Evaluates the given expression in Python and returns the result.</doc>
<status status="PASS" start="2024-08-23T10:34:24.647793" elapsed="0.000000"/>
</kw>
<if>
<branch type="IF" condition="${found}">
<kw name="Append To List" owner="Collections">
<arg>${allKsrtcPrices}</arg>
<arg>${intprice}</arg>
<doc>Adds ``values`` to the end of ``list``.</doc>
<status status="PASS" start="2024-08-23T10:34:24.648931" elapsed="0.000000"/>
</kw>
<status status="PASS" start="2024-08-23T10:34:24.647793" elapsed="0.001138"/>
</branch>
<branch type="ELSE">
<kw name="Append To List" owner="Collections">
<arg>${allPrivatePrices}</arg>
<arg>${intprice}</arg>
<doc>Adds ``values`` to the end of ``list``.</doc>
<status status="NOT RUN" start="2024-08-23T10:34:24.648931" elapsed="0.000000"/>
</kw>
<status status="NOT RUN" start="2024-08-23T10:34:24.648931" elapsed="0.000000"/>
</branch>
<status status="PASS" start="2024-08-23T10:34:24.647793" elapsed="0.001138"/>
</if>
<var name="${index}">9</var>
<status status="PASS" start="2024-08-23T10:34:24.591091" elapsed="0.057840"/>
</iter>
<iter>
<kw name="Get Text" owner="SeleniumLibrary">
<msg time="2024-08-23T10:34:24.677447" level="INFO">${busName} = A1 Travels</msg>
<var>${busName}</var>
<arg>(//p[contains(@class, 'latoBold blackText')])[${index}]</arg>
<doc>Returns the text value of the element identified by ``locator``.</doc>
<status status="PASS" start="2024-08-23T10:34:24.650526" elapsed="0.026921"/>
</kw>
<kw name="Get Text" owner="SeleniumLibrary">
<msg time="2024-08-23T10:34:24.702143" level="INFO">${price} =  650</msg>
<var>${price}</var>
<arg>(//div[@class="busCardContainer "]//span[@id="price"])[${index}]</arg>
<doc>Returns the text value of the element identified by ``locator``.</doc>
<status status="PASS" start="2024-08-23T10:34:24.677447" elapsed="0.024696"/>
</kw>
<kw name="Evaluate" owner="BuiltIn">
<msg time="2024-08-23T10:34:24.702143" level="INFO">${price} =  650</msg>
<var>${price}</var>
<arg>"${price}".replace(',', '')</arg>
<doc>Evaluates the given expression in Python and returns the result.</doc>
<status status="PASS" start="2024-08-23T10:34:24.702143" elapsed="0.000000"/>
</kw>
<kw name="Convert To Integer" owner="BuiltIn">
<msg time="2024-08-23T10:34:24.702143" level="INFO">${intprice} = 650</msg>
<var>${intprice}</var>
<arg>${price}</arg>
<doc>Converts the given item to an integer number.</doc>
<status status="PASS" start="2024-08-23T10:34:24.702143" elapsed="0.000000"/>
</kw>
<kw name="Evaluate" owner="BuiltIn">
<msg time="2024-08-23T10:34:24.702143" level="INFO">${found} = False</msg>
<var>${found}</var>
<arg>'KSRTC' in '${busName}'</arg>
<doc>Evaluates the given expression in Python and returns the result.</doc>
<status status="PASS" start="2024-08-23T10:34:24.702143" elapsed="0.000000"/>
</kw>
<if>
<branch type="IF" condition="${found}">
<kw name="Append To List" owner="Collections">
<arg>${allKsrtcPrices}</arg>
<arg>${intprice}</arg>
<doc>Adds ``values`` to the end of ``list``.</doc>
<status status="NOT RUN" start="2024-08-23T10:34:24.702143" elapsed="0.000000"/>
</kw>
<status status="NOT RUN" start="2024-08-23T10:34:24.702143" elapsed="0.000000"/>
</branch>
<branch type="ELSE">
<kw name="Append To List" owner="Collections">
<arg>${allPrivatePrices}</arg>
<arg>${intprice}</arg>
<doc>Adds ``values`` to the end of ``list``.</doc>
<status status="PASS" start="2024-08-23T10:34:24.702143" elapsed="0.000000"/>
</kw>
<status status="PASS" start="2024-08-23T10:34:24.702143" elapsed="0.000000"/>
</branch>
<status status="PASS" start="2024-08-23T10:34:24.702143" elapsed="0.000000"/>
</if>
<var name="${index}">10</var>
<status status="PASS" start="2024-08-23T10:34:24.650526" elapsed="0.051617"/>
</iter>
<iter>
<kw name="Get Text" owner="SeleniumLibrary">
<msg time="2024-08-23T10:34:24.737276" level="INFO">${busName} = A1 Travels</msg>
<var>${busName}</var>
<arg>(//p[contains(@class, 'latoBold blackText')])[${index}]</arg>
<doc>Returns the text value of the element identified by ``locator``.</doc>
<status status="PASS" start="2024-08-23T10:34:24.708738" elapsed="0.028538"/>
</kw>
<kw name="Get Text" owner="SeleniumLibrary">
<msg time="2024-08-23T10:34:24.769943" level="INFO">${price} =  750</msg>
<var>${price}</var>
<arg>(//div[@class="busCardContainer "]//span[@id="price"])[${index}]</arg>
<doc>Returns the text value of the element identified by ``locator``.</doc>
<status status="PASS" start="2024-08-23T10:34:24.737276" elapsed="0.032667"/>
</kw>
<kw name="Evaluate" owner="BuiltIn">
<msg time="2024-08-23T10:34:24.769943" level="INFO">${price} =  750</msg>
<var>${price}</var>
<arg>"${price}".replace(',', '')</arg>
<doc>Evaluates the given expression in Python and returns the result.</doc>
<status status="PASS" start="2024-08-23T10:34:24.769943" elapsed="0.000000"/>
</kw>
<kw name="Convert To Integer" owner="BuiltIn">
<msg time="2024-08-23T10:34:24.772463" level="INFO">${intprice} = 750</msg>
<var>${intprice}</var>
<arg>${price}</arg>
<doc>Converts the given item to an integer number.</doc>
<status status="PASS" start="2024-08-23T10:34:24.769943" elapsed="0.002520"/>
</kw>
<kw name="Evaluate" owner="BuiltIn">
<msg time="2024-08-23T10:34:24.772463" level="INFO">${found} = False</msg>
<var>${found}</var>
<arg>'KSRTC' in '${busName}'</arg>
<doc>Evaluates the given expression in Python and returns the result.</doc>
<status status="PASS" start="2024-08-23T10:34:24.772463" elapsed="0.000000"/>
</kw>
<if>
<branch type="IF" condition="${found}">
<kw name="Append To List" owner="Collections">
<arg>${allKsrtcPrices}</arg>
<arg>${intprice}</arg>
<doc>Adds ``values`` to the end of ``list``.</doc>
<status status="NOT RUN" start="2024-08-23T10:34:24.773757" elapsed="0.000000"/>
</kw>
<status status="NOT RUN" start="2024-08-23T10:34:24.773757" elapsed="0.000000"/>
</branch>
<branch type="ELSE">
<kw name="Append To List" owner="Collections">
<arg>${allPrivatePrices}</arg>
<arg>${intprice}</arg>
<doc>Adds ``values`` to the end of ``list``.</doc>
<status status="PASS" start="2024-08-23T10:34:24.773757" elapsed="0.000000"/>
</kw>
<status status="PASS" start="2024-08-23T10:34:24.773757" elapsed="0.000000"/>
</branch>
<status status="PASS" start="2024-08-23T10:34:24.772463" elapsed="0.001294"/>
</if>
<var name="${index}">11</var>
<status status="PASS" start="2024-08-23T10:34:24.702143" elapsed="0.071614"/>
</iter>
<iter>
<kw name="Get Text" owner="SeleniumLibrary">
<msg time="2024-08-23T10:34:24.809677" level="INFO">${busName} = A1 Travels</msg>
<var>${busName}</var>
<arg>(//p[contains(@class, 'latoBold blackText')])[${index}]</arg>
<doc>Returns the text value of the element identified by ``locator``.</doc>
<status status="PASS" start="2024-08-23T10:34:24.773757" elapsed="0.036482"/>
</kw>
<kw name="Get Text" owner="SeleniumLibrary">
<msg time="2024-08-23T10:34:24.840065" level="INFO">${price} =  800</msg>
<var>${price}</var>
<arg>(//div[@class="busCardContainer "]//span[@id="price"])[${index}]</arg>
<doc>Returns the text value of the element identified by ``locator``.</doc>
<status status="PASS" start="2024-08-23T10:34:24.810345" elapsed="0.029720"/>
</kw>
<kw name="Evaluate" owner="BuiltIn">
<msg time="2024-08-23T10:34:24.840065" level="INFO">${price} =  800</msg>
<var>${price}</var>
<arg>"${price}".replace(',', '')</arg>
<doc>Evaluates the given expression in Python and returns the result.</doc>
<status status="PASS" start="2024-08-23T10:34:24.840065" elapsed="0.000000"/>
</kw>
<kw name="Convert To Integer" owner="BuiltIn">
<msg time="2024-08-23T10:34:24.841142" level="INFO">${intprice} = 800</msg>
<var>${intprice}</var>
<arg>${price}</arg>
<doc>Converts the given item to an integer number.</doc>
<status status="PASS" start="2024-08-23T10:34:24.840065" elapsed="0.001077"/>
</kw>
<kw name="Evaluate" owner="BuiltIn">
<msg time="2024-08-23T10:34:24.841142" level="INFO">${found} = False</msg>
<var>${found}</var>
<arg>'KSRTC' in '${busName}'</arg>
<doc>Evaluates the given expression in Python and returns the result.</doc>
<status status="PASS" start="2024-08-23T10:34:24.841142" elapsed="0.000000"/>
</kw>
<if>
<branch type="IF" condition="${found}">
<kw name="Append To List" owner="Collections">
<arg>${allKsrtcPrices}</arg>
<arg>${intprice}</arg>
<doc>Adds ``values`` to the end of ``list``.</doc>
<status status="NOT RUN" start="2024-08-23T10:34:24.841142" elapsed="0.000000"/>
</kw>
<status status="NOT RUN" start="2024-08-23T10:34:24.841142" elapsed="0.000000"/>
</branch>
<branch type="ELSE">
<kw name="Append To List" owner="Collections">
<arg>${allPrivatePrices}</arg>
<arg>${intprice}</arg>
<doc>Adds ``values`` to the end of ``list``.</doc>
<status status="PASS" start="2024-08-23T10:34:24.841142" elapsed="0.000000"/>
</kw>
<status status="PASS" start="2024-08-23T10:34:24.841142" elapsed="0.000000"/>
</branch>
<status status="PASS" start="2024-08-23T10:34:24.841142" elapsed="0.000000"/>
</if>
<var name="${index}">12</var>
<status status="PASS" start="2024-08-23T10:34:24.773757" elapsed="0.067385"/>
</iter>
<iter>
<kw name="Get Text" owner="SeleniumLibrary">
<msg time="2024-08-23T10:34:24.878164" level="INFO">${busName} = Surya Connect</msg>
<var>${busName}</var>
<arg>(//p[contains(@class, 'latoBold blackText')])[${index}]</arg>
<doc>Returns the text value of the element identified by ``locator``.</doc>
<status status="PASS" start="2024-08-23T10:34:24.841142" elapsed="0.037022"/>
</kw>
<kw name="Get Text" owner="SeleniumLibrary">
<msg time="2024-08-23T10:34:24.918692" level="INFO">${price} =  830</msg>
<var>${price}</var>
<arg>(//div[@class="busCardContainer "]//span[@id="price"])[${index}]</arg>
<doc>Returns the text value of the element identified by ``locator``.</doc>
<status status="PASS" start="2024-08-23T10:34:24.878164" elapsed="0.040528"/>
</kw>
<kw name="Evaluate" owner="BuiltIn">
<msg time="2024-08-23T10:34:24.920738" level="INFO">${price} =  830</msg>
<var>${price}</var>
<arg>"${price}".replace(',', '')</arg>
<doc>Evaluates the given expression in Python and returns the result.</doc>
<status status="PASS" start="2024-08-23T10:34:24.920207" elapsed="0.000531"/>
</kw>
<kw name="Convert To Integer" owner="BuiltIn">
<msg time="2024-08-23T10:34:24.922499" level="INFO">${intprice} = 830</msg>
<var>${intprice}</var>
<arg>${price}</arg>
<doc>Converts the given item to an integer number.</doc>
<status status="PASS" start="2024-08-23T10:34:24.920738" elapsed="0.001761"/>
</kw>
<kw name="Evaluate" owner="BuiltIn">
<msg time="2024-08-23T10:34:24.922499" level="INFO">${found} = False</msg>
<var>${found}</var>
<arg>'KSRTC' in '${busName}'</arg>
<doc>Evaluates the given expression in Python and returns the result.</doc>
<status status="PASS" start="2024-08-23T10:34:24.922499" elapsed="0.000000"/>
</kw>
<if>
<branch type="IF" condition="${found}">
<kw name="Append To List" owner="Collections">
<arg>${allKsrtcPrices}</arg>
<arg>${intprice}</arg>
<doc>Adds ``values`` to the end of ``list``.</doc>
<status status="NOT RUN" start="2024-08-23T10:34:24.922499" elapsed="0.000000"/>
</kw>
<status status="NOT RUN" start="2024-08-23T10:34:24.922499" elapsed="0.000000"/>
</branch>
<branch type="ELSE">
<kw name="Append To List" owner="Collections">
<arg>${allPrivatePrices}</arg>
<arg>${intprice}</arg>
<doc>Adds ``values`` to the end of ``list``.</doc>
<status status="PASS" start="2024-08-23T10:34:24.922499" elapsed="0.000000"/>
</kw>
<status status="PASS" start="2024-08-23T10:34:24.922499" elapsed="0.000000"/>
</branch>
<status status="PASS" start="2024-08-23T10:34:24.922499" elapsed="0.000000"/>
</if>
<var name="${index}">13</var>
<status status="PASS" start="2024-08-23T10:34:24.841142" elapsed="0.081357"/>
</iter>
<iter>
<kw name="Get Text" owner="SeleniumLibrary">
<msg time="2024-08-23T10:34:25.007188" level="INFO">${busName} = Kallada Travels (Suresh Kallada)</msg>
<var>${busName}</var>
<arg>(//p[contains(@class, 'latoBold blackText')])[${index}]</arg>
<doc>Returns the text value of the element identified by ``locator``.</doc>
<status status="PASS" start="2024-08-23T10:34:24.922499" elapsed="0.084689"/>
</kw>
<kw name="Get Text" owner="SeleniumLibrary">
<msg time="2024-08-23T10:34:25.081383" level="INFO">${price} =  1,000</msg>
<var>${price}</var>
<arg>(//div[@class="busCardContainer "]//span[@id="price"])[${index}]</arg>
<doc>Returns the text value of the element identified by ``locator``.</doc>
<status status="PASS" start="2024-08-23T10:34:25.010283" elapsed="0.071100"/>
</kw>
<kw name="Evaluate" owner="BuiltIn">
<msg time="2024-08-23T10:34:25.084557" level="INFO">${price} =  1000</msg>
<var>${price}</var>
<arg>"${price}".replace(',', '')</arg>
<doc>Evaluates the given expression in Python and returns the result.</doc>
<status status="PASS" start="2024-08-23T10:34:25.081383" elapsed="0.003304"/>
</kw>
<kw name="Convert To Integer" owner="BuiltIn">
<msg time="2024-08-23T10:34:25.084687" level="INFO">${intprice} = 1000</msg>
<var>${intprice}</var>
<arg>${price}</arg>
<doc>Converts the given item to an integer number.</doc>
<status status="PASS" start="2024-08-23T10:34:25.084687" elapsed="0.000000"/>
</kw>
<kw name="Evaluate" owner="BuiltIn">
<msg time="2024-08-23T10:34:25.089011" level="INFO">${found} = False</msg>
<var>${found}</var>
<arg>'KSRTC' in '${busName}'</arg>
<doc>Evaluates the given expression in Python and returns the result.</doc>
<status status="PASS" start="2024-08-23T10:34:25.086960" elapsed="0.002051"/>
</kw>
<if>
<branch type="IF" condition="${found}">
<kw name="Append To List" owner="Collections">
<arg>${allKsrtcPrices}</arg>
<arg>${intprice}</arg>
<doc>Adds ``values`` to the end of ``list``.</doc>
<status status="NOT RUN" start="2024-08-23T10:34:25.090937" elapsed="0.001182"/>
</kw>
<status status="NOT RUN" start="2024-08-23T10:34:25.090937" elapsed="0.001182"/>
</branch>
<branch type="ELSE">
<kw name="Append To List" owner="Collections">
<arg>${allPrivatePrices}</arg>
<arg>${intprice}</arg>
<doc>Adds ``values`` to the end of ``list``.</doc>
<status status="PASS" start="2024-08-23T10:34:25.092119" elapsed="0.000000"/>
</kw>
<status status="PASS" start="2024-08-23T10:34:25.092119" elapsed="0.001688"/>
</branch>
<status status="PASS" start="2024-08-23T10:34:25.090937" elapsed="0.002870"/>
</if>
<var name="${index}">14</var>
<status status="PASS" start="2024-08-23T10:34:24.922499" elapsed="0.171308"/>
</iter>
<iter>
<kw name="Get Text" owner="SeleniumLibrary">
<msg time="2024-08-23T10:34:25.178978" level="INFO">${busName} = Shama Transport</msg>
<var>${busName}</var>
<arg>(//p[contains(@class, 'latoBold blackText')])[${index}]</arg>
<doc>Returns the text value of the element identified by ``locator``.</doc>
<status status="PASS" start="2024-08-23T10:34:25.094943" elapsed="0.084035"/>
</kw>
<kw name="Get Text" owner="SeleniumLibrary">
<msg time="2024-08-23T10:34:25.249884" level="INFO">${price} =  1,199</msg>
<var>${price}</var>
<arg>(//div[@class="busCardContainer "]//span[@id="price"])[${index}]</arg>
<doc>Returns the text value of the element identified by ``locator``.</doc>
<status status="PASS" start="2024-08-23T10:34:25.180216" elapsed="0.069668"/>
</kw>
<kw name="Evaluate" owner="BuiltIn">
<msg time="2024-08-23T10:34:25.252219" level="INFO">${price} =  1199</msg>
<var>${price}</var>
<arg>"${price}".replace(',', '')</arg>
<doc>Evaluates the given expression in Python and returns the result.</doc>
<status status="PASS" start="2024-08-23T10:34:25.249884" elapsed="0.002335"/>
</kw>
<kw name="Convert To Integer" owner="BuiltIn">
<msg time="2024-08-23T10:34:25.254046" level="INFO">${intprice} = 1199</msg>
<var>${intprice}</var>
<arg>${price}</arg>
<doc>Converts the given item to an integer number.</doc>
<status status="PASS" start="2024-08-23T10:34:25.252219" elapsed="0.001827"/>
</kw>
<kw name="Evaluate" owner="BuiltIn">
<msg time="2024-08-23T10:34:25.256661" level="INFO">${found} = False</msg>
<var>${found}</var>
<arg>'KSRTC' in '${busName}'</arg>
<doc>Evaluates the given expression in Python and returns the result.</doc>
<status status="PASS" start="2024-08-23T10:34:25.255426" elapsed="0.001235"/>
</kw>
<if>
<branch type="IF" condition="${found}">
<kw name="Append To List" owner="Collections">
<arg>${allKsrtcPrices}</arg>
<arg>${intprice}</arg>
<doc>Adds ``values`` to the end of ``list``.</doc>
<status status="NOT RUN" start="2024-08-23T10:34:25.257314" elapsed="0.000000"/>
</kw>
<status status="NOT RUN" start="2024-08-23T10:34:25.257314" elapsed="0.000000"/>
</branch>
<branch type="ELSE">
<kw name="Append To List" owner="Collections">
<arg>${allPrivatePrices}</arg>
<arg>${intprice}</arg>
<doc>Adds ``values`` to the end of ``list``.</doc>
<status status="PASS" start="2024-08-23T10:34:25.258775" elapsed="0.000537"/>
</kw>
<status status="PASS" start="2024-08-23T10:34:25.258775" elapsed="0.000537"/>
</branch>
<status status="PASS" start="2024-08-23T10:34:25.257314" elapsed="0.001998"/>
</if>
<var name="${index}">15</var>
<status status="PASS" start="2024-08-23T10:34:25.094377" elapsed="0.164935"/>
</iter>
<iter>
<kw name="Get Text" owner="SeleniumLibrary">
<msg time="2024-08-23T10:34:25.351185" level="INFO">${busName} = JaiSai Roadlinks (JSR)</msg>
<var>${busName}</var>
<arg>(//p[contains(@class, 'latoBold blackText')])[${index}]</arg>
<doc>Returns the text value of the element identified by ``locator``.</doc>
<status status="PASS" start="2024-08-23T10:34:25.259312" elapsed="0.095343"/>
</kw>
<kw name="Get Text" owner="SeleniumLibrary">
<msg time="2024-08-23T10:34:25.427164" level="INFO">${price} =  1,350</msg>
<var>${price}</var>
<arg>(//div[@class="busCardContainer "]//span[@id="price"])[${index}]</arg>
<doc>Returns the text value of the element identified by ``locator``.</doc>
<status status="PASS" start="2024-08-23T10:34:25.354655" elapsed="0.072509"/>
</kw>
<kw name="Evaluate" owner="BuiltIn">
<msg time="2024-08-23T10:34:25.429046" level="INFO">${price} =  1350</msg>
<var>${price}</var>
<arg>"${price}".replace(',', '')</arg>
<doc>Evaluates the given expression in Python and returns the result.</doc>
<status status="PASS" start="2024-08-23T10:34:25.427164" elapsed="0.002467"/>
</kw>
<kw name="Convert To Integer" owner="BuiltIn">
<msg time="2024-08-23T10:34:25.430389" level="INFO">${intprice} = 1350</msg>
<var>${intprice}</var>
<arg>${price}</arg>
<doc>Converts the given item to an integer number.</doc>
<status status="PASS" start="2024-08-23T10:34:25.429631" elapsed="0.000758"/>
</kw>
<kw name="Evaluate" owner="BuiltIn">
<msg time="2024-08-23T10:34:25.430389" level="INFO">${found} = False</msg>
<var>${found}</var>
<arg>'KSRTC' in '${busName}'</arg>
<doc>Evaluates the given expression in Python and returns the result.</doc>
<status status="PASS" start="2024-08-23T10:34:25.430389" elapsed="0.000000"/>
</kw>
<if>
<branch type="IF" condition="${found}">
<kw name="Append To List" owner="Collections">
<arg>${allKsrtcPrices}</arg>
<arg>${intprice}</arg>
<doc>Adds ``values`` to the end of ``list``.</doc>
<status status="NOT RUN" start="2024-08-23T10:34:25.430389" elapsed="0.000000"/>
</kw>
<status status="NOT RUN" start="2024-08-23T10:34:25.430389" elapsed="0.000000"/>
</branch>
<branch type="ELSE">
<kw name="Append To List" owner="Collections">
<arg>${allPrivatePrices}</arg>
<arg>${intprice}</arg>
<doc>Adds ``values`` to the end of ``list``.</doc>
<status status="PASS" start="2024-08-23T10:34:25.430389" elapsed="0.006347"/>
</kw>
<status status="PASS" start="2024-08-23T10:34:25.430389" elapsed="0.006347"/>
</branch>
<status status="PASS" start="2024-08-23T10:34:25.430389" elapsed="0.006943"/>
</if>
<var name="${index}">16</var>
<status status="PASS" start="2024-08-23T10:34:25.259312" elapsed="0.178020"/>
</iter>
<var>${index}</var>
<value>1</value>
<value>${busCount}</value>
<status status="PASS" start="2024-08-23T10:34:23.817020" elapsed="1.620312"/>
</for>
<kw name="Copy List" owner="Collections">
<msg time="2024-08-23T10:34:25.438874" level="INFO">${sorted_ksrtc_prices} = [500, 500, 500, 500, 500, 500, 500, 1725, 2289]</msg>
<var>${sorted_ksrtc_prices}</var>
<arg>${allKsrtcPrices}</arg>
<doc>Returns a copy of the given list.</doc>
<status status="PASS" start="2024-08-23T10:34:25.438353" elapsed="0.000521"/>
</kw>
<kw name="Sort List" owner="Collections">
<arg>${sorted_ksrtc_prices}</arg>
<doc>Sorts the given list in place.</doc>
<status status="PASS" start="2024-08-23T10:34:25.438874" elapsed="0.001687"/>
</kw>
<kw name="Copy List" owner="Collections">
<msg time="2024-08-23T10:34:25.440561" level="INFO">${sorted_private_prices} = [650, 750, 800, 830, 1000, 1199, 1350]</msg>
<var>${sorted_private_prices}</var>
<arg>${allPrivatePrices}</arg>
<doc>Returns a copy of the given list.</doc>
<status status="PASS" start="2024-08-23T10:34:25.440561" elapsed="0.000000"/>
</kw>
<kw name="Sort List" owner="Collections">
<arg>${sorted_private_prices}</arg>
<doc>Sorts the given list in place.</doc>
<status status="PASS" start="2024-08-23T10:34:25.440561" elapsed="0.000000"/>
</kw>
<kw name="Create List" owner="BuiltIn">
<msg time="2024-08-23T10:34:25.440561" level="INFO">@{combined_sorted_prices} = [ ]</msg>
<var>@{combined_sorted_prices}</var>
<doc>Returns a list containing given items.</doc>
<status status="PASS" start="2024-08-23T10:34:25.440561" elapsed="0.000000"/>
</kw>
<for flavor="IN">
<iter>
<kw name="Append To List" owner="Collections">
<arg>${combined_sorted_prices}</arg>
<arg>${price}</arg>
<doc>Adds ``values`` to the end of ``list``.</doc>
<status status="PASS" start="2024-08-23T10:34:25.440561" elapsed="0.000000"/>
</kw>
<var name="${price}">500</var>
<status status="PASS" start="2024-08-23T10:34:25.440561" elapsed="0.000000"/>
</iter>
<iter>
<kw name="Append To List" owner="Collections">
<arg>${combined_sorted_prices}</arg>
<arg>${price}</arg>
<doc>Adds ``values`` to the end of ``list``.</doc>
<status status="PASS" start="2024-08-23T10:34:25.440561" elapsed="0.000000"/>
</kw>
<var name="${price}">500</var>
<status status="PASS" start="2024-08-23T10:34:25.440561" elapsed="0.000000"/>
</iter>
<iter>
<kw name="Append To List" owner="Collections">
<arg>${combined_sorted_prices}</arg>
<arg>${price}</arg>
<doc>Adds ``values`` to the end of ``list``.</doc>
<status status="PASS" start="2024-08-23T10:34:25.440561" elapsed="0.000000"/>
</kw>
<var name="${price}">500</var>
<status status="PASS" start="2024-08-23T10:34:25.440561" elapsed="0.009959"/>
</iter>
<iter>
<kw name="Append To List" owner="Collections">
<arg>${combined_sorted_prices}</arg>
<arg>${price}</arg>
<doc>Adds ``values`` to the end of ``list``.</doc>
<status status="PASS" start="2024-08-23T10:34:25.453904" elapsed="0.000000"/>
</kw>
<var name="${price}">500</var>
<status status="PASS" start="2024-08-23T10:34:25.453904" elapsed="0.000000"/>
</iter>
<iter>
<kw name="Append To List" owner="Collections">
<arg>${combined_sorted_prices}</arg>
<arg>${price}</arg>
<doc>Adds ``values`` to the end of ``list``.</doc>
<status status="PASS" start="2024-08-23T10:34:25.453904" elapsed="0.000000"/>
</kw>
<var name="${price}">500</var>
<status status="PASS" start="2024-08-23T10:34:25.453904" elapsed="0.000000"/>
</iter>
<iter>
<kw name="Append To List" owner="Collections">
<arg>${combined_sorted_prices}</arg>
<arg>${price}</arg>
<doc>Adds ``values`` to the end of ``list``.</doc>
<status status="PASS" start="2024-08-23T10:34:25.460503" elapsed="0.000000"/>
</kw>
<var name="${price}">500</var>
<status status="PASS" start="2024-08-23T10:34:25.453904" elapsed="0.006599"/>
</iter>
<iter>
<kw name="Append To List" owner="Collections">
<arg>${combined_sorted_prices}</arg>
<arg>${price}</arg>
<doc>Adds ``values`` to the end of ``list``.</doc>
<status status="PASS" start="2024-08-23T10:34:25.462970" elapsed="0.001071"/>
</kw>
<var name="${price}">500</var>
<status status="PASS" start="2024-08-23T10:34:25.460503" elapsed="0.003538"/>
</iter>
<iter>
<kw name="Append To List" owner="Collections">
<arg>${combined_sorted_prices}</arg>
<arg>${price}</arg>
<doc>Adds ``values`` to the end of ``list``.</doc>
<status status="PASS" start="2024-08-23T10:34:25.464614" elapsed="0.003829"/>
</kw>
<var name="${price}">1725</var>
<status status="PASS" start="2024-08-23T10:34:25.464614" elapsed="0.003829"/>
</iter>
<iter>
<kw name="Append To List" owner="Collections">
<arg>${combined_sorted_prices}</arg>
<arg>${price}</arg>
<doc>Adds ``values`` to the end of ``list``.</doc>
<status status="PASS" start="2024-08-23T10:34:25.470242" elapsed="0.000575"/>
</kw>
<var name="${price}">2289</var>
<status status="PASS" start="2024-08-23T10:34:25.468443" elapsed="0.002374"/>
</iter>
<var>${price}</var>
<value>@{sorted_ksrtc_prices}</value>
<status status="PASS" start="2024-08-23T10:34:25.440561" elapsed="0.030256"/>
</for>
<for flavor="IN">
<iter>
<kw name="Append To List" owner="Collections">
<arg>${combined_sorted_prices}</arg>
<arg>${price}</arg>
<doc>Adds ``values`` to the end of ``list``.</doc>
<status status="PASS" start="2024-08-23T10:34:25.471849" elapsed="0.000000"/>
</kw>
<var name="${price}">650</var>
<status status="PASS" start="2024-08-23T10:34:25.471849" elapsed="0.000000"/>
</iter>
<iter>
<kw name="Append To List" owner="Collections">
<arg>${combined_sorted_prices}</arg>
<arg>${price}</arg>
<doc>Adds ``values`` to the end of ``list``.</doc>
<status status="PASS" start="2024-08-23T10:34:25.475221" elapsed="0.000000"/>
</kw>
<var name="${price}">750</var>
<status status="PASS" start="2024-08-23T10:34:25.475221" elapsed="0.000000"/>
</iter>
<iter>
<kw name="Append To List" owner="Collections">
<arg>${combined_sorted_prices}</arg>
<arg>${price}</arg>
<doc>Adds ``values`` to the end of ``list``.</doc>
<status status="PASS" start="2024-08-23T10:34:25.477032" elapsed="0.000000"/>
</kw>
<var name="${price}">800</var>
<status status="PASS" start="2024-08-23T10:34:25.477032" elapsed="0.000000"/>
</iter>
<iter>
<kw name="Append To List" owner="Collections">
<arg>${combined_sorted_prices}</arg>
<arg>${price}</arg>
<doc>Adds ``values`` to the end of ``list``.</doc>
<status status="PASS" start="2024-08-23T10:34:25.479341" elapsed="0.000000"/>
</kw>
<var name="${price}">830</var>
<status status="PASS" start="2024-08-23T10:34:25.478804" elapsed="0.000537"/>
</iter>
<iter>
<kw name="Append To List" owner="Collections">
<arg>${combined_sorted_prices}</arg>
<arg>${price}</arg>
<doc>Adds ``values`` to the end of ``list``.</doc>
<status status="PASS" start="2024-08-23T10:34:25.481018" elapsed="0.000000"/>
</kw>
<var name="${price}">1000</var>
<status status="PASS" start="2024-08-23T10:34:25.479341" elapsed="0.001677"/>
</iter>
<iter>
<kw name="Append To List" owner="Collections">
<arg>${combined_sorted_prices}</arg>
<arg>${price}</arg>
<doc>Adds ``values`` to the end of ``list``.</doc>
<status status="PASS" start="2024-08-23T10:34:25.483110" elapsed="0.002069"/>
</kw>
<var name="${price}">1199</var>
<status status="PASS" start="2024-08-23T10:34:25.483110" elapsed="0.002069"/>
</iter>
<iter>
<kw name="Append To List" owner="Collections">
<arg>${combined_sorted_prices}</arg>
<arg>${price}</arg>
<doc>Adds ``values`` to the end of ``list``.</doc>
<status status="PASS" start="2024-08-23T10:34:25.485179" elapsed="0.000000"/>
</kw>
<var name="${price}">1350</var>
<status status="PASS" start="2024-08-23T10:34:25.485179" elapsed="0.000000"/>
</iter>
<var>${price}</var>
<value>@{sorted_private_prices}</value>
<status status="PASS" start="2024-08-23T10:34:25.471849" elapsed="0.013330"/>
</for>
<kw name="Evaluate" owner="BuiltIn">
<msg time="2024-08-23T10:34:25.485179" level="INFO">${is_sorted_correctly} = True</msg>
<var>${is_sorted_correctly}</var>
<arg>${allBusPrice} == ${combined_sorted_prices}</arg>
<doc>Evaluates the given expression in Python and returns the result.</doc>
<status status="PASS" start="2024-08-23T10:34:25.485179" elapsed="0.000000"/>
</kw>
<if>
<branch type="IF" condition="${is_sorted_correctly}">
<kw name="Log" owner="BuiltIn">
<msg time="2024-08-23T10:34:25.491342" level="INFO">Prices are sorted correctly</msg>
<arg>Prices are sorted correctly</arg>
<doc>Logs the given message with the given level.</doc>
<status status="PASS" start="2024-08-23T10:34:25.491342" elapsed="0.000000"/>
</kw>
<status status="PASS" start="2024-08-23T10:34:25.491342" elapsed="0.000000"/>
</branch>
<branch type="ELSE">
<kw name="Fail" owner="BuiltIn">
<arg>Prices are not sorted correctly</arg>
<doc>Fails the test with the given message and optionally alters its tags.</doc>
<status status="NOT RUN" start="2024-08-23T10:34:25.491342" elapsed="0.000000"/>
</kw>
<status status="NOT RUN" start="2024-08-23T10:34:25.491342" elapsed="0.000000"/>
</branch>
<status status="PASS" start="2024-08-23T10:34:25.491342" elapsed="0.000000"/>
</if>
<kw name="Log" owner="BuiltIn">
<msg time="2024-08-23T10:34:25.491342" level="INFO">KSRTC Bus Prices: [500, 500, 500, 500, 500, 500, 500, 1725, 2289]</msg>
<arg>KSRTC Bus Prices: ${sorted_ksrtc_prices}</arg>
<doc>Logs the given message with the given level.</doc>
<status status="PASS" start="2024-08-23T10:34:25.491342" elapsed="0.000000"/>
</kw>
<kw name="Log" owner="BuiltIn">
<msg time="2024-08-23T10:34:25.491342" level="INFO">Private Bus Prices: [650, 750, 800, 830, 1000, 1199, 1350]</msg>
<arg>Private Bus Prices: ${sorted_private_prices}</arg>
<doc>Logs the given message with the given level.</doc>
<status status="PASS" start="2024-08-23T10:34:25.491342" elapsed="0.005026"/>
</kw>
<kw name="Log" owner="BuiltIn">
<msg time="2024-08-23T10:34:25.497982" level="INFO">Original Combined Prices: [500, 500, 500, 500, 500, 500, 500, 1725, 2289, 650, 750, 800, 830, 1000, 1199, 1350]</msg>
<arg>Original Combined Prices: ${allBusPrice}</arg>
<doc>Logs the given message with the given level.</doc>
<status status="PASS" start="2024-08-23T10:34:25.496368" elapsed="0.001614"/>
</kw>
<kw name="Log" owner="BuiltIn">
<msg time="2024-08-23T10:34:25.502154" level="INFO">Combined Sorted Prices: [500, 500, 500, 500, 500, 500, 500, 1725, 2289, 650, 750, 800, 830, 1000, 1199, 1350]</msg>
<arg>Combined Sorted Prices: ${combined_sorted_prices}</arg>
<doc>Logs the given message with the given level.</doc>
<status status="PASS" start="2024-08-23T10:34:25.501129" elapsed="0.001025"/>
</kw>
<status status="PASS" start="2024-08-23T10:34:23.027722" elapsed="2.476326"/>
</kw>
<status status="PASS" start="2024-08-23T10:33:55.004816" elapsed="30.500651"/>
</test>
<status status="PASS" start="2024-08-23T10:33:54.202184" elapsed="31.309390"/>
</suite>
<statistics>
<total>
<stat pass="1" fail="0" skip="0">All Tests</stat>
</total>
<tag>
</tag>
<suite>
<stat pass="1" fail="0" skip="0" id="s1" name="Customer">Customer</stat>
</suite>
</statistics>
<errors>
<msg time="2024-08-23T10:33:54.972384" level="WARN">Error in file 'C:\Users\HP\Documents\GitHub\training-t\Keywords\kw_customer.robot' on line 327: The '[Return]' setting is deprecated. Use the 'RETURN' statement instead.</msg>
<msg time="2024-08-23T10:33:54.973894" level="WARN">Error in file 'C:\Users\HP\Documents\GitHub\training-t\Keywords\kw_customer.robot' on line 346: The '[Return]' setting is deprecated. Use the 'RETURN' statement instead.</msg>
<msg time="2024-08-23T10:33:54.975513" level="WARN">Error in file 'C:\Users\HP\Documents\GitHub\training-t\Keywords\kw_customer.robot' on line 357: The '[Return]' setting is deprecated. Use the 'RETURN' statement instead.</msg>
</errors>
</robot>
