<?xml version="1.0" encoding="UTF-8"?>
<robot generator="Robot 7.0.1 (Python 3.11.9 on win32)" generated="2024-08-23T11:30:35.309018" rpa="false" schemaversion="5">
<suite id="s1" name="Customer" source="C:\pytohn_learning\Quest_python\project\training-t\TestCases\Customer.robot">
<test id="s1-t1" name="TC-005 Verify if a user is able to filter bus according to ac and non ac" line="37">
<kw name="Open Make My Trip As" owner="common">
<kw name="Open Browser" owner="SeleniumLibrary">
<msg time="2024-08-23T11:30:35.924053" level="INFO">Opening browser 'chrome' to base url 'https://www.makemytrip.com'.</msg>
<arg>browser=chrome</arg>
<arg>url=https://www.makemytrip.com</arg>
<doc>Opens a new browser instance to the optional ``url``.</doc>
<status status="PASS" start="2024-08-23T11:30:35.921531" elapsed="3.579520"/>
</kw>
<kw name="Maximize Browser Window" owner="SeleniumLibrary">
<doc>Maximizes current browser window.</doc>
<status status="PASS" start="2024-08-23T11:30:39.502050" elapsed="21.848953"/>
</kw>
<kw name="Wait Until Element Is Visible" owner="SeleniumLibrary">
<arg>//span[@class='commonModal__close']</arg>
<arg>10s</arg>
<doc>Waits until the element ``locator`` is visible.</doc>
<status status="PASS" start="2024-08-23T11:31:01.352003" elapsed="0.051323"/>
</kw>
<kw name="Click Element" owner="SeleniumLibrary">
<msg time="2024-08-23T11:31:01.405366" level="INFO">Clicking element '//span[@class='commonModal__close']'.</msg>
<arg>//span[@class='commonModal__close']</arg>
<doc>Click the element identified by ``locator``.</doc>
<status status="PASS" start="2024-08-23T11:31:01.404340" elapsed="0.245596"/>
</kw>
<status status="PASS" start="2024-08-23T11:30:35.920007" elapsed="25.729929"/>
</kw>
<kw name="Search Buses" owner="kw_customer">
<kw name="Split String" owner="String">
<msg time="2024-08-23T11:31:01.655472" level="INFO">${day} = today's</msg>
<msg time="2024-08-23T11:31:01.655472" level="INFO">${month} = date</msg>
<var>${day}</var>
<var>${month}</var>
<arg>${date}</arg>
<arg>${SPACE}</arg>
<doc>Splits the ``string`` using ``separator`` as a delimiter string.</doc>
<status status="PASS" start="2024-08-23T11:31:01.653455" elapsed="0.002017"/>
</kw>
<kw name="Wait Until Element Is Visible" owner="SeleniumLibrary">
<arg>//li[@class='menu_Buses']</arg>
<doc>Waits until the element ``locator`` is visible.</doc>
<status status="PASS" start="2024-08-23T11:31:01.656467" elapsed="0.044725"/>
</kw>
<kw name="Click Element" owner="SeleniumLibrary">
<msg time="2024-08-23T11:31:01.702698" level="INFO">Clicking element '//li[@class='menu_Buses']'.</msg>
<arg>//li[@class='menu_Buses']</arg>
<doc>Click the element identified by ``locator``.</doc>
<status status="PASS" start="2024-08-23T11:31:01.702698" elapsed="0.294337"/>
</kw>
<kw name="Wait Until Element Is Visible" owner="SeleniumLibrary">
<arg>fromCity</arg>
<arg>10s</arg>
<doc>Waits until the element ``locator`` is visible.</doc>
<status status="PASS" start="2024-08-23T11:31:01.997035" elapsed="2.014660"/>
</kw>
<kw name="Click Element" owner="SeleniumLibrary">
<msg time="2024-08-23T11:31:04.012714" level="INFO">Clicking element 'fromCity'.</msg>
<arg>fromCity</arg>
<doc>Click the element identified by ``locator``.</doc>
<status status="PASS" start="2024-08-23T11:31:04.012714" elapsed="0.111315"/>
</kw>
<kw name="Wait Until Element Is Visible" owner="SeleniumLibrary">
<arg>//input[contains(@placeholder,'From')]</arg>
<doc>Waits until the element ``locator`` is visible.</doc>
<status status="PASS" start="2024-08-23T11:31:04.125031" elapsed="0.476791"/>
</kw>
<kw name="Input Text" owner="SeleniumLibrary">
<msg time="2024-08-23T11:31:04.602815" level="INFO">Typing text 'Coimbatore' into text field '//input[contains(@placeholder,'From')]'.</msg>
<arg>//input[contains(@placeholder,'From')]</arg>
<arg>${fromcity}</arg>
<doc>Types the given ``text`` into the text field identified by ``locator``.</doc>
<status status="PASS" start="2024-08-23T11:31:04.601822" elapsed="0.178655"/>
</kw>
<kw name="Wait Until Element Is Visible" owner="SeleniumLibrary">
<arg>//div[contains(@class,'autosuggest')]//span[contains(text(),'${fromcity},')]</arg>
<doc>Waits until the element ``locator`` is visible.</doc>
<status status="PASS" start="2024-08-23T11:31:04.780477" elapsed="0.986510"/>
</kw>
<kw name="Click Element" owner="SeleniumLibrary">
<msg time="2024-08-23T11:31:05.766987" level="INFO">Clicking element '//div[contains(@class,'autosuggest')]//span[contains(text(),'Coimbatore,')]'.</msg>
<arg>//div[contains(@class,'autosuggest')]//span[contains(text(),'${fromcity},')]</arg>
<doc>Click the element identified by ``locator``.</doc>
<status status="PASS" start="2024-08-23T11:31:05.766987" elapsed="0.143160"/>
</kw>
<kw name="Run Keyword And Ignore Error" owner="BuiltIn">
<kw name="Click Element" owner="SeleniumLibrary">
<msg time="2024-08-23T11:31:05.912147" level="INFO">Clicking element 'toCity'.</msg>
<msg time="2024-08-23T11:31:07.179494" level="INFO" html="true">&lt;/td&gt;&lt;/tr&gt;&lt;tr&gt;&lt;td colspan="3"&gt;&lt;a href="selenium-screenshot-5.png"&gt;&lt;img src="selenium-screenshot-5.png" width="800px"&gt;&lt;/a&gt;</msg>
<msg time="2024-08-23T11:31:07.180497" level="FAIL">ElementClickInterceptedException: Message: element click intercepted: Element &lt;input id="toCity" data-cy="toCityVal" type="text" class="bussw_inputField font30 latoBlack" readonly="" value="Kanpur, Uttar Pradesh"&gt; is not clickable at point (818, 296). Other element would receive the click: &lt;input type="text" autocomplete="off" aria-autocomplete="list" aria-controls="react-autowhatever-1" class="react-autosuggest__input react-autosuggest__input--open react-autosuggest__input--focused" placeholder="To" title="To" value=""&gt;
  (Session info: chrome=127.0.6533.120)
Stacktrace:
	GetHandleVerifier [0x00007FF6E3849642+30946]
	(No symbol) [0x00007FF6E37FE3D9]
	(No symbol) [0x00007FF6E36F6FDA]
	(No symbol) [0x00007FF6E374FEEE]
	(No symbol) [0x00007FF6E374D962]
	(No symbol) [0x00007FF6E374AE7B]
	(No symbol) [0x00007FF6E374A095]
	(No symbol) [0x00007FF6E373C271]
	(No symbol) [0x00007FF6E376CA6A]
	(No symbol) [0x00007FF6E373BBB6]
	(No symbol) [0x00007FF6E376CC80]
	(No symbol) [0x00007FF6E378B041]
	(No symbol) [0x00007FF6E376C813]
	(No symbol) [0x00007FF6E373A6E5]
	(No symbol) [0x00007FF6E373B021]
	GetHandleVerifier [0x00007FF6E397F84D+1301229]
	GetHandleVerifier [0x00007FF6E398BDC7+1351783]
	GetHandleVerifier [0x00007FF6E3982A13+1313971]
	GetHandleVerifier [0x00007FF6E387DD16+245686]
	(No symbol) [0x00007FF6E380759F]
	(No symbol) [0x00007FF6E3803814]
	(No symbol) [0x00007FF6E38039A2]
	(No symbol) [0x00007FF6E37FA3FF]
	BaseThreadInitThunk [0x00007FFCFC64257D+29]
	RtlUserThreadStart [0x00007FFCFD16AF28+40]
</msg>
<arg>toCity</arg>
<doc>Click the element identified by ``locator``.</doc>
<status status="FAIL" start="2024-08-23T11:31:05.911163" elapsed="1.275860">ElementClickInterceptedException: Message: element click intercepted: Element &lt;input id="toCity" data-cy="toCityVal" type="text" class="bussw_inputField font30 latoBlack" readonly="" value="Kanpur, Uttar Pradesh"&gt; is not clickable at point (818, 296). Other element would receive the click: &lt;input type="text" autocomplete="off" aria-autocomplete="list" aria-controls="react-autowhatever-1" class="react-autosuggest__input react-autosuggest__input--open react-autosuggest__input--focused" placeholder="To" title="To" value=""&gt;
  (Session info: chrome=127.0.6533.120)
Stacktrace:
	GetHandleVerifier [0x00007FF6E3849642+30946]
	(No symbol) [0x00007FF6E37FE3D9]
	(No symbol) [0x00007FF6E36F6FDA]
	(No symbol) [0x00007FF6E374FEEE]
	(No symbol) [0x00007FF6E374D962]
	(No symbol) [0x00007FF6E374AE7B]
	(No symbol) [0x00007FF6E374A095]
	(No symbol) [0x00007FF6E373C271]
	(No symbol) [0x00007FF6E376CA6A]
	(No symbol) [0x00007FF6E373BBB6]
	(No symbol) [0x00007FF6E376CC80]
	(No symbol) [0x00007FF6E378B041]
	(No symbol) [0x00007FF6E376C813]
	(No symbol) [0x00007FF6E373A6E5]
	(No symbol) [0x00007FF6E373B021]
	GetHandleVerifier [0x00007FF6E397F84D+1301229]
	GetHandleVerifier [0x00007FF6E398BDC7+1351783]
	GetHandleVerifier [0x00007FF6E3982A13+1313971]
	GetHandleVerifier [0x00007FF6E387DD16+245686]
	(No symbol) [0x00007FF6E380759F]
	(No symbol) [0x00007FF6E3803814]
	(No symbol) [0x00007FF6E38039A2]
	(No symbol) [0x00007FF6E37FA3FF]
	BaseThreadInitThunk [0x00007FFCFC64257D+29]
	RtlUserThreadStart [0x00007FFCFD16AF28+40]
</status>
</kw>
<arg>Click Element</arg>
<arg>toCity</arg>
<doc>Runs the given keyword with the given arguments and ignores possible error.</doc>
<status status="PASS" start="2024-08-23T11:31:05.910147" elapsed="1.276876"/>
</kw>
<kw name="Wait Until Element Is Visible" owner="SeleniumLibrary">
<arg>//input[contains(@placeholder,'To')]</arg>
<doc>Waits until the element ``locator`` is visible.</doc>
<status status="PASS" start="2024-08-23T11:31:07.188009" elapsed="0.029074"/>
</kw>
<kw name="Input Text" owner="SeleniumLibrary">
<msg time="2024-08-23T11:31:07.217083" level="INFO">Typing text 'Trivandrum' into text field '//input[contains(@placeholder,'To')]'.</msg>
<arg>//input[contains(@placeholder,'To')]</arg>
<arg>${tocity}</arg>
<doc>Types the given ``text`` into the text field identified by ``locator``.</doc>
<status status="PASS" start="2024-08-23T11:31:07.217083" elapsed="0.194074"/>
</kw>
<kw name="Wait Until Element Is Visible" owner="SeleniumLibrary">
<arg>//div[contains(@class,'autosuggest')]//span[contains(text(),'(${tocity})')]</arg>
<doc>Waits until the element ``locator`` is visible.</doc>
<status status="PASS" start="2024-08-23T11:31:07.412154" elapsed="0.687861"/>
</kw>
<kw name="Click Element" owner="SeleniumLibrary">
<msg time="2024-08-23T11:31:08.101015" level="INFO">Clicking element '//div[contains(@class, 'autosuggest')]//span[contains(text(),'Trivandrum,') or contains(text(),'(Trivandrum),')]'.</msg>
<arg>//div[contains(@class, 'autosuggest')]//span[contains(text(),'${toCity},') or contains(text(),'(${toCity}),')]</arg>
<doc>Click the element identified by ``locator``.</doc>
<status status="PASS" start="2024-08-23T11:31:08.101015" elapsed="0.139655"/>
</kw>
<kw name="Run Keyword And Ignore Error" owner="BuiltIn">
<kw name="Click Element" owner="SeleniumLibrary">
<msg time="2024-08-23T11:31:08.242674" level="INFO">Clicking element 'travelDate'.</msg>
<msg time="2024-08-23T11:31:09.581792" level="INFO" html="true">&lt;/td&gt;&lt;/tr&gt;&lt;tr&gt;&lt;td colspan="3"&gt;&lt;a href="selenium-screenshot-6.png"&gt;&lt;img src="selenium-screenshot-6.png" width="800px"&gt;&lt;/a&gt;</msg>
<msg time="2024-08-23T11:31:09.581792" level="FAIL">ElementClickInterceptedException: Message: element click intercepted: Element &lt;input id="travelDate" type="text" data-cy="travelDateVal" class="bussw_inputField font20" readonly="" value=""&gt; is not clickable at point (1155, 293). Other element would receive the click: &lt;div class="calHeading makeFlex"&gt;...&lt;/div&gt;
  (Session info: chrome=127.0.6533.120)
Stacktrace:
	GetHandleVerifier [0x00007FF6E3849642+30946]
	(No symbol) [0x00007FF6E37FE3D9]
	(No symbol) [0x00007FF6E36F6FDA]
	(No symbol) [0x00007FF6E374FEEE]
	(No symbol) [0x00007FF6E374D962]
	(No symbol) [0x00007FF6E374AE7B]
	(No symbol) [0x00007FF6E374A095]
	(No symbol) [0x00007FF6E373C271]
	(No symbol) [0x00007FF6E376CA6A]
	(No symbol) [0x00007FF6E373BBB6]
	(No symbol) [0x00007FF6E376CC80]
	(No symbol) [0x00007FF6E378B041]
	(No symbol) [0x00007FF6E376C813]
	(No symbol) [0x00007FF6E373A6E5]
	(No symbol) [0x00007FF6E373B021]
	GetHandleVerifier [0x00007FF6E397F84D+1301229]
	GetHandleVerifier [0x00007FF6E398BDC7+1351783]
	GetHandleVerifier [0x00007FF6E3982A13+1313971]
	GetHandleVerifier [0x00007FF6E387DD16+245686]
	(No symbol) [0x00007FF6E380759F]
	(No symbol) [0x00007FF6E3803814]
	(No symbol) [0x00007FF6E38039A2]
	(No symbol) [0x00007FF6E37FA3FF]
	BaseThreadInitThunk [0x00007FFCFC64257D+29]
	RtlUserThreadStart [0x00007FFCFD16AF28+40]
</msg>
<arg>travelDate</arg>
<doc>Click the element identified by ``locator``.</doc>
<status status="FAIL" start="2024-08-23T11:31:08.241670" elapsed="1.342646">ElementClickInterceptedException: Message: element click intercepted: Element &lt;input id="travelDate" type="text" data-cy="travelDateVal" class="bussw_inputField font20" readonly="" value=""&gt; is not clickable at point (1155, 293). Other element would receive the click: &lt;div class="calHeading makeFlex"&gt;...&lt;/div&gt;
  (Session info: chrome=127.0.6533.120)
Stacktrace:
	GetHandleVerifier [0x00007FF6E3849642+30946]
	(No symbol) [0x00007FF6E37FE3D9]
	(No symbol) [0x00007FF6E36F6FDA]
	(No symbol) [0x00007FF6E374FEEE]
	(No symbol) [0x00007FF6E374D962]
	(No symbol) [0x00007FF6E374AE7B]
	(No symbol) [0x00007FF6E374A095]
	(No symbol) [0x00007FF6E373C271]
	(No symbol) [0x00007FF6E376CA6A]
	(No symbol) [0x00007FF6E373BBB6]
	(No symbol) [0x00007FF6E376CC80]
	(No symbol) [0x00007FF6E378B041]
	(No symbol) [0x00007FF6E376C813]
	(No symbol) [0x00007FF6E373A6E5]
	(No symbol) [0x00007FF6E373B021]
	GetHandleVerifier [0x00007FF6E397F84D+1301229]
	GetHandleVerifier [0x00007FF6E398BDC7+1351783]
	GetHandleVerifier [0x00007FF6E3982A13+1313971]
	GetHandleVerifier [0x00007FF6E387DD16+245686]
	(No symbol) [0x00007FF6E380759F]
	(No symbol) [0x00007FF6E3803814]
	(No symbol) [0x00007FF6E38039A2]
	(No symbol) [0x00007FF6E37FA3FF]
	BaseThreadInitThunk [0x00007FFCFC64257D+29]
	RtlUserThreadStart [0x00007FFCFD16AF28+40]
</status>
</kw>
<arg>Click Element</arg>
<arg>travelDate</arg>
<doc>Runs the given keyword with the given arguments and ignores possible error.</doc>
<status status="PASS" start="2024-08-23T11:31:08.241670" elapsed="1.342646"/>
</kw>
<kw name="Set Variable If" owner="BuiltIn">
<msg time="2024-08-23T11:31:09.585316" level="INFO">${datelocator} = //div[@class='DayPicker-Month']//div[@aria-selected='true']</msg>
<var>${datelocator}</var>
<arg>"${date}"=="today's date"</arg>
<arg>//div[@class='DayPicker-Month']//div[@aria-selected='true']</arg>
<arg>//div[contains(text(),${month})]/ancestor::div[@class='DayPicker-Month']//div[contains(text(),${day})]</arg>
<doc>Sets variable based on the given condition.</doc>
<status status="PASS" start="2024-08-23T11:31:09.585316" elapsed="0.000000"/>
</kw>
<kw name="Wait Until Element Is Visible" owner="SeleniumLibrary">
<arg>${datelocator}</arg>
<arg>10s</arg>
<doc>Waits until the element ``locator`` is visible.</doc>
<status status="PASS" start="2024-08-23T11:31:09.585316" elapsed="0.030601"/>
</kw>
<kw name="Click Element" owner="SeleniumLibrary">
<msg time="2024-08-23T11:31:09.615917" level="INFO">Clicking element '//div[@class='DayPicker-Month']//div[@aria-selected='true']'.</msg>
<arg>${datelocator}</arg>
<doc>Click the element identified by ``locator``.</doc>
<status status="PASS" start="2024-08-23T11:31:09.615917" elapsed="0.100739"/>
</kw>
<kw name="Click Element" owner="SeleniumLibrary">
<msg time="2024-08-23T11:31:09.716656" level="INFO">Clicking element 'search_button'.</msg>
<arg>search_button</arg>
<doc>Click the element identified by ``locator``.</doc>
<status status="PASS" start="2024-08-23T11:31:09.716656" elapsed="18.511281"/>
</kw>
<kw name="Wait Until Element Is Visible" owner="SeleniumLibrary">
<arg>//div[@class="busListingContainer"]//p[contains(text(),'found')]</arg>
<doc>Waits until the element ``locator`` is visible.</doc>
<status status="PASS" start="2024-08-23T11:31:28.228971" elapsed="0.031019"/>
</kw>
<arg>Coimbatore</arg>
<arg>Trivandrum</arg>
<status status="PASS" start="2024-08-23T11:31:01.651937" elapsed="26.608053"/>
</kw>
<kw name="Select Filter" owner="kw_customer">
<kw name="Click Element" owner="SeleniumLibrary">
<msg time="2024-08-23T11:31:28.260987" level="INFO">Clicking element 'toggle_buses'.</msg>
<arg>toggle_buses</arg>
<doc>Click the element identified by ``locator``.</doc>
<status status="PASS" start="2024-08-23T11:31:28.260987" elapsed="0.210980"/>
</kw>
<kw name="Get Element Count" owner="SeleniumLibrary">
<msg time="2024-08-23T11:31:28.496310" level="INFO">${initialCount} = 16</msg>
<var>${initialCount}</var>
<arg>//div[@class="busCardContainer "]</arg>
<doc>Returns the number of elements matching ``locator``.</doc>
<status status="PASS" start="2024-08-23T11:31:28.471967" elapsed="0.024343"/>
</kw>
<kw name="Click Element" owner="SeleniumLibrary">
<msg time="2024-08-23T11:31:28.496310" level="INFO">Clicking element '//div[contains(text(),'AC')]/../..//span[text()='Non AC']'.</msg>
<arg>//div[contains(text(),'${filterType}')]/../..//span[text()='${filterExactText}']</arg>
<doc>Click the element identified by ``locator``.</doc>
<status status="PASS" start="2024-08-23T11:31:28.496310" elapsed="0.141825"/>
</kw>
<kw name="Wait Until Element Is Not Visible" owner="SeleniumLibrary">
<arg>//div[@class="busListingContainer"]//p[contains(text(),'found') and contains(text(),'${initialCount}')]</arg>
<doc>Waits until the element ``locator`` is not visible.</doc>
<status status="PASS" start="2024-08-23T11:31:28.639108" elapsed="0.266912"/>
</kw>
<kw name="Sleep" owner="BuiltIn">
<msg time="2024-08-23T11:31:38.907493" level="INFO">Slept 10 seconds.</msg>
<arg>10s</arg>
<doc>Pauses the test executed for the given time.</doc>
<status status="PASS" start="2024-08-23T11:31:28.906020" elapsed="10.001997"/>
</kw>
<arg>AC</arg>
<arg>Non AC</arg>
<status status="PASS" start="2024-08-23T11:31:28.260987" elapsed="10.648069"/>
</kw>
<kw name="Get all bus" owner="kw_customer">
<kw name="Create List" owner="BuiltIn">
<msg time="2024-08-23T11:31:38.940835" level="INFO">@{allACBus} = [ ]</msg>
<var>@{allACBus}</var>
<doc>Returns a list containing given items.</doc>
<status status="PASS" start="2024-08-23T11:31:38.939841" elapsed="0.000994"/>
</kw>
<kw name="Run Keyword And Ignore Error" owner="BuiltIn">
<kw name="Click Element" owner="SeleniumLibrary">
<msg time="2024-08-23T11:31:38.943351" level="INFO">Clicking element '//div[@id="toggle_buses" and not(contains(@class,'active'))]'.</msg>
<msg time="2024-08-23T11:31:39.109861" level="INFO" html="true">&lt;/td&gt;&lt;/tr&gt;&lt;tr&gt;&lt;td colspan="3"&gt;&lt;a href="selenium-screenshot-7.png"&gt;&lt;img src="selenium-screenshot-7.png" width="800px"&gt;&lt;/a&gt;</msg>
<msg time="2024-08-23T11:31:39.109861" level="FAIL">Element with locator '//div[@id="toggle_buses" and not(contains(@class,'active'))]' not found.</msg>
<arg>//div[@id="toggle_buses" and not(contains(@class,'active'))]</arg>
<doc>Click the element identified by ``locator``.</doc>
<status status="FAIL" start="2024-08-23T11:31:38.941836" elapsed="0.170025">Element with locator '//div[@id="toggle_buses" and not(contains(@class,'active'))]' not found.</status>
</kw>
<arg>Click element</arg>
<arg>//div[@id="toggle_buses" and not(contains(@class,'active'))]</arg>
<doc>Runs the given keyword with the given arguments and ignores possible error.</doc>
<status status="PASS" start="2024-08-23T11:31:38.940835" elapsed="0.171026"/>
</kw>
<kw name="Get Element Count" owner="SeleniumLibrary">
<msg time="2024-08-23T11:31:39.133957" level="INFO">${numberofbusses} = 8</msg>
<var>${numberofbusses}</var>
<arg>//div[contains(@class,'busCardContainer')]</arg>
<doc>Returns the number of elements matching ``locator``.</doc>
<status status="PASS" start="2024-08-23T11:31:39.111861" elapsed="0.022096"/>
</kw>
<kw name="Evaluate" owner="BuiltIn">
<msg time="2024-08-23T11:31:39.156061" level="INFO">${numberofbusses} = 9</msg>
<var>${numberofbusses}</var>
<arg>$numberofbusses+1</arg>
<doc>Evaluates the given expression in Python and returns the result.</doc>
<status status="PASS" start="2024-08-23T11:31:39.134954" elapsed="0.021107"/>
</kw>
<for flavor="IN RANGE">
<iter>
<kw name="Get Text" owner="SeleniumLibrary">
<msg time="2024-08-23T11:31:39.187121" level="INFO">${ACBus} = Super Fast Non AC Seater (2+3)</msg>
<var>${ACBus}</var>
<arg>(//div[contains(@class,'busCardContainer')]//p[contains(@class,'secondaryTxt')])[${index}]</arg>
<doc>Returns the text value of the element identified by ``locator``.</doc>
<status status="PASS" start="2024-08-23T11:31:39.156061" elapsed="0.031060"/>
</kw>
<kw name="Log" owner="BuiltIn">
<msg time="2024-08-23T11:31:39.187121" level="INFO">Super Fast Non AC Seater (2+3)</msg>
<arg>${ACBus}</arg>
<doc>Logs the given message with the given level.</doc>
<status status="PASS" start="2024-08-23T11:31:39.187121" elapsed="0.000000"/>
</kw>
<kw name="Append To List" owner="Collections">
<arg>${allACBus}</arg>
<arg>${ACBus}</arg>
<doc>Adds ``values`` to the end of ``list``.</doc>
<status status="PASS" start="2024-08-23T11:31:39.188121" elapsed="0.000000"/>
</kw>
<var name="${index}">1</var>
<status status="PASS" start="2024-08-23T11:31:39.156061" elapsed="0.032060"/>
</iter>
<iter>
<kw name="Get Text" owner="SeleniumLibrary">
<msg time="2024-08-23T11:31:39.214224" level="INFO">${ACBus} = Super Fast Non AC Seater (2+3)</msg>
<var>${ACBus}</var>
<arg>(//div[contains(@class,'busCardContainer')]//p[contains(@class,'secondaryTxt')])[${index}]</arg>
<doc>Returns the text value of the element identified by ``locator``.</doc>
<status status="PASS" start="2024-08-23T11:31:39.188121" elapsed="0.026103"/>
</kw>
<kw name="Log" owner="BuiltIn">
<msg time="2024-08-23T11:31:39.214224" level="INFO">Super Fast Non AC Seater (2+3)</msg>
<arg>${ACBus}</arg>
<doc>Logs the given message with the given level.</doc>
<status status="PASS" start="2024-08-23T11:31:39.214224" elapsed="0.000000"/>
</kw>
<kw name="Append To List" owner="Collections">
<arg>${allACBus}</arg>
<arg>${ACBus}</arg>
<doc>Adds ``values`` to the end of ``list``.</doc>
<status status="PASS" start="2024-08-23T11:31:39.214224" elapsed="0.000000"/>
</kw>
<var name="${index}">2</var>
<status status="PASS" start="2024-08-23T11:31:39.188121" elapsed="0.026103"/>
</iter>
<iter>
<kw name="Get Text" owner="SeleniumLibrary">
<msg time="2024-08-23T11:31:39.268940" level="INFO">${ACBus} = Super Fast Non AC Seater (2+3)</msg>
<var>${ACBus}</var>
<arg>(//div[contains(@class,'busCardContainer')]//p[contains(@class,'secondaryTxt')])[${index}]</arg>
<doc>Returns the text value of the element identified by ``locator``.</doc>
<status status="PASS" start="2024-08-23T11:31:39.215222" elapsed="0.053718"/>
</kw>
<kw name="Log" owner="BuiltIn">
<msg time="2024-08-23T11:31:39.269940" level="INFO">Super Fast Non AC Seater (2+3)</msg>
<arg>${ACBus}</arg>
<doc>Logs the given message with the given level.</doc>
<status status="PASS" start="2024-08-23T11:31:39.269940" elapsed="0.000000"/>
</kw>
<kw name="Append To List" owner="Collections">
<arg>${allACBus}</arg>
<arg>${ACBus}</arg>
<doc>Adds ``values`` to the end of ``list``.</doc>
<status status="PASS" start="2024-08-23T11:31:39.269940" elapsed="0.001000"/>
</kw>
<var name="${index}">3</var>
<status status="PASS" start="2024-08-23T11:31:39.215222" elapsed="0.055718"/>
</iter>
<iter>
<kw name="Get Text" owner="SeleniumLibrary">
<msg time="2024-08-23T11:31:39.310052" level="INFO">${ACBus} = Super Fast Non AC Seater (2+3)</msg>
<var>${ACBus}</var>
<arg>(//div[contains(@class,'busCardContainer')]//p[contains(@class,'secondaryTxt')])[${index}]</arg>
<doc>Returns the text value of the element identified by ``locator``.</doc>
<status status="PASS" start="2024-08-23T11:31:39.270940" elapsed="0.039112"/>
</kw>
<kw name="Log" owner="BuiltIn">
<msg time="2024-08-23T11:31:39.311054" level="INFO">Super Fast Non AC Seater (2+3)</msg>
<arg>${ACBus}</arg>
<doc>Logs the given message with the given level.</doc>
<status status="PASS" start="2024-08-23T11:31:39.310052" elapsed="0.001002"/>
</kw>
<kw name="Append To List" owner="Collections">
<arg>${allACBus}</arg>
<arg>${ACBus}</arg>
<doc>Adds ``values`` to the end of ``list``.</doc>
<status status="PASS" start="2024-08-23T11:31:39.311054" elapsed="0.001004"/>
</kw>
<var name="${index}">4</var>
<status status="PASS" start="2024-08-23T11:31:39.270940" elapsed="0.041118"/>
</iter>
<iter>
<kw name="Get Text" owner="SeleniumLibrary">
<msg time="2024-08-23T11:31:39.349184" level="INFO">${ACBus} = Super Fast Non AC Seater (2+3)</msg>
<var>${ACBus}</var>
<arg>(//div[contains(@class,'busCardContainer')]//p[contains(@class,'secondaryTxt')])[${index}]</arg>
<doc>Returns the text value of the element identified by ``locator``.</doc>
<status status="PASS" start="2024-08-23T11:31:39.313070" elapsed="0.037102"/>
</kw>
<kw name="Log" owner="BuiltIn">
<msg time="2024-08-23T11:31:39.351167" level="INFO">Super Fast Non AC Seater (2+3)</msg>
<arg>${ACBus}</arg>
<doc>Logs the given message with the given level.</doc>
<status status="PASS" start="2024-08-23T11:31:39.350172" elapsed="0.000995"/>
</kw>
<kw name="Append To List" owner="Collections">
<arg>${allACBus}</arg>
<arg>${ACBus}</arg>
<doc>Adds ``values`` to the end of ``list``.</doc>
<status status="PASS" start="2024-08-23T11:31:39.351167" elapsed="0.000000"/>
</kw>
<var name="${index}">5</var>
<status status="PASS" start="2024-08-23T11:31:39.313070" elapsed="0.038097"/>
</iter>
<iter>
<kw name="Get Text" owner="SeleniumLibrary">
<msg time="2024-08-23T11:31:39.386299" level="INFO">${ACBus} = Super Fast Non AC Seater (2+3)</msg>
<var>${ACBus}</var>
<arg>(//div[contains(@class,'busCardContainer')]//p[contains(@class,'secondaryTxt')])[${index}]</arg>
<doc>Returns the text value of the element identified by ``locator``.</doc>
<status status="PASS" start="2024-08-23T11:31:39.352681" elapsed="0.033618"/>
</kw>
<kw name="Log" owner="BuiltIn">
<msg time="2024-08-23T11:31:39.386299" level="INFO">Super Fast Non AC Seater (2+3)</msg>
<arg>${ACBus}</arg>
<doc>Logs the given message with the given level.</doc>
<status status="PASS" start="2024-08-23T11:31:39.386299" elapsed="0.000000"/>
</kw>
<kw name="Append To List" owner="Collections">
<arg>${allACBus}</arg>
<arg>${ACBus}</arg>
<doc>Adds ``values`` to the end of ``list``.</doc>
<status status="PASS" start="2024-08-23T11:31:39.386299" elapsed="0.001522"/>
</kw>
<var name="${index}">6</var>
<status status="PASS" start="2024-08-23T11:31:39.351167" elapsed="0.036654"/>
</iter>
<iter>
<kw name="Get Text" owner="SeleniumLibrary">
<msg time="2024-08-23T11:31:39.422938" level="INFO">${ACBus} = Super Fast Non AC Seater (2+3)</msg>
<var>${ACBus}</var>
<arg>(//div[contains(@class,'busCardContainer')]//p[contains(@class,'secondaryTxt')])[${index}]</arg>
<doc>Returns the text value of the element identified by ``locator``.</doc>
<status status="PASS" start="2024-08-23T11:31:39.387821" elapsed="0.035117"/>
</kw>
<kw name="Log" owner="BuiltIn">
<msg time="2024-08-23T11:31:39.423461" level="INFO">Super Fast Non AC Seater (2+3)</msg>
<arg>${ACBus}</arg>
<doc>Logs the given message with the given level.</doc>
<status status="PASS" start="2024-08-23T11:31:39.423461" elapsed="0.000000"/>
</kw>
<kw name="Append To List" owner="Collections">
<arg>${allACBus}</arg>
<arg>${ACBus}</arg>
<doc>Adds ``values`` to the end of ``list``.</doc>
<status status="PASS" start="2024-08-23T11:31:39.423461" elapsed="0.001008"/>
</kw>
<var name="${index}">7</var>
<status status="PASS" start="2024-08-23T11:31:39.387821" elapsed="0.036648"/>
</iter>
<iter>
<kw name="Get Text" owner="SeleniumLibrary">
<msg time="2024-08-23T11:31:39.458084" level="INFO">${ACBus} = Non A/C Seater / Sleeper (2+1)</msg>
<var>${ACBus}</var>
<arg>(//div[contains(@class,'busCardContainer')]//p[contains(@class,'secondaryTxt')])[${index}]</arg>
<doc>Returns the text value of the element identified by ``locator``.</doc>
<status status="PASS" start="2024-08-23T11:31:39.424469" elapsed="0.033615"/>
</kw>
<kw name="Log" owner="BuiltIn">
<msg time="2024-08-23T11:31:39.459082" level="INFO">Non A/C Seater / Sleeper (2+1)</msg>
<arg>${ACBus}</arg>
<doc>Logs the given message with the given level.</doc>
<status status="PASS" start="2024-08-23T11:31:39.459082" elapsed="0.000000"/>
</kw>
<kw name="Append To List" owner="Collections">
<arg>${allACBus}</arg>
<arg>${ACBus}</arg>
<doc>Adds ``values`` to the end of ``list``.</doc>
<status status="PASS" start="2024-08-23T11:31:39.459082" elapsed="0.000000"/>
</kw>
<var name="${index}">8</var>
<status status="PASS" start="2024-08-23T11:31:39.424469" elapsed="0.035614"/>
</iter>
<var>${index}</var>
<value>1</value>
<value>${numberofbusses}</value>
<status status="PASS" start="2024-08-23T11:31:39.156061" elapsed="0.304022"/>
</for>
<kw name="Log" owner="BuiltIn">
<msg time="2024-08-23T11:31:39.460083" level="INFO">['Super Fast Non AC Seater (2+3)', 'Super Fast Non AC Seater (2+3)', 'Super Fast Non AC Seater (2+3)', 'Super Fast Non AC Seater (2+3)', 'Super Fast Non AC Seater (2+3)', 'Super Fast Non AC Seater (2+3)', 'Super Fast Non AC Seater (2+3)', 'Non A/C Seater / Sleeper (2+1)']</msg>
<arg>${allACBus}</arg>
<doc>Logs the given message with the given level.</doc>
<status status="PASS" start="2024-08-23T11:31:39.460083" elapsed="0.000000"/>
</kw>
<kw name="Remove String" owner="String">
<msg time="2024-08-23T11:31:39.461086" level="INFO">${str} = Non AC</msg>
<var>${str}</var>
<arg>${filtername}</arg>
<arg>/</arg>
<doc>Removes all ``removables`` from the given ``string``.</doc>
<status status="PASS" start="2024-08-23T11:31:39.461086" elapsed="0.000000"/>
</kw>
<kw name="Set Test Variable" owner="BuiltIn">
<msg time="2024-08-23T11:31:39.462086" level="INFO">${str} = Non AC</msg>
<arg>${str}</arg>
<arg>${str}</arg>
<doc>Makes a variable available everywhere within the scope of the current test.</doc>
<status status="PASS" start="2024-08-23T11:31:39.461086" elapsed="0.001000"/>
</kw>
<kw name="Set Test Variable" owner="BuiltIn">
<msg time="2024-08-23T11:31:39.462086" level="INFO">@{allACBus} = [ Super Fast Non AC Seater (2+3) | Super Fast Non AC Seater (2+3) | Super Fast Non AC Seater (2+3) | Super Fast Non AC Seater (2+3) | Super Fast Non AC Seater (2+3) | Super Fast Non AC Seater (2+3) | ...</msg>
<arg>@{allACBus}</arg>
<arg>@{allACBus}</arg>
<doc>Makes a variable available everywhere within the scope of the current test.</doc>
<status status="PASS" start="2024-08-23T11:31:39.462086" elapsed="0.000000"/>
</kw>
<kw name="Set Test Variable" owner="BuiltIn">
<msg time="2024-08-23T11:31:39.463092" level="INFO">${filtername} = Non A/C</msg>
<arg>${filtername}</arg>
<arg>${filtername}</arg>
<doc>Makes a variable available everywhere within the scope of the current test.</doc>
<status status="PASS" start="2024-08-23T11:31:39.462086" elapsed="0.001006"/>
</kw>
<arg>Non A/C</arg>
<status status="PASS" start="2024-08-23T11:31:38.937816" elapsed="0.525276"/>
</kw>
<kw name="Verify filter" owner="kw_customer">
<kw name="Log" owner="BuiltIn">
<msg time="2024-08-23T11:31:39.464091" level="INFO">['Super Fast Non AC Seater (2+3)', 'Super Fast Non AC Seater (2+3)', 'Super Fast Non AC Seater (2+3)', 'Super Fast Non AC Seater (2+3)', 'Super Fast Non AC Seater (2+3)', 'Super Fast Non AC Seater (2+3)', 'Super Fast Non AC Seater (2+3)', 'Non A/C Seater / Sleeper (2+1)']</msg>
<arg>${allACBus}</arg>
<doc>Logs the given message with the given level.</doc>
<status status="PASS" start="2024-08-23T11:31:39.464091" elapsed="0.000000"/>
</kw>
<for flavor="IN">
<iter>
<kw name="Should Contain Any" owner="BuiltIn">
<arg>${element}</arg>
<arg>${str}</arg>
<arg>${filtername}</arg>
<doc>Fails if ``container`` does not contain any of the ``*items``.</doc>
<status status="PASS" start="2024-08-23T11:31:39.465088" elapsed="0.000996"/>
</kw>
<var name="${element}">Super Fast Non AC Seater (2+3)</var>
<status status="PASS" start="2024-08-23T11:31:39.464091" elapsed="0.001993"/>
</iter>
<iter>
<kw name="Should Contain Any" owner="BuiltIn">
<arg>${element}</arg>
<arg>${str}</arg>
<arg>${filtername}</arg>
<doc>Fails if ``container`` does not contain any of the ``*items``.</doc>
<status status="PASS" start="2024-08-23T11:31:39.467083" elapsed="0.000000"/>
</kw>
<var name="${element}">Super Fast Non AC Seater (2+3)</var>
<status status="PASS" start="2024-08-23T11:31:39.466084" elapsed="0.000999"/>
</iter>
<iter>
<kw name="Should Contain Any" owner="BuiltIn">
<arg>${element}</arg>
<arg>${str}</arg>
<arg>${filtername}</arg>
<doc>Fails if ``container`` does not contain any of the ``*items``.</doc>
<status status="PASS" start="2024-08-23T11:31:39.468087" elapsed="0.000000"/>
</kw>
<var name="${element}">Super Fast Non AC Seater (2+3)</var>
<status status="PASS" start="2024-08-23T11:31:39.467083" elapsed="0.001004"/>
</iter>
<iter>
<kw name="Should Contain Any" owner="BuiltIn">
<arg>${element}</arg>
<arg>${str}</arg>
<arg>${filtername}</arg>
<doc>Fails if ``container`` does not contain any of the ``*items``.</doc>
<status status="PASS" start="2024-08-23T11:31:39.468087" elapsed="0.001000"/>
</kw>
<var name="${element}">Super Fast Non AC Seater (2+3)</var>
<status status="PASS" start="2024-08-23T11:31:39.468087" elapsed="0.001000"/>
</iter>
<iter>
<kw name="Should Contain Any" owner="BuiltIn">
<arg>${element}</arg>
<arg>${str}</arg>
<arg>${filtername}</arg>
<doc>Fails if ``container`` does not contain any of the ``*items``.</doc>
<status status="PASS" start="2024-08-23T11:31:39.469087" elapsed="0.001001"/>
</kw>
<var name="${element}">Super Fast Non AC Seater (2+3)</var>
<status status="PASS" start="2024-08-23T11:31:39.469087" elapsed="0.001001"/>
</iter>
<iter>
<kw name="Should Contain Any" owner="BuiltIn">
<arg>${element}</arg>
<arg>${str}</arg>
<arg>${filtername}</arg>
<doc>Fails if ``container`` does not contain any of the ``*items``.</doc>
<status status="PASS" start="2024-08-23T11:31:39.470088" elapsed="0.001016"/>
</kw>
<var name="${element}">Super Fast Non AC Seater (2+3)</var>
<status status="PASS" start="2024-08-23T11:31:39.470088" elapsed="0.001999"/>
</iter>
<iter>
<kw name="Should Contain Any" owner="BuiltIn">
<arg>${element}</arg>
<arg>${str}</arg>
<arg>${filtername}</arg>
<doc>Fails if ``container`` does not contain any of the ``*items``.</doc>
<status status="PASS" start="2024-08-23T11:31:39.472087" elapsed="0.001000"/>
</kw>
<var name="${element}">Super Fast Non AC Seater (2+3)</var>
<status status="PASS" start="2024-08-23T11:31:39.472087" elapsed="0.001000"/>
</iter>
<iter>
<kw name="Should Contain Any" owner="BuiltIn">
<arg>${element}</arg>
<arg>${str}</arg>
<arg>${filtername}</arg>
<doc>Fails if ``container`` does not contain any of the ``*items``.</doc>
<status status="PASS" start="2024-08-23T11:31:39.473618" elapsed="0.000000"/>
</kw>
<var name="${element}">Non A/C Seater / Sleeper (2+1)</var>
<status status="PASS" start="2024-08-23T11:31:39.473087" elapsed="0.000531"/>
</iter>
<var>${element}</var>
<value>@{allACBus}</value>
<status status="PASS" start="2024-08-23T11:31:39.464091" elapsed="0.009527"/>
</for>
<status status="PASS" start="2024-08-23T11:31:39.463092" elapsed="0.010526"/>
</kw>
<status status="PASS" start="2024-08-23T11:30:35.916994" elapsed="63.557638"/>
</test>
<status status="PASS" start="2024-08-23T11:30:35.315032" elapsed="64.161600"/>
</suite>
<statistics>
<total>
<stat pass="1" fail="0" skip="0">All Tests</stat>
</total>
<tag>
</tag>
<suite>
<stat pass="1" fail="0" skip="0" id="s1" name="Customer">Customer</stat>
</suite>
</statistics>
<errors>
<msg time="2024-08-23T11:30:35.851699" level="WARN">Error in file 'C:\pytohn_learning\Quest_python\project\training-t\Keywords\kw_customer.robot' on line 325: The '[Return]' setting is deprecated. Use the 'RETURN' statement instead.</msg>
<msg time="2024-08-23T11:30:35.853215" level="WARN">Error in file 'C:\pytohn_learning\Quest_python\project\training-t\Keywords\kw_customer.robot' on line 344: The '[Return]' setting is deprecated. Use the 'RETURN' statement instead.</msg>
<msg time="2024-08-23T11:30:35.855227" level="WARN">Error in file 'C:\pytohn_learning\Quest_python\project\training-t\Keywords\kw_customer.robot' on line 355: The '[Return]' setting is deprecated. Use the 'RETURN' statement instead.</msg>
</errors>
</robot>
