<?xml version="1.0" encoding="UTF-8"?>
<robot generator="Robot 7.0.1 (Python 3.12.4 on win32)" generated="2024-08-23T11:27:26.075751" rpa="false" schemaversion="5">
<suite id="s1" name="Customer" source="D:\quest launchpad\training-t\TestCases\Customer.robot">
<test id="s1-t1" name="TC-004 Verify if a user is able to filter bus according to their drop point" line="30">
<kw name="Open Make My Trip As" owner="common">
<kw name="Open Browser" owner="SeleniumLibrary">
<msg time="2024-08-23T11:27:27.085611" level="INFO">Opening browser 'chrome' to base url 'https://www.makemytrip.com'.</msg>
<arg>browser=chrome</arg>
<arg>url=https://www.makemytrip.com</arg>
<doc>Opens a new browser instance to the optional ``url``.</doc>
<status status="PASS" start="2024-08-23T11:27:27.085611" elapsed="6.045469"/>
</kw>
<kw name="Maximize Browser Window" owner="SeleniumLibrary">
<doc>Maximizes current browser window.</doc>
<status status="PASS" start="2024-08-23T11:27:33.131080" elapsed="0.289970"/>
</kw>
<kw name="Wait Until Element Is Visible" owner="SeleniumLibrary">
<arg>//span[@class='commonModal__close']</arg>
<arg>10s</arg>
<doc>Waits until the element ``locator`` is visible.</doc>
<status status="PASS" start="2024-08-23T11:27:33.421050" elapsed="6.221575"/>
</kw>
<kw name="Click Element" owner="SeleniumLibrary">
<msg time="2024-08-23T11:27:39.644291" level="INFO">Clicking element '//span[@class='commonModal__close']'.</msg>
<arg>//span[@class='commonModal__close']</arg>
<doc>Click the element identified by ``locator``.</doc>
<status status="PASS" start="2024-08-23T11:27:39.642625" elapsed="0.468768"/>
</kw>
<status status="PASS" start="2024-08-23T11:27:27.079100" elapsed="13.032293"/>
</kw>
<kw name="Search Buses" owner="kw_customer">
<kw name="Split String" owner="String">
<msg time="2024-08-23T11:27:40.115432" level="INFO">${day} = today's</msg>
<msg time="2024-08-23T11:27:40.116301" level="INFO">${month} = date</msg>
<var>${day}</var>
<var>${month}</var>
<arg>${date}</arg>
<arg>${SPACE}</arg>
<doc>Splits the ``string`` using ``separator`` as a delimiter string.</doc>
<status status="PASS" start="2024-08-23T11:27:40.115432" elapsed="0.000869"/>
</kw>
<kw name="Wait Until Element Is Visible" owner="SeleniumLibrary">
<arg>//li[@class='menu_Buses']</arg>
<doc>Waits until the element ``locator`` is visible.</doc>
<status status="PASS" start="2024-08-23T11:27:40.116393" elapsed="0.151720"/>
</kw>
<kw name="Click Element" owner="SeleniumLibrary">
<msg time="2024-08-23T11:27:40.274615" level="INFO">Clicking element '//li[@class='menu_Buses']'.</msg>
<arg>//li[@class='menu_Buses']</arg>
<doc>Click the element identified by ``locator``.</doc>
<status status="PASS" start="2024-08-23T11:27:40.268113" elapsed="1.953850"/>
</kw>
<kw name="Wait Until Element Is Visible" owner="SeleniumLibrary">
<arg>fromCity</arg>
<arg>10s</arg>
<doc>Waits until the element ``locator`` is visible.</doc>
<status status="PASS" start="2024-08-23T11:27:42.221963" elapsed="0.296621"/>
</kw>
<kw name="Click Element" owner="SeleniumLibrary">
<msg time="2024-08-23T11:27:42.518584" level="INFO">Clicking element 'fromCity'.</msg>
<arg>fromCity</arg>
<doc>Click the element identified by ``locator``.</doc>
<status status="PASS" start="2024-08-23T11:27:42.518584" elapsed="0.208551"/>
</kw>
<kw name="Wait Until Element Is Visible" owner="SeleniumLibrary">
<arg>//input[contains(@placeholder,'From')]</arg>
<doc>Waits until the element ``locator`` is visible.</doc>
<status status="PASS" start="2024-08-23T11:27:42.727135" elapsed="0.356396"/>
</kw>
<kw name="Input Text" owner="SeleniumLibrary">
<msg time="2024-08-23T11:27:43.085262" level="INFO">Typing text 'Coimbatore' into text field '//input[contains(@placeholder,'From')]'.</msg>
<arg>//input[contains(@placeholder,'From')]</arg>
<arg>${fromcity}</arg>
<doc>Types the given ``text`` into the text field identified by ``locator``.</doc>
<status status="PASS" start="2024-08-23T11:27:43.085262" elapsed="3.336536"/>
</kw>
<kw name="Wait Until Element Is Visible" owner="SeleniumLibrary">
<arg>//div[contains(@class,'autosuggest')]//span[contains(text(),'${fromcity},')]</arg>
<doc>Waits until the element ``locator`` is visible.</doc>
<status status="PASS" start="2024-08-23T11:27:46.422319" elapsed="0.713079"/>
</kw>
<kw name="Click Element" owner="SeleniumLibrary">
<msg time="2024-08-23T11:27:47.135398" level="INFO">Clicking element '//div[contains(@class,'autosuggest')]//span[contains(text(),'Coimbatore,')]'.</msg>
<arg>//div[contains(@class,'autosuggest')]//span[contains(text(),'${fromcity},')]</arg>
<doc>Click the element identified by ``locator``.</doc>
<status status="PASS" start="2024-08-23T11:27:47.135398" elapsed="0.122983"/>
</kw>
<kw name="Run Keyword And Ignore Error" owner="BuiltIn">
<kw name="Click Element" owner="SeleniumLibrary">
<msg time="2024-08-23T11:27:47.261267" level="INFO">Clicking element 'toCity'.</msg>
<msg time="2024-08-23T11:27:48.655285" level="INFO" html="true">&lt;/td&gt;&lt;/tr&gt;&lt;tr&gt;&lt;td colspan="3"&gt;&lt;a href="selenium-screenshot-24.png"&gt;&lt;img src="selenium-screenshot-24.png" width="800px"&gt;&lt;/a&gt;</msg>
<msg time="2024-08-23T11:27:48.655285" level="FAIL">ElementClickInterceptedException: Message: element click intercepted: Element &lt;input id="toCity" data-cy="toCityVal" type="text" class="bussw_inputField font30 latoBlack" readonly="" value="Kanpur, Uttar Pradesh"&gt; is not clickable at point (903, 296). Other element would receive the click: &lt;input type="text" autocomplete="off" aria-autocomplete="list" aria-controls="react-autowhatever-1" class="react-autosuggest__input react-autosuggest__input--open react-autosuggest__input--focused" placeholder="To" title="To" value=""&gt;
  (Session info: chrome=127.0.6533.120)
Stacktrace:
	GetHandleVerifier [0x00007FF622319642+30946]
	(No symbol) [0x00007FF6222CE3D9]
	(No symbol) [0x00007FF6221C6FDA]
	(No symbol) [0x00007FF62221FEEE]
	(No symbol) [0x00007FF62221D962]
	(No symbol) [0x00007FF62221AE7B]
	(No symbol) [0x00007FF62221A095]
	(No symbol) [0x00007FF62220C271]
	(No symbol) [0x00007FF62223CA6A]
	(No symbol) [0x00007FF62220BBB6]
	(No symbol) [0x00007FF62223CC80]
	(No symbol) [0x00007FF62225B041]
	(No symbol) [0x00007FF62223C813]
	(No symbol) [0x00007FF62220A6E5]
	(No symbol) [0x00007FF62220B021]
	GetHandleVerifier [0x00007FF62244F84D+1301229]
	GetHandleVerifier [0x00007FF62245BDC7+1351783]
	GetHandleVerifier [0x00007FF622452A13+1313971]
	GetHandleVerifier [0x00007FF62234DD16+245686]
	(No symbol) [0x00007FF6222D759F]
	(No symbol) [0x00007FF6222D3814]
	(No symbol) [0x00007FF6222D39A2]
	(No symbol) [0x00007FF6222CA3FF]
	BaseThreadInitThunk [0x00007FFCF223257D+29]
	RtlUserThreadStart [0x00007FFCF444AF28+40]
</msg>
<arg>toCity</arg>
<doc>Click the element identified by ``locator``.</doc>
<status status="FAIL" start="2024-08-23T11:27:47.260243" elapsed="1.409170">ElementClickInterceptedException: Message: element click intercepted: Element &lt;input id="toCity" data-cy="toCityVal" type="text" class="bussw_inputField font30 latoBlack" readonly="" value="Kanpur, Uttar Pradesh"&gt; is not clickable at point (903, 296). Other element would receive the click: &lt;input type="text" autocomplete="off" aria-autocomplete="list" aria-controls="react-autowhatever-1" class="react-autosuggest__input react-autosuggest__input--open react-autosuggest__input--focused" placeholder="To" title="To" value=""&gt;
  (Session info: chrome=127.0.6533.120)
Stacktrace:
	GetHandleVerifier [0x00007FF622319642+30946]
	(No symbol) [0x00007FF6222CE3D9]
	(No symbol) [0x00007FF6221C6FDA]
	(No symbol) [0x00007FF62221FEEE]
	(No symbol) [0x00007FF62221D962]
	(No symbol) [0x00007FF62221AE7B]
	(No symbol) [0x00007FF62221A095]
	(No symbol) [0x00007FF62220C271]
	(No symbol) [0x00007FF62223CA6A]
	(No symbol) [0x00007FF62220BBB6]
	(No symbol) [0x00007FF62223CC80]
	(No symbol) [0x00007FF62225B041]
	(No symbol) [0x00007FF62223C813]
	(No symbol) [0x00007FF62220A6E5]
	(No symbol) [0x00007FF62220B021]
	GetHandleVerifier [0x00007FF62244F84D+1301229]
	GetHandleVerifier [0x00007FF62245BDC7+1351783]
	GetHandleVerifier [0x00007FF622452A13+1313971]
	GetHandleVerifier [0x00007FF62234DD16+245686]
	(No symbol) [0x00007FF6222D759F]
	(No symbol) [0x00007FF6222D3814]
	(No symbol) [0x00007FF6222D39A2]
	(No symbol) [0x00007FF6222CA3FF]
	BaseThreadInitThunk [0x00007FFCF223257D+29]
	RtlUserThreadStart [0x00007FFCF444AF28+40]
</status>
</kw>
<arg>Click Element</arg>
<arg>toCity</arg>
<doc>Runs the given keyword with the given arguments and ignores possible error.</doc>
<status status="PASS" start="2024-08-23T11:27:47.258381" elapsed="1.411032"/>
</kw>
<kw name="Wait Until Element Is Visible" owner="SeleniumLibrary">
<arg>//input[contains(@placeholder,'To')]</arg>
<doc>Waits until the element ``locator`` is visible.</doc>
<status status="PASS" start="2024-08-23T11:27:48.669413" elapsed="0.038074"/>
</kw>
<kw name="Input Text" owner="SeleniumLibrary">
<msg time="2024-08-23T11:27:48.709997" level="INFO">Typing text 'Trivandrum' into text field '//input[contains(@placeholder,'To')]'.</msg>
<arg>//input[contains(@placeholder,'To')]</arg>
<arg>${tocity}</arg>
<doc>Types the given ``text`` into the text field identified by ``locator``.</doc>
<status status="PASS" start="2024-08-23T11:27:48.709997" elapsed="0.255474"/>
</kw>
<kw name="Wait Until Element Is Visible" owner="SeleniumLibrary">
<arg>//div[contains(@class,'autosuggest')]//span[contains(text(),'(${tocity})')]</arg>
<doc>Waits until the element ``locator`` is visible.</doc>
<status status="PASS" start="2024-08-23T11:27:48.965471" elapsed="0.491791"/>
</kw>
<kw name="Click Element" owner="SeleniumLibrary">
<msg time="2024-08-23T11:27:49.457262" level="INFO">Clicking element '//div[contains(@class, 'autosuggest')]//span[contains(text(),'Trivandrum,') or contains(text(),'(Trivandrum),')]'.</msg>
<arg>//div[contains(@class, 'autosuggest')]//span[contains(text(),'${toCity},') or contains(text(),'(${toCity}),')]</arg>
<doc>Click the element identified by ``locator``.</doc>
<status status="PASS" start="2024-08-23T11:27:49.457262" elapsed="0.136256"/>
</kw>
<kw name="Run Keyword And Ignore Error" owner="BuiltIn">
<kw name="Click Element" owner="SeleniumLibrary">
<msg time="2024-08-23T11:27:49.594138" level="INFO">Clicking element 'travelDate'.</msg>
<msg time="2024-08-23T11:27:51.116192" level="INFO" html="true">&lt;/td&gt;&lt;/tr&gt;&lt;tr&gt;&lt;td colspan="3"&gt;&lt;a href="selenium-screenshot-25.png"&gt;&lt;img src="selenium-screenshot-25.png" width="800px"&gt;&lt;/a&gt;</msg>
<msg time="2024-08-23T11:27:51.116192" level="FAIL">ElementClickInterceptedException: Message: element click intercepted: Element &lt;input id="travelDate" type="text" data-cy="travelDateVal" class="bussw_inputField font20" readonly="" value=""&gt; is not clickable at point (1240, 292). Other element would receive the click: &lt;div class="dayPickerHeader dayToFromCont blackText"&gt;...&lt;/div&gt;
  (Session info: chrome=127.0.6533.120)
Stacktrace:
	GetHandleVerifier [0x00007FF622319642+30946]
	(No symbol) [0x00007FF6222CE3D9]
	(No symbol) [0x00007FF6221C6FDA]
	(No symbol) [0x00007FF62221FEEE]
	(No symbol) [0x00007FF62221D962]
	(No symbol) [0x00007FF62221AE7B]
	(No symbol) [0x00007FF62221A095]
	(No symbol) [0x00007FF62220C271]
	(No symbol) [0x00007FF62223CA6A]
	(No symbol) [0x00007FF62220BBB6]
	(No symbol) [0x00007FF62223CC80]
	(No symbol) [0x00007FF62225B041]
	(No symbol) [0x00007FF62223C813]
	(No symbol) [0x00007FF62220A6E5]
	(No symbol) [0x00007FF62220B021]
	GetHandleVerifier [0x00007FF62244F84D+1301229]
	GetHandleVerifier [0x00007FF62245BDC7+1351783]
	GetHandleVerifier [0x00007FF622452A13+1313971]
	GetHandleVerifier [0x00007FF62234DD16+245686]
	(No symbol) [0x00007FF6222D759F]
	(No symbol) [0x00007FF6222D3814]
	(No symbol) [0x00007FF6222D39A2]
	(No symbol) [0x00007FF6222CA3FF]
	BaseThreadInitThunk [0x00007FFCF223257D+29]
	RtlUserThreadStart [0x00007FFCF444AF28+40]
</msg>
<arg>travelDate</arg>
<doc>Click the element identified by ``locator``.</doc>
<status status="FAIL" start="2024-08-23T11:27:49.594138" elapsed="1.526598">ElementClickInterceptedException: Message: element click intercepted: Element &lt;input id="travelDate" type="text" data-cy="travelDateVal" class="bussw_inputField font20" readonly="" value=""&gt; is not clickable at point (1240, 292). Other element would receive the click: &lt;div class="dayPickerHeader dayToFromCont blackText"&gt;...&lt;/div&gt;
  (Session info: chrome=127.0.6533.120)
Stacktrace:
	GetHandleVerifier [0x00007FF622319642+30946]
	(No symbol) [0x00007FF6222CE3D9]
	(No symbol) [0x00007FF6221C6FDA]
	(No symbol) [0x00007FF62221FEEE]
	(No symbol) [0x00007FF62221D962]
	(No symbol) [0x00007FF62221AE7B]
	(No symbol) [0x00007FF62221A095]
	(No symbol) [0x00007FF62220C271]
	(No symbol) [0x00007FF62223CA6A]
	(No symbol) [0x00007FF62220BBB6]
	(No symbol) [0x00007FF62223CC80]
	(No symbol) [0x00007FF62225B041]
	(No symbol) [0x00007FF62223C813]
	(No symbol) [0x00007FF62220A6E5]
	(No symbol) [0x00007FF62220B021]
	GetHandleVerifier [0x00007FF62244F84D+1301229]
	GetHandleVerifier [0x00007FF62245BDC7+1351783]
	GetHandleVerifier [0x00007FF622452A13+1313971]
	GetHandleVerifier [0x00007FF62234DD16+245686]
	(No symbol) [0x00007FF6222D759F]
	(No symbol) [0x00007FF6222D3814]
	(No symbol) [0x00007FF6222D39A2]
	(No symbol) [0x00007FF6222CA3FF]
	BaseThreadInitThunk [0x00007FFCF223257D+29]
	RtlUserThreadStart [0x00007FFCF444AF28+40]
</status>
</kw>
<arg>Click Element</arg>
<arg>travelDate</arg>
<doc>Runs the given keyword with the given arguments and ignores possible error.</doc>
<status status="PASS" start="2024-08-23T11:27:49.594138" elapsed="1.526598"/>
</kw>
<kw name="Set Variable If" owner="BuiltIn">
<msg time="2024-08-23T11:27:51.125317" level="INFO">${datelocator} = //div[@class='DayPicker-Month']//div[@aria-selected='true']</msg>
<var>${datelocator}</var>
<arg>"${date}"=="today's date"</arg>
<arg>//div[@class='DayPicker-Month']//div[@aria-selected='true']</arg>
<arg>//div[contains(text(),${month})]/ancestor::div[@class='DayPicker-Month']//div[contains(text(),${day})]</arg>
<doc>Sets variable based on the given condition.</doc>
<status status="PASS" start="2024-08-23T11:27:51.120736" elapsed="0.005468"/>
</kw>
<kw name="Wait Until Element Is Visible" owner="SeleniumLibrary">
<arg>${datelocator}</arg>
<arg>10s</arg>
<doc>Waits until the element ``locator`` is visible.</doc>
<status status="PASS" start="2024-08-23T11:27:51.126204" elapsed="0.051142"/>
</kw>
<kw name="Click Element" owner="SeleniumLibrary">
<msg time="2024-08-23T11:27:51.185563" level="INFO">Clicking element '//div[@class='DayPicker-Month']//div[@aria-selected='true']'.</msg>
<arg>${datelocator}</arg>
<doc>Click the element identified by ``locator``.</doc>
<status status="PASS" start="2024-08-23T11:27:51.185563" elapsed="0.153929"/>
</kw>
<kw name="Click Element" owner="SeleniumLibrary">
<msg time="2024-08-23T11:27:51.339492" level="INFO">Clicking element 'search_button'.</msg>
<arg>search_button</arg>
<doc>Click the element identified by ``locator``.</doc>
<status status="PASS" start="2024-08-23T11:27:51.339492" elapsed="4.131613"/>
</kw>
<kw name="Wait Until Element Is Visible" owner="SeleniumLibrary">
<arg>//div[@class="busListingContainer"]//p[contains(text(),'found')]</arg>
<doc>Waits until the element ``locator`` is visible.</doc>
<status status="PASS" start="2024-08-23T11:27:55.471105" elapsed="0.041255"/>
</kw>
<arg>Coimbatore</arg>
<arg>Trivandrum</arg>
<status status="PASS" start="2024-08-23T11:27:40.111393" elapsed="15.400967"/>
</kw>
<kw name="Select drop point" owner="kw_customer">
<kw name="Click Element" owner="SeleniumLibrary">
<msg time="2024-08-23T11:27:55.514505" level="INFO">Clicking element 'toggle_buses'.</msg>
<arg>toggle_buses</arg>
<doc>Click the element identified by ``locator``.</doc>
<status status="PASS" start="2024-08-23T11:27:55.514505" elapsed="0.239167"/>
</kw>
<kw name="Get Element Count" owner="SeleniumLibrary">
<msg time="2024-08-23T11:27:55.793400" level="INFO">${initialCount} = 16</msg>
<var>${initialCount}</var>
<arg>//div[@class="busCardContainer "]</arg>
<doc>Returns the number of elements matching ``locator``.</doc>
<status status="PASS" start="2024-08-23T11:27:55.753672" elapsed="0.039728"/>
</kw>
<kw name="Click Element" owner="SeleniumLibrary">
<msg time="2024-08-23T11:27:55.795394" level="INFO">Clicking element '//div[contains(text(),'Drop point')]/../..//span[text()='Pattam']'.</msg>
<arg>//div[contains(text(),'${filterType}')]/../..//span[text()='${filterExactText}']</arg>
<doc>Click the element identified by ``locator``.</doc>
<status status="PASS" start="2024-08-23T11:27:55.794402" elapsed="0.186553"/>
</kw>
<kw name="Wait Until Element Is Not Visible" owner="SeleniumLibrary">
<arg>//div[@class="busListingContainer"]//p[contains(text(),'found') and contains(text(),'${initialCount}')]</arg>
<doc>Waits until the element ``locator`` is not visible.</doc>
<status status="PASS" start="2024-08-23T11:27:55.981461" elapsed="0.122709"/>
</kw>
<kw name="Sleep" owner="BuiltIn">
<msg time="2024-08-23T11:27:59.105562" level="INFO">Slept 3 seconds.</msg>
<arg>3s</arg>
<doc>Pauses the test executed for the given time.</doc>
<status status="PASS" start="2024-08-23T11:27:56.105184" elapsed="3.000378"/>
</kw>
<arg>Drop point</arg>
<arg>Pattam</arg>
<status status="PASS" start="2024-08-23T11:27:55.513359" elapsed="3.592203"/>
</kw>
<kw name="Verify drop point" owner="kw_customer">
<kw name="Run Keyword And Ignore Error" owner="BuiltIn">
<kw name="Click Element" owner="SeleniumLibrary">
<msg time="2024-08-23T11:27:59.109573" level="INFO">Clicking element '//div[@id="toggle_buses" and not(contains(@class,'active'))]'.</msg>
<msg time="2024-08-23T11:27:59.275416" level="INFO" html="true">&lt;/td&gt;&lt;/tr&gt;&lt;tr&gt;&lt;td colspan="3"&gt;&lt;a href="selenium-screenshot-26.png"&gt;&lt;img src="selenium-screenshot-26.png" width="800px"&gt;&lt;/a&gt;</msg>
<msg time="2024-08-23T11:27:59.276435" level="FAIL">Element with locator '//div[@id="toggle_buses" and not(contains(@class,'active'))]' not found.</msg>
<arg>//div[@id="toggle_buses" and not(contains(@class,'active'))]</arg>
<doc>Click the element identified by ``locator``.</doc>
<status status="FAIL" start="2024-08-23T11:27:59.109573" elapsed="0.176657">Element with locator '//div[@id="toggle_buses" and not(contains(@class,'active'))]' not found.</status>
</kw>
<arg>Click Element</arg>
<arg>//div[@id="toggle_buses" and not(contains(@class,'active'))]</arg>
<doc>Runs the given keyword with the given arguments and ignores possible error.</doc>
<status status="PASS" start="2024-08-23T11:27:59.108586" elapsed="0.177644"/>
</kw>
<kw name="Wait Until Element Is Visible" owner="SeleniumLibrary">
<arg>//div[@class="busCardContainer "]</arg>
<doc>Waits until the element ``locator`` is visible.</doc>
<status status="PASS" start="2024-08-23T11:27:59.287254" elapsed="0.027715"/>
</kw>
<kw name="Get Element Count" owner="SeleniumLibrary">
<msg time="2024-08-23T11:27:59.332576" level="INFO">${numberOfBuscard} = 10</msg>
<var>${numberOfBuscard}</var>
<arg>//div[@class="busCardContainer "]</arg>
<doc>Returns the number of elements matching ``locator``.</doc>
<status status="PASS" start="2024-08-23T11:27:59.316042" elapsed="0.016534"/>
</kw>
<kw name="Evaluate" owner="BuiltIn">
<msg time="2024-08-23T11:27:59.333568" level="INFO">${numberOfBuses} = 11</msg>
<var>${numberOfBuses}</var>
<arg>$numberOfBuscard+1</arg>
<doc>Evaluates the given expression in Python and returns the result.</doc>
<status status="PASS" start="2024-08-23T11:27:59.333568" elapsed="0.000000"/>
</kw>
<for flavor="IN RANGE">
<iter>
<kw name="Scroll Element Into View" owner="SeleniumLibrary">
<arg>(//div[contains(@class,"busCardFooter")]//span[text()="Pickups &amp; Drops"])[${index}]</arg>
<doc>Scrolls the element identified by ``locator`` into view.</doc>
<status status="PASS" start="2024-08-23T11:27:59.335171" elapsed="0.300024"/>
</kw>
<kw name="Click Element" owner="SeleniumLibrary">
<msg time="2024-08-23T11:27:59.636212" level="INFO">Clicking element '(//div[contains(@class,"busCardFooter")]//span[text()="Pickups &amp; Drops"])[1]'.</msg>
<arg>(//div[contains(@class,"busCardFooter")]//span[text()="Pickups &amp; Drops"])[${index}]</arg>
<doc>Click the element identified by ``locator``.</doc>
<status status="PASS" start="2024-08-23T11:27:59.636212" elapsed="0.145005"/>
</kw>
<kw name="Sleep" owner="BuiltIn">
<msg time="2024-08-23T11:28:04.782655" level="INFO">Slept 5 seconds.</msg>
<arg>5s</arg>
<doc>Pauses the test executed for the given time.</doc>
<status status="PASS" start="2024-08-23T11:27:59.782217" elapsed="5.000438"/>
</kw>
<kw name="Element Should Be Visible" owner="SeleniumLibrary">
<msg time="2024-08-23T11:28:04.839100" level="INFO">Element '//ul[@class="btnSelectBusWithoutRadio"]//span[@title="Pattam"]' is displayed.</msg>
<arg>//ul[@class="btnSelectBusWithoutRadio"]//span[@title="${filtertext}"]</arg>
<doc>Verifies that the element identified by ``locator`` is visible.</doc>
<status status="PASS" start="2024-08-23T11:28:04.782655" elapsed="0.056445"/>
</kw>
<kw name="Click Element" owner="SeleniumLibrary">
<msg time="2024-08-23T11:28:04.840629" level="INFO">Clicking element '(//div[contains(@class,"busCardFooter")]//span[text()="Pickups &amp; Drops"])[1]'.</msg>
<arg>(//div[contains(@class,"busCardFooter")]//span[text()="Pickups &amp; Drops"])[${index}]</arg>
<doc>Click the element identified by ``locator``.</doc>
<status status="PASS" start="2024-08-23T11:28:04.839100" elapsed="0.252305"/>
</kw>
<var name="${index}">1</var>
<status status="PASS" start="2024-08-23T11:27:59.335171" elapsed="5.756234"/>
</iter>
<iter>
<kw name="Scroll Element Into View" owner="SeleniumLibrary">
<arg>(//div[contains(@class,"busCardFooter")]//span[text()="Pickups &amp; Drops"])[${index}]</arg>
<doc>Scrolls the element identified by ``locator`` into view.</doc>
<status status="PASS" start="2024-08-23T11:28:05.094214" elapsed="0.482424"/>
</kw>
<kw name="Click Element" owner="SeleniumLibrary">
<msg time="2024-08-23T11:28:05.576638" level="INFO">Clicking element '(//div[contains(@class,"busCardFooter")]//span[text()="Pickups &amp; Drops"])[2]'.</msg>
<arg>(//div[contains(@class,"busCardFooter")]//span[text()="Pickups &amp; Drops"])[${index}]</arg>
<doc>Click the element identified by ``locator``.</doc>
<status status="PASS" start="2024-08-23T11:28:05.576638" elapsed="0.177076"/>
</kw>
<kw name="Sleep" owner="BuiltIn">
<msg time="2024-08-23T11:28:10.755428" level="INFO">Slept 5 seconds.</msg>
<arg>5s</arg>
<doc>Pauses the test executed for the given time.</doc>
<status status="PASS" start="2024-08-23T11:28:05.755075" elapsed="5.000353"/>
</kw>
<kw name="Element Should Be Visible" owner="SeleniumLibrary">
<msg time="2024-08-23T11:28:10.808975" level="INFO">Element '//ul[@class="btnSelectBusWithoutRadio"]//span[@title="Pattam"]' is displayed.</msg>
<arg>//ul[@class="btnSelectBusWithoutRadio"]//span[@title="${filtertext}"]</arg>
<doc>Verifies that the element identified by ``locator`` is visible.</doc>
<status status="PASS" start="2024-08-23T11:28:10.755428" elapsed="0.053547"/>
</kw>
<kw name="Click Element" owner="SeleniumLibrary">
<msg time="2024-08-23T11:28:10.808975" level="INFO">Clicking element '(//div[contains(@class,"busCardFooter")]//span[text()="Pickups &amp; Drops"])[2]'.</msg>
<arg>(//div[contains(@class,"busCardFooter")]//span[text()="Pickups &amp; Drops"])[${index}]</arg>
<doc>Click the element identified by ``locator``.</doc>
<status status="PASS" start="2024-08-23T11:28:10.808975" elapsed="0.213241"/>
</kw>
<var name="${index}">2</var>
<status status="PASS" start="2024-08-23T11:28:05.091405" elapsed="5.930811"/>
</iter>
<iter>
<kw name="Scroll Element Into View" owner="SeleniumLibrary">
<arg>(//div[contains(@class,"busCardFooter")]//span[text()="Pickups &amp; Drops"])[${index}]</arg>
<doc>Scrolls the element identified by ``locator`` into view.</doc>
<status status="PASS" start="2024-08-23T11:28:11.024379" elapsed="0.342718"/>
</kw>
<kw name="Click Element" owner="SeleniumLibrary">
<msg time="2024-08-23T11:28:11.369269" level="INFO">Clicking element '(//div[contains(@class,"busCardFooter")]//span[text()="Pickups &amp; Drops"])[3]'.</msg>
<arg>(//div[contains(@class,"busCardFooter")]//span[text()="Pickups &amp; Drops"])[${index}]</arg>
<doc>Click the element identified by ``locator``.</doc>
<status status="PASS" start="2024-08-23T11:28:11.367097" elapsed="0.201022"/>
</kw>
<kw name="Sleep" owner="BuiltIn">
<msg time="2024-08-23T11:28:16.568291" level="INFO">Slept 5 seconds.</msg>
<arg>5s</arg>
<doc>Pauses the test executed for the given time.</doc>
<status status="PASS" start="2024-08-23T11:28:11.568119" elapsed="5.000172"/>
</kw>
<kw name="Element Should Be Visible" owner="SeleniumLibrary">
<msg time="2024-08-23T11:28:16.618898" level="INFO">Element '//ul[@class="btnSelectBusWithoutRadio"]//span[@title="Pattam"]' is displayed.</msg>
<arg>//ul[@class="btnSelectBusWithoutRadio"]//span[@title="${filtertext}"]</arg>
<doc>Verifies that the element identified by ``locator`` is visible.</doc>
<status status="PASS" start="2024-08-23T11:28:16.569358" elapsed="0.049540"/>
</kw>
<kw name="Click Element" owner="SeleniumLibrary">
<msg time="2024-08-23T11:28:16.618898" level="INFO">Clicking element '(//div[contains(@class,"busCardFooter")]//span[text()="Pickups &amp; Drops"])[3]'.</msg>
<arg>(//div[contains(@class,"busCardFooter")]//span[text()="Pickups &amp; Drops"])[${index}]</arg>
<doc>Click the element identified by ``locator``.</doc>
<status status="PASS" start="2024-08-23T11:28:16.618898" elapsed="0.191609"/>
</kw>
<var name="${index}">3</var>
<status status="PASS" start="2024-08-23T11:28:11.024379" elapsed="5.786456"/>
</iter>
<iter>
<kw name="Scroll Element Into View" owner="SeleniumLibrary">
<arg>(//div[contains(@class,"busCardFooter")]//span[text()="Pickups &amp; Drops"])[${index}]</arg>
<doc>Scrolls the element identified by ``locator`` into view.</doc>
<status status="PASS" start="2024-08-23T11:28:16.810835" elapsed="0.338984"/>
</kw>
<kw name="Click Element" owner="SeleniumLibrary">
<msg time="2024-08-23T11:28:17.150830" level="INFO">Clicking element '(//div[contains(@class,"busCardFooter")]//span[text()="Pickups &amp; Drops"])[4]'.</msg>
<arg>(//div[contains(@class,"busCardFooter")]//span[text()="Pickups &amp; Drops"])[${index}]</arg>
<doc>Click the element identified by ``locator``.</doc>
<status status="PASS" start="2024-08-23T11:28:17.150830" elapsed="0.192754"/>
</kw>
<kw name="Sleep" owner="BuiltIn">
<msg time="2024-08-23T11:28:22.345827" level="INFO">Slept 5 seconds.</msg>
<arg>5s</arg>
<doc>Pauses the test executed for the given time.</doc>
<status status="PASS" start="2024-08-23T11:28:17.345611" elapsed="5.000216"/>
</kw>
<kw name="Element Should Be Visible" owner="SeleniumLibrary">
<msg time="2024-08-23T11:28:22.395702" level="INFO">Element '//ul[@class="btnSelectBusWithoutRadio"]//span[@title="Pattam"]' is displayed.</msg>
<arg>//ul[@class="btnSelectBusWithoutRadio"]//span[@title="${filtertext}"]</arg>
<doc>Verifies that the element identified by ``locator`` is visible.</doc>
<status status="PASS" start="2024-08-23T11:28:22.345827" elapsed="0.049875"/>
</kw>
<kw name="Click Element" owner="SeleniumLibrary">
<msg time="2024-08-23T11:28:22.395702" level="INFO">Clicking element '(//div[contains(@class,"busCardFooter")]//span[text()="Pickups &amp; Drops"])[4]'.</msg>
<arg>(//div[contains(@class,"busCardFooter")]//span[text()="Pickups &amp; Drops"])[${index}]</arg>
<doc>Click the element identified by ``locator``.</doc>
<status status="PASS" start="2024-08-23T11:28:22.395702" elapsed="0.149795"/>
</kw>
<var name="${index}">4</var>
<status status="PASS" start="2024-08-23T11:28:16.810835" elapsed="5.734662"/>
</iter>
<iter>
<kw name="Scroll Element Into View" owner="SeleniumLibrary">
<arg>(//div[contains(@class,"busCardFooter")]//span[text()="Pickups &amp; Drops"])[${index}]</arg>
<doc>Scrolls the element identified by ``locator`` into view.</doc>
<status status="PASS" start="2024-08-23T11:28:22.545497" elapsed="0.324643"/>
</kw>
<kw name="Click Element" owner="SeleniumLibrary">
<msg time="2024-08-23T11:28:22.870140" level="INFO">Clicking element '(//div[contains(@class,"busCardFooter")]//span[text()="Pickups &amp; Drops"])[5]'.</msg>
<arg>(//div[contains(@class,"busCardFooter")]//span[text()="Pickups &amp; Drops"])[${index}]</arg>
<doc>Click the element identified by ``locator``.</doc>
<status status="PASS" start="2024-08-23T11:28:22.870140" elapsed="0.130819"/>
</kw>
<kw name="Sleep" owner="BuiltIn">
<msg time="2024-08-23T11:28:28.001535" level="INFO">Slept 5 seconds.</msg>
<arg>5s</arg>
<doc>Pauses the test executed for the given time.</doc>
<status status="PASS" start="2024-08-23T11:28:23.000959" elapsed="5.000576"/>
</kw>
<kw name="Element Should Be Visible" owner="SeleniumLibrary">
<msg time="2024-08-23T11:28:28.043307" level="INFO">Element '//ul[@class="btnSelectBusWithoutRadio"]//span[@title="Pattam"]' is displayed.</msg>
<arg>//ul[@class="btnSelectBusWithoutRadio"]//span[@title="${filtertext}"]</arg>
<doc>Verifies that the element identified by ``locator`` is visible.</doc>
<status status="PASS" start="2024-08-23T11:28:28.001535" elapsed="0.041772"/>
</kw>
<kw name="Click Element" owner="SeleniumLibrary">
<msg time="2024-08-23T11:28:28.045480" level="INFO">Clicking element '(//div[contains(@class,"busCardFooter")]//span[text()="Pickups &amp; Drops"])[5]'.</msg>
<arg>(//div[contains(@class,"busCardFooter")]//span[text()="Pickups &amp; Drops"])[${index}]</arg>
<doc>Click the element identified by ``locator``.</doc>
<status status="PASS" start="2024-08-23T11:28:28.043307" elapsed="0.165290"/>
</kw>
<var name="${index}">5</var>
<status status="PASS" start="2024-08-23T11:28:22.545497" elapsed="5.663758"/>
</iter>
<iter>
<kw name="Scroll Element Into View" owner="SeleniumLibrary">
<arg>(//div[contains(@class,"busCardFooter")]//span[text()="Pickups &amp; Drops"])[${index}]</arg>
<doc>Scrolls the element identified by ``locator`` into view.</doc>
<status status="PASS" start="2024-08-23T11:28:28.210263" elapsed="0.330955"/>
</kw>
<kw name="Click Element" owner="SeleniumLibrary">
<msg time="2024-08-23T11:28:28.543230" level="INFO">Clicking element '(//div[contains(@class,"busCardFooter")]//span[text()="Pickups &amp; Drops"])[6]'.</msg>
<arg>(//div[contains(@class,"busCardFooter")]//span[text()="Pickups &amp; Drops"])[${index}]</arg>
<doc>Click the element identified by ``locator``.</doc>
<status status="PASS" start="2024-08-23T11:28:28.541218" elapsed="0.138389"/>
</kw>
<kw name="Sleep" owner="BuiltIn">
<msg time="2024-08-23T11:28:33.681081" level="INFO">Slept 5 seconds.</msg>
<arg>5s</arg>
<doc>Pauses the test executed for the given time.</doc>
<status status="PASS" start="2024-08-23T11:28:28.680218" elapsed="5.000863"/>
</kw>
<kw name="Element Should Be Visible" owner="SeleniumLibrary">
<msg time="2024-08-23T11:28:33.718289" level="INFO">Element '//ul[@class="btnSelectBusWithoutRadio"]//span[@title="Pattam"]' is displayed.</msg>
<arg>//ul[@class="btnSelectBusWithoutRadio"]//span[@title="${filtertext}"]</arg>
<doc>Verifies that the element identified by ``locator`` is visible.</doc>
<status status="PASS" start="2024-08-23T11:28:33.681081" elapsed="0.037208"/>
</kw>
<kw name="Click Element" owner="SeleniumLibrary">
<msg time="2024-08-23T11:28:33.726668" level="INFO">Clicking element '(//div[contains(@class,"busCardFooter")]//span[text()="Pickups &amp; Drops"])[6]'.</msg>
<arg>(//div[contains(@class,"busCardFooter")]//span[text()="Pickups &amp; Drops"])[${index}]</arg>
<doc>Click the element identified by ``locator``.</doc>
<status status="PASS" start="2024-08-23T11:28:33.725644" elapsed="0.182559"/>
</kw>
<var name="${index}">6</var>
<status status="PASS" start="2024-08-23T11:28:28.209255" elapsed="5.698948"/>
</iter>
<iter>
<kw name="Scroll Element Into View" owner="SeleniumLibrary">
<arg>(//div[contains(@class,"busCardFooter")]//span[text()="Pickups &amp; Drops"])[${index}]</arg>
<doc>Scrolls the element identified by ``locator`` into view.</doc>
<status status="PASS" start="2024-08-23T11:28:33.908203" elapsed="0.330906"/>
</kw>
<kw name="Click Element" owner="SeleniumLibrary">
<msg time="2024-08-23T11:28:34.239109" level="INFO">Clicking element '(//div[contains(@class,"busCardFooter")]//span[text()="Pickups &amp; Drops"])[7]'.</msg>
<arg>(//div[contains(@class,"busCardFooter")]//span[text()="Pickups &amp; Drops"])[${index}]</arg>
<doc>Click the element identified by ``locator``.</doc>
<status status="PASS" start="2024-08-23T11:28:34.239109" elapsed="0.196169"/>
</kw>
<kw name="Sleep" owner="BuiltIn">
<msg time="2024-08-23T11:28:39.435510" level="INFO">Slept 5 seconds.</msg>
<arg>5s</arg>
<doc>Pauses the test executed for the given time.</doc>
<status status="PASS" start="2024-08-23T11:28:34.435278" elapsed="5.000232"/>
</kw>
<kw name="Element Should Be Visible" owner="SeleniumLibrary">
<msg time="2024-08-23T11:28:39.485465" level="INFO">Element '//ul[@class="btnSelectBusWithoutRadio"]//span[@title="Pattam"]' is displayed.</msg>
<arg>//ul[@class="btnSelectBusWithoutRadio"]//span[@title="${filtertext}"]</arg>
<doc>Verifies that the element identified by ``locator`` is visible.</doc>
<status status="PASS" start="2024-08-23T11:28:39.435510" elapsed="0.053056"/>
</kw>
<kw name="Click Element" owner="SeleniumLibrary">
<msg time="2024-08-23T11:28:39.489646" level="INFO">Clicking element '(//div[contains(@class,"busCardFooter")]//span[text()="Pickups &amp; Drops"])[7]'.</msg>
<arg>(//div[contains(@class,"busCardFooter")]//span[text()="Pickups &amp; Drops"])[${index}]</arg>
<doc>Click the element identified by ``locator``.</doc>
<status status="PASS" start="2024-08-23T11:28:39.488992" elapsed="0.205990"/>
</kw>
<var name="${index}">7</var>
<status status="PASS" start="2024-08-23T11:28:33.908203" elapsed="5.786779"/>
</iter>
<iter>
<kw name="Scroll Element Into View" owner="SeleniumLibrary">
<arg>(//div[contains(@class,"busCardFooter")]//span[text()="Pickups &amp; Drops"])[${index}]</arg>
<doc>Scrolls the element identified by ``locator`` into view.</doc>
<status status="PASS" start="2024-08-23T11:28:39.695811" elapsed="0.353732"/>
</kw>
<kw name="Click Element" owner="SeleniumLibrary">
<msg time="2024-08-23T11:28:40.049543" level="INFO">Clicking element '(//div[contains(@class,"busCardFooter")]//span[text()="Pickups &amp; Drops"])[8]'.</msg>
<arg>(//div[contains(@class,"busCardFooter")]//span[text()="Pickups &amp; Drops"])[${index}]</arg>
<doc>Click the element identified by ``locator``.</doc>
<status status="PASS" start="2024-08-23T11:28:40.049543" elapsed="0.196804"/>
</kw>
<kw name="Sleep" owner="BuiltIn">
<msg time="2024-08-23T11:28:45.248928" level="INFO">Slept 5 seconds.</msg>
<arg>5s</arg>
<doc>Pauses the test executed for the given time.</doc>
<status status="PASS" start="2024-08-23T11:28:40.246861" elapsed="5.002067"/>
</kw>
<kw name="Element Should Be Visible" owner="SeleniumLibrary">
<msg time="2024-08-23T11:28:45.305018" level="INFO">Element '//ul[@class="btnSelectBusWithoutRadio"]//span[@title="Pattam"]' is displayed.</msg>
<arg>//ul[@class="btnSelectBusWithoutRadio"]//span[@title="${filtertext}"]</arg>
<doc>Verifies that the element identified by ``locator`` is visible.</doc>
<status status="PASS" start="2024-08-23T11:28:45.248928" elapsed="0.056090"/>
</kw>
<kw name="Click Element" owner="SeleniumLibrary">
<msg time="2024-08-23T11:28:45.305018" level="INFO">Clicking element '(//div[contains(@class,"busCardFooter")]//span[text()="Pickups &amp; Drops"])[8]'.</msg>
<arg>(//div[contains(@class,"busCardFooter")]//span[text()="Pickups &amp; Drops"])[${index}]</arg>
<doc>Click the element identified by ``locator``.</doc>
<status status="PASS" start="2024-08-23T11:28:45.305018" elapsed="0.211094"/>
</kw>
<var name="${index}">8</var>
<status status="PASS" start="2024-08-23T11:28:39.695811" elapsed="5.820301"/>
</iter>
<iter>
<kw name="Scroll Element Into View" owner="SeleniumLibrary">
<arg>(//div[contains(@class,"busCardFooter")]//span[text()="Pickups &amp; Drops"])[${index}]</arg>
<doc>Scrolls the element identified by ``locator`` into view.</doc>
<status status="PASS" start="2024-08-23T11:28:45.518561" elapsed="0.341449"/>
</kw>
<kw name="Click Element" owner="SeleniumLibrary">
<msg time="2024-08-23T11:28:45.860010" level="INFO">Clicking element '(//div[contains(@class,"busCardFooter")]//span[text()="Pickups &amp; Drops"])[9]'.</msg>
<arg>(//div[contains(@class,"busCardFooter")]//span[text()="Pickups &amp; Drops"])[${index}]</arg>
<doc>Click the element identified by ``locator``.</doc>
<status status="PASS" start="2024-08-23T11:28:45.860010" elapsed="0.193364"/>
</kw>
<kw name="Sleep" owner="BuiltIn">
<msg time="2024-08-23T11:28:51.055797" level="INFO">Slept 5 seconds.</msg>
<arg>5s</arg>
<doc>Pauses the test executed for the given time.</doc>
<status status="PASS" start="2024-08-23T11:28:46.053374" elapsed="5.002799"/>
</kw>
<kw name="Element Should Be Visible" owner="SeleniumLibrary">
<msg time="2024-08-23T11:28:51.106898" level="INFO">Element '//ul[@class="btnSelectBusWithoutRadio"]//span[@title="Pattam"]' is displayed.</msg>
<arg>//ul[@class="btnSelectBusWithoutRadio"]//span[@title="${filtertext}"]</arg>
<doc>Verifies that the element identified by ``locator`` is visible.</doc>
<status status="PASS" start="2024-08-23T11:28:51.056706" elapsed="0.050192"/>
</kw>
<kw name="Click Element" owner="SeleniumLibrary">
<msg time="2024-08-23T11:28:51.106898" level="INFO">Clicking element '(//div[contains(@class,"busCardFooter")]//span[text()="Pickups &amp; Drops"])[9]'.</msg>
<arg>(//div[contains(@class,"busCardFooter")]//span[text()="Pickups &amp; Drops"])[${index}]</arg>
<doc>Click the element identified by ``locator``.</doc>
<status status="PASS" start="2024-08-23T11:28:51.106898" elapsed="0.214133"/>
</kw>
<var name="${index}">9</var>
<status status="PASS" start="2024-08-23T11:28:45.516112" elapsed="5.804919"/>
</iter>
<iter>
<kw name="Scroll Element Into View" owner="SeleniumLibrary">
<arg>(//div[contains(@class,"busCardFooter")]//span[text()="Pickups &amp; Drops"])[${index}]</arg>
<doc>Scrolls the element identified by ``locator`` into view.</doc>
<status status="PASS" start="2024-08-23T11:28:51.324880" elapsed="0.333211"/>
</kw>
<kw name="Click Element" owner="SeleniumLibrary">
<msg time="2024-08-23T11:28:51.662489" level="INFO">Clicking element '(//div[contains(@class,"busCardFooter")]//span[text()="Pickups &amp; Drops"])[10]'.</msg>
<arg>(//div[contains(@class,"busCardFooter")]//span[text()="Pickups &amp; Drops"])[${index}]</arg>
<doc>Click the element identified by ``locator``.</doc>
<status status="PASS" start="2024-08-23T11:28:51.658091" elapsed="0.199338"/>
</kw>
<kw name="Sleep" owner="BuiltIn">
<msg time="2024-08-23T11:28:56.858051" level="INFO">Slept 5 seconds.</msg>
<arg>5s</arg>
<doc>Pauses the test executed for the given time.</doc>
<status status="PASS" start="2024-08-23T11:28:51.857429" elapsed="5.000622"/>
</kw>
<kw name="Element Should Be Visible" owner="SeleniumLibrary">
<msg time="2024-08-23T11:28:56.906139" level="INFO">Element '//ul[@class="btnSelectBusWithoutRadio"]//span[@title="Pattam"]' is displayed.</msg>
<arg>//ul[@class="btnSelectBusWithoutRadio"]//span[@title="${filtertext}"]</arg>
<doc>Verifies that the element identified by ``locator`` is visible.</doc>
<status status="PASS" start="2024-08-23T11:28:56.858816" elapsed="0.048459"/>
</kw>
<kw name="Click Element" owner="SeleniumLibrary">
<msg time="2024-08-23T11:28:56.907275" level="INFO">Clicking element '(//div[contains(@class,"busCardFooter")]//span[text()="Pickups &amp; Drops"])[10]'.</msg>
<arg>(//div[contains(@class,"busCardFooter")]//span[text()="Pickups &amp; Drops"])[${index}]</arg>
<doc>Click the element identified by ``locator``.</doc>
<status status="PASS" start="2024-08-23T11:28:56.907275" elapsed="0.163302"/>
</kw>
<var name="${index}">10</var>
<status status="PASS" start="2024-08-23T11:28:51.321031" elapsed="5.749546"/>
</iter>
<var>${index}</var>
<value>1</value>
<value>${numberOfBuses}</value>
<status status="PASS" start="2024-08-23T11:27:59.333568" elapsed="57.737009"/>
</for>
<kw name="Sleep" owner="BuiltIn">
<msg time="2024-08-23T11:29:00.071117" level="INFO">Slept 3 seconds.</msg>
<arg>3s</arg>
<doc>Pauses the test executed for the given time.</doc>
<status status="PASS" start="2024-08-23T11:28:57.070577" elapsed="3.000540"/>
</kw>
<arg>Pattam</arg>
<status status="PASS" start="2024-08-23T11:27:59.107581" elapsed="60.963536"/>
</kw>
<status status="PASS" start="2024-08-23T11:27:27.079100" elapsed="92.992750"/>
</test>
<status status="PASS" start="2024-08-23T11:27:26.087940" elapsed="93.985425"/>
</suite>
<statistics>
<total>
<stat pass="1" fail="0" skip="0">All Tests</stat>
</total>
<tag>
</tag>
<suite>
<stat pass="1" fail="0" skip="0" id="s1" name="Customer">Customer</stat>
</suite>
</statistics>
<errors>
<msg time="2024-08-23T11:27:27.048728" level="WARN">Error in file 'D:\quest launchpad\training-t\Keywords\kw_customer.robot' on line 327: The '[Return]' setting is deprecated. Use the 'RETURN' statement instead.</msg>
<msg time="2024-08-23T11:27:27.048728" level="WARN">Error in file 'D:\quest launchpad\training-t\Keywords\kw_customer.robot' on line 346: The '[Return]' setting is deprecated. Use the 'RETURN' statement instead.</msg>
<msg time="2024-08-23T11:27:27.048728" level="WARN">Error in file 'D:\quest launchpad\training-t\Keywords\kw_customer.robot' on line 357: The '[Return]' setting is deprecated. Use the 'RETURN' statement instead.</msg>
</errors>
</robot>
