<?xml version="1.0" encoding="UTF-8"?>
<robot generator="Robot 7.0.1 (Python 3.12.4 on win32)" generated="2024-08-23T10:38:55.347065" rpa="false" schemaversion="5">
<suite id="s1" name="Customer" source="C:\Users\HP\Documents\GitHub\training-t\TestCases\Customer.robot">
<test id="s1-t1" name="TC-001 Verify if a user is able to filter bus according to price" line="6">
<kw name="Open Make My Trip As" owner="common">
<kw name="Open Browser" owner="SeleniumLibrary">
<msg time="2024-08-23T10:38:56.758880" level="INFO">Opening browser 'chrome' to base url 'https://www.makemytrip.com'.</msg>
<arg>browser=chrome</arg>
<arg>url=https://www.makemytrip.com</arg>
<doc>Opens a new browser instance to the optional ``url``.</doc>
<status status="PASS" start="2024-08-23T10:38:56.757367" elapsed="10.321214"/>
</kw>
<kw name="Maximize Browser Window" owner="SeleniumLibrary">
<doc>Maximizes current browser window.</doc>
<status status="PASS" start="2024-08-23T10:39:07.080208" elapsed="0.165458"/>
</kw>
<kw name="Wait Until Element Is Visible" owner="SeleniumLibrary">
<arg>//span[@class='commonModal__close']</arg>
<arg>10s</arg>
<doc>Waits until the element ``locator`` is visible.</doc>
<status status="PASS" start="2024-08-23T10:39:07.245666" elapsed="0.181626"/>
</kw>
<kw name="Click Element" owner="SeleniumLibrary">
<msg time="2024-08-23T10:39:07.428316" level="INFO">Clicking element '//span[@class='commonModal__close']'.</msg>
<arg>//span[@class='commonModal__close']</arg>
<doc>Click the element identified by ``locator``.</doc>
<status status="PASS" start="2024-08-23T10:39:07.427292" elapsed="0.443449"/>
</kw>
<status status="PASS" start="2024-08-23T10:38:56.756270" elapsed="11.114471"/>
</kw>
<kw name="Search Buses" owner="kw_customer">
<kw name="Split String" owner="String">
<msg time="2024-08-23T10:39:07.874571" level="INFO">${day} = today's</msg>
<msg time="2024-08-23T10:39:07.874571" level="INFO">${month} = date</msg>
<var>${day}</var>
<var>${month}</var>
<arg>${date}</arg>
<arg>${SPACE}</arg>
<doc>Splits the ``string`` using ``separator`` as a delimiter string.</doc>
<status status="PASS" start="2024-08-23T10:39:07.874571" elapsed="0.000000"/>
</kw>
<kw name="Wait Until Element Is Visible" owner="SeleniumLibrary">
<arg>//li[@class='menu_Buses']</arg>
<doc>Waits until the element ``locator`` is visible.</doc>
<status status="PASS" start="2024-08-23T10:39:07.874571" elapsed="0.066424"/>
</kw>
<kw name="Click Element" owner="SeleniumLibrary">
<msg time="2024-08-23T10:39:07.940995" level="INFO">Clicking element '//li[@class='menu_Buses']'.</msg>
<arg>//li[@class='menu_Buses']</arg>
<doc>Click the element identified by ``locator``.</doc>
<status status="PASS" start="2024-08-23T10:39:07.940995" elapsed="0.229297"/>
</kw>
<kw name="Wait Until Element Is Visible" owner="SeleniumLibrary">
<arg>fromCity</arg>
<arg>10s</arg>
<doc>Waits until the element ``locator`` is visible.</doc>
<status status="PASS" start="2024-08-23T10:39:08.171319" elapsed="0.278105"/>
</kw>
<kw name="Click Element" owner="SeleniumLibrary">
<msg time="2024-08-23T10:39:08.451106" level="INFO">Clicking element 'fromCity'.</msg>
<arg>fromCity</arg>
<doc>Click the element identified by ``locator``.</doc>
<status status="PASS" start="2024-08-23T10:39:08.450594" elapsed="0.234467"/>
</kw>
<kw name="Wait Until Element Is Visible" owner="SeleniumLibrary">
<arg>//input[contains(@placeholder,'From')]</arg>
<doc>Waits until the element ``locator`` is visible.</doc>
<status status="PASS" start="2024-08-23T10:39:08.685061" elapsed="0.781965"/>
</kw>
<kw name="Input Text" owner="SeleniumLibrary">
<msg time="2024-08-23T10:39:09.467026" level="INFO">Typing text 'Coimbatore' into text field '//input[contains(@placeholder,'From')]'.</msg>
<arg>//input[contains(@placeholder,'From')]</arg>
<arg>${fromcity}</arg>
<doc>Types the given ``text`` into the text field identified by ``locator``.</doc>
<status status="PASS" start="2024-08-23T10:39:09.467026" elapsed="0.426437"/>
</kw>
<kw name="Wait Until Element Is Visible" owner="SeleniumLibrary">
<arg>//div[contains(@class,'autosuggest')]//span[contains(text(),'${fromcity},')]</arg>
<doc>Waits until the element ``locator`` is visible.</doc>
<status status="PASS" start="2024-08-23T10:39:09.894063" elapsed="1.239261"/>
</kw>
<kw name="Click Element" owner="SeleniumLibrary">
<msg time="2024-08-23T10:39:11.134432" level="INFO">Clicking element '//div[contains(@class,'autosuggest')]//span[contains(text(),'Coimbatore,')]'.</msg>
<arg>//div[contains(@class,'autosuggest')]//span[contains(text(),'${fromcity},')]</arg>
<doc>Click the element identified by ``locator``.</doc>
<status status="PASS" start="2024-08-23T10:39:11.134432" elapsed="0.507984"/>
</kw>
<kw name="Run Keyword And Ignore Error" owner="BuiltIn">
<kw name="Click Element" owner="SeleniumLibrary">
<msg time="2024-08-23T10:39:11.645756" level="INFO">Clicking element 'toCity'.</msg>
<msg time="2024-08-23T10:39:13.118117" level="INFO" html="true">&lt;/td&gt;&lt;/tr&gt;&lt;tr&gt;&lt;td colspan="3"&gt;&lt;a href="selenium-screenshot-1.png"&gt;&lt;img src="selenium-screenshot-1.png" width="800px"&gt;&lt;/a&gt;</msg>
<msg time="2024-08-23T10:39:13.118117" level="FAIL">ElementClickInterceptedException: Message: element click intercepted: Element &lt;input id="toCity" data-cy="toCityVal" type="text" class="bussw_inputField font30 latoBlack" readonly="" value="Kanpur, Uttar Pradesh"&gt; is not clickable at point (818, 296). Other element would receive the click: &lt;input type="text" autocomplete="off" aria-autocomplete="list" aria-controls="react-autowhatever-1" class="react-autosuggest__input react-autosuggest__input--open react-autosuggest__input--focused" placeholder="To" title="To" value=""&gt;
  (Session info: chrome=127.0.6533.120)
Stacktrace:
	GetHandleVerifier [0x00007FF69B269642+30946]
	(No symbol) [0x00007FF69B21E3D9]
	(No symbol) [0x00007FF69B116FDA]
	(No symbol) [0x00007FF69B16FEEE]
	(No symbol) [0x00007FF69B16D962]
	(No symbol) [0x00007FF69B16AE7B]
	(No symbol) [0x00007FF69B16A095]
	(No symbol) [0x00007FF69B15C271]
	(No symbol) [0x00007FF69B18CA6A]
	(No symbol) [0x00007FF69B15BBB6]
	(No symbol) [0x00007FF69B18CC80]
	(No symbol) [0x00007FF69B1AB041]
	(No symbol) [0x00007FF69B18C813]
	(No symbol) [0x00007FF69B15A6E5]
	(No symbol) [0x00007FF69B15B021]
	GetHandleVerifier [0x00007FF69B39F84D+1301229]
	GetHandleVerifier [0x00007FF69B3ABDC7+1351783]
	GetHandleVerifier [0x00007FF69B3A2A13+1313971]
	GetHandleVerifier [0x00007FF69B29DD16+245686]
	(No symbol) [0x00007FF69B22759F]
	(No symbol) [0x00007FF69B223814]
	(No symbol) [0x00007FF69B2239A2]
	(No symbol) [0x00007FF69B21A3FF]
	BaseThreadInitThunk [0x00007FFBF962257D+29]
	RtlUserThreadStart [0x00007FFBFAC2AF28+40]
</msg>
<arg>toCity</arg>
<doc>Click the element identified by ``locator``.</doc>
<status status="FAIL" start="2024-08-23T10:39:11.643850" elapsed="1.485702">ElementClickInterceptedException: Message: element click intercepted: Element &lt;input id="toCity" data-cy="toCityVal" type="text" class="bussw_inputField font30 latoBlack" readonly="" value="Kanpur, Uttar Pradesh"&gt; is not clickable at point (818, 296). Other element would receive the click: &lt;input type="text" autocomplete="off" aria-autocomplete="list" aria-controls="react-autowhatever-1" class="react-autosuggest__input react-autosuggest__input--open react-autosuggest__input--focused" placeholder="To" title="To" value=""&gt;
  (Session info: chrome=127.0.6533.120)
Stacktrace:
	GetHandleVerifier [0x00007FF69B269642+30946]
	(No symbol) [0x00007FF69B21E3D9]
	(No symbol) [0x00007FF69B116FDA]
	(No symbol) [0x00007FF69B16FEEE]
	(No symbol) [0x00007FF69B16D962]
	(No symbol) [0x00007FF69B16AE7B]
	(No symbol) [0x00007FF69B16A095]
	(No symbol) [0x00007FF69B15C271]
	(No symbol) [0x00007FF69B18CA6A]
	(No symbol) [0x00007FF69B15BBB6]
	(No symbol) [0x00007FF69B18CC80]
	(No symbol) [0x00007FF69B1AB041]
	(No symbol) [0x00007FF69B18C813]
	(No symbol) [0x00007FF69B15A6E5]
	(No symbol) [0x00007FF69B15B021]
	GetHandleVerifier [0x00007FF69B39F84D+1301229]
	GetHandleVerifier [0x00007FF69B3ABDC7+1351783]
	GetHandleVerifier [0x00007FF69B3A2A13+1313971]
	GetHandleVerifier [0x00007FF69B29DD16+245686]
	(No symbol) [0x00007FF69B22759F]
	(No symbol) [0x00007FF69B223814]
	(No symbol) [0x00007FF69B2239A2]
	(No symbol) [0x00007FF69B21A3FF]
	BaseThreadInitThunk [0x00007FFBF962257D+29]
	RtlUserThreadStart [0x00007FFBFAC2AF28+40]
</status>
</kw>
<arg>Click Element</arg>
<arg>toCity</arg>
<doc>Runs the given keyword with the given arguments and ignores possible error.</doc>
<status status="PASS" start="2024-08-23T10:39:11.643850" elapsed="1.485702"/>
</kw>
<kw name="Wait Until Element Is Visible" owner="SeleniumLibrary">
<arg>//input[contains(@placeholder,'To')]</arg>
<doc>Waits until the element ``locator`` is visible.</doc>
<status status="PASS" start="2024-08-23T10:39:13.129552" elapsed="0.048027"/>
</kw>
<kw name="Input Text" owner="SeleniumLibrary">
<msg time="2024-08-23T10:39:13.177579" level="INFO">Typing text 'Trivandrum' into text field '//input[contains(@placeholder,'To')]'.</msg>
<arg>//input[contains(@placeholder,'To')]</arg>
<arg>${tocity}</arg>
<doc>Types the given ``text`` into the text field identified by ``locator``.</doc>
<status status="PASS" start="2024-08-23T10:39:13.177579" elapsed="0.312727"/>
</kw>
<kw name="Wait Until Element Is Visible" owner="SeleniumLibrary">
<arg>//div[contains(@class,'autosuggest')]//span[contains(text(),'(${tocity})')]</arg>
<doc>Waits until the element ``locator`` is visible.</doc>
<status status="PASS" start="2024-08-23T10:39:13.490306" elapsed="0.568898"/>
</kw>
<kw name="Click Element" owner="SeleniumLibrary">
<msg time="2024-08-23T10:39:14.060488" level="INFO">Clicking element '//div[contains(@class, 'autosuggest')]//span[contains(text(),'Trivandrum,') or contains(text(),'(Trivandrum),')]'.</msg>
<arg>//div[contains(@class, 'autosuggest')]//span[contains(text(),'${toCity},') or contains(text(),'(${toCity}),')]</arg>
<doc>Click the element identified by ``locator``.</doc>
<status status="PASS" start="2024-08-23T10:39:14.060488" elapsed="0.281857"/>
</kw>
<kw name="Run Keyword And Ignore Error" owner="BuiltIn">
<kw name="Click Element" owner="SeleniumLibrary">
<msg time="2024-08-23T10:39:14.343914" level="INFO">Clicking element 'travelDate'.</msg>
<msg time="2024-08-23T10:39:15.988528" level="INFO" html="true">&lt;/td&gt;&lt;/tr&gt;&lt;tr&gt;&lt;td colspan="3"&gt;&lt;a href="selenium-screenshot-2.png"&gt;&lt;img src="selenium-screenshot-2.png" width="800px"&gt;&lt;/a&gt;</msg>
<msg time="2024-08-23T10:39:15.989191" level="FAIL">ElementClickInterceptedException: Message: element click intercepted: Element &lt;input id="travelDate" type="text" data-cy="travelDateVal" class="bussw_inputField font20" readonly="" value=""&gt; is not clickable at point (1155, 293). Other element would receive the click: &lt;div class="calHeading makeFlex"&gt;...&lt;/div&gt;
  (Session info: chrome=127.0.6533.120)
Stacktrace:
	GetHandleVerifier [0x00007FF69B269642+30946]
	(No symbol) [0x00007FF69B21E3D9]
	(No symbol) [0x00007FF69B116FDA]
	(No symbol) [0x00007FF69B16FEEE]
	(No symbol) [0x00007FF69B16D962]
	(No symbol) [0x00007FF69B16AE7B]
	(No symbol) [0x00007FF69B16A095]
	(No symbol) [0x00007FF69B15C271]
	(No symbol) [0x00007FF69B18CA6A]
	(No symbol) [0x00007FF69B15BBB6]
	(No symbol) [0x00007FF69B18CC80]
	(No symbol) [0x00007FF69B1AB041]
	(No symbol) [0x00007FF69B18C813]
	(No symbol) [0x00007FF69B15A6E5]
	(No symbol) [0x00007FF69B15B021]
	GetHandleVerifier [0x00007FF69B39F84D+1301229]
	GetHandleVerifier [0x00007FF69B3ABDC7+1351783]
	GetHandleVerifier [0x00007FF69B3A2A13+1313971]
	GetHandleVerifier [0x00007FF69B29DD16+245686]
	(No symbol) [0x00007FF69B22759F]
	(No symbol) [0x00007FF69B223814]
	(No symbol) [0x00007FF69B2239A2]
	(No symbol) [0x00007FF69B21A3FF]
	BaseThreadInitThunk [0x00007FFBF962257D+29]
	RtlUserThreadStart [0x00007FFBFAC2AF28+40]
</msg>
<arg>travelDate</arg>
<doc>Click the element identified by ``locator``.</doc>
<status status="FAIL" start="2024-08-23T10:39:14.343361" elapsed="1.647647">ElementClickInterceptedException: Message: element click intercepted: Element &lt;input id="travelDate" type="text" data-cy="travelDateVal" class="bussw_inputField font20" readonly="" value=""&gt; is not clickable at point (1155, 293). Other element would receive the click: &lt;div class="calHeading makeFlex"&gt;...&lt;/div&gt;
  (Session info: chrome=127.0.6533.120)
Stacktrace:
	GetHandleVerifier [0x00007FF69B269642+30946]
	(No symbol) [0x00007FF69B21E3D9]
	(No symbol) [0x00007FF69B116FDA]
	(No symbol) [0x00007FF69B16FEEE]
	(No symbol) [0x00007FF69B16D962]
	(No symbol) [0x00007FF69B16AE7B]
	(No symbol) [0x00007FF69B16A095]
	(No symbol) [0x00007FF69B15C271]
	(No symbol) [0x00007FF69B18CA6A]
	(No symbol) [0x00007FF69B15BBB6]
	(No symbol) [0x00007FF69B18CC80]
	(No symbol) [0x00007FF69B1AB041]
	(No symbol) [0x00007FF69B18C813]
	(No symbol) [0x00007FF69B15A6E5]
	(No symbol) [0x00007FF69B15B021]
	GetHandleVerifier [0x00007FF69B39F84D+1301229]
	GetHandleVerifier [0x00007FF69B3ABDC7+1351783]
	GetHandleVerifier [0x00007FF69B3A2A13+1313971]
	GetHandleVerifier [0x00007FF69B29DD16+245686]
	(No symbol) [0x00007FF69B22759F]
	(No symbol) [0x00007FF69B223814]
	(No symbol) [0x00007FF69B2239A2]
	(No symbol) [0x00007FF69B21A3FF]
	BaseThreadInitThunk [0x00007FFBF962257D+29]
	RtlUserThreadStart [0x00007FFBFAC2AF28+40]
</status>
</kw>
<arg>Click Element</arg>
<arg>travelDate</arg>
<doc>Runs the given keyword with the given arguments and ignores possible error.</doc>
<status status="PASS" start="2024-08-23T10:39:14.342345" elapsed="1.648663"/>
</kw>
<kw name="Set Variable If" owner="BuiltIn">
<msg time="2024-08-23T10:39:15.991008" level="INFO">${datelocator} = //div[@class='DayPicker-Month']//div[@aria-selected='true']</msg>
<var>${datelocator}</var>
<arg>"${date}"=="today's date"</arg>
<arg>//div[@class='DayPicker-Month']//div[@aria-selected='true']</arg>
<arg>//div[contains(text(),${month})]/ancestor::div[@class='DayPicker-Month']//div[contains(text(),${day})]</arg>
<doc>Sets variable based on the given condition.</doc>
<status status="PASS" start="2024-08-23T10:39:15.991008" elapsed="0.000000"/>
</kw>
<kw name="Wait Until Element Is Visible" owner="SeleniumLibrary">
<arg>${datelocator}</arg>
<arg>10s</arg>
<doc>Waits until the element ``locator`` is visible.</doc>
<status status="PASS" start="2024-08-23T10:39:15.991008" elapsed="0.079782"/>
</kw>
<kw name="Click Element" owner="SeleniumLibrary">
<msg time="2024-08-23T10:39:16.070790" level="INFO">Clicking element '//div[@class='DayPicker-Month']//div[@aria-selected='true']'.</msg>
<arg>${datelocator}</arg>
<doc>Click the element identified by ``locator``.</doc>
<status status="PASS" start="2024-08-23T10:39:16.070790" elapsed="0.266460"/>
</kw>
<kw name="Click Element" owner="SeleniumLibrary">
<msg time="2024-08-23T10:39:16.342233" level="INFO">Clicking element 'search_button'.</msg>
<arg>search_button</arg>
<doc>Click the element identified by ``locator``.</doc>
<status status="PASS" start="2024-08-23T10:39:16.337250" elapsed="6.466219"/>
</kw>
<kw name="Wait Until Element Is Visible" owner="SeleniumLibrary">
<arg>//div[@class="busListingContainer"]//p[contains(text(),'found')]</arg>
<doc>Waits until the element ``locator`` is visible.</doc>
<status status="PASS" start="2024-08-23T10:39:22.805486" elapsed="0.043667"/>
</kw>
<arg>Coimbatore</arg>
<arg>Trivandrum</arg>
<status status="PASS" start="2024-08-23T10:39:07.872307" elapsed="14.976846"/>
</kw>
<kw name="Select Cheapest" owner="kw_customer">
<kw name="Click Element" owner="SeleniumLibrary">
<msg time="2024-08-23T10:39:22.851781" level="INFO">Clicking element 'toggle_buses'.</msg>
<arg>toggle_buses</arg>
<doc>Click the element identified by ``locator``.</doc>
<status status="PASS" start="2024-08-23T10:39:22.850449" elapsed="0.297753"/>
</kw>
<kw name="Get Element Count" owner="SeleniumLibrary">
<msg time="2024-08-23T10:39:23.185691" level="INFO">${Count} = 16</msg>
<var>${Count}</var>
<arg>//div[@class="busCardContainer "]</arg>
<doc>Returns the number of elements matching ``locator``.</doc>
<status status="PASS" start="2024-08-23T10:39:23.148202" elapsed="0.037489"/>
</kw>
<kw name="Click Element" owner="SeleniumLibrary">
<msg time="2024-08-23T10:39:23.186284" level="INFO">Clicking element '//div[@class="makeFlex hrtlCenter"]//li[contains(text(), 'Cheapest')]'.</msg>
<arg>//div[@class="makeFlex hrtlCenter"]//li[contains(text(), 'Cheapest')]</arg>
<doc>Click the element identified by ``locator``.</doc>
<status status="PASS" start="2024-08-23T10:39:23.186210" elapsed="0.371389"/>
</kw>
<status status="PASS" start="2024-08-23T10:39:22.850449" elapsed="0.707150"/>
</kw>
<kw name="Get All Bus Price and verify" owner="kw_customer">
<kw name="Create List" owner="BuiltIn">
<msg time="2024-08-23T10:39:23.562218" level="INFO">@{allBusPrice} = [ ]</msg>
<var>@{allBusPrice}</var>
<doc>Returns a list containing given items.</doc>
<status status="PASS" start="2024-08-23T10:39:23.560152" elapsed="0.002066"/>
</kw>
<kw name="Create List" owner="BuiltIn">
<msg time="2024-08-23T10:39:23.562738" level="INFO">@{allKsrtcPrices} = [ ]</msg>
<var>@{allKsrtcPrices}</var>
<doc>Returns a list containing given items.</doc>
<status status="PASS" start="2024-08-23T10:39:23.562738" elapsed="0.000000"/>
</kw>
<kw name="Create List" owner="BuiltIn">
<msg time="2024-08-23T10:39:23.562738" level="INFO">@{allPrivatePrices} = [ ]</msg>
<var>@{allPrivatePrices}</var>
<doc>Returns a list containing given items.</doc>
<status status="PASS" start="2024-08-23T10:39:23.562738" elapsed="0.001147"/>
</kw>
<kw name="Get Element Count" owner="SeleniumLibrary">
<msg time="2024-08-23T10:39:23.592615" level="INFO">${busCount} = 16</msg>
<var>${busCount}</var>
<arg>//div[@class="busCardContainer "]//span[@id="price"]</arg>
<doc>Returns the number of elements matching ``locator``.</doc>
<status status="PASS" start="2024-08-23T10:39:23.563885" elapsed="0.028730"/>
</kw>
<kw name="Evaluate" owner="BuiltIn">
<msg time="2024-08-23T10:39:23.592615" level="INFO">${busCount} = 17</msg>
<var>${busCount}</var>
<arg>$busCount+1</arg>
<doc>Evaluates the given expression in Python and returns the result.</doc>
<status status="PASS" start="2024-08-23T10:39:23.592615" elapsed="0.000000"/>
</kw>
<for flavor="IN RANGE">
<iter>
<kw name="Get Text" owner="SeleniumLibrary">
<msg time="2024-08-23T10:39:23.653728" level="INFO">${price} =  500</msg>
<var>${price}</var>
<arg>(//div[@class="busCardContainer "]//span[@id="price"])[${index}]</arg>
<doc>Returns the text value of the element identified by ``locator``.</doc>
<status status="PASS" start="2024-08-23T10:39:23.597891" elapsed="0.055837"/>
</kw>
<kw name="Evaluate" owner="BuiltIn">
<msg time="2024-08-23T10:39:23.653728" level="INFO">${price} =  500</msg>
<var>${price}</var>
<arg>"${price}".replace(',', '')</arg>
<doc>Evaluates the given expression in Python and returns the result.</doc>
<status status="PASS" start="2024-08-23T10:39:23.653728" elapsed="0.000000"/>
</kw>
<kw name="Convert To Integer" owner="BuiltIn">
<msg time="2024-08-23T10:39:23.658446" level="INFO">${price} = 500</msg>
<var>${price}</var>
<arg>${price}</arg>
<doc>Converts the given item to an integer number.</doc>
<status status="PASS" start="2024-08-23T10:39:23.657245" elapsed="0.001201"/>
</kw>
<kw name="Append To List" owner="Collections">
<arg>${allBusPrice}</arg>
<arg>${price}</arg>
<doc>Adds ``values`` to the end of ``list``.</doc>
<status status="PASS" start="2024-08-23T10:39:23.659028" elapsed="0.000000"/>
</kw>
<var name="${index}">1</var>
<status status="PASS" start="2024-08-23T10:39:23.596361" elapsed="0.063677"/>
</iter>
<iter>
<kw name="Get Text" owner="SeleniumLibrary">
<msg time="2024-08-23T10:39:23.711895" level="INFO">${price} =  500</msg>
<var>${price}</var>
<arg>(//div[@class="busCardContainer "]//span[@id="price"])[${index}]</arg>
<doc>Returns the text value of the element identified by ``locator``.</doc>
<status status="PASS" start="2024-08-23T10:39:23.660038" elapsed="0.051857"/>
</kw>
<kw name="Evaluate" owner="BuiltIn">
<msg time="2024-08-23T10:39:23.711895" level="INFO">${price} =  500</msg>
<var>${price}</var>
<arg>"${price}".replace(',', '')</arg>
<doc>Evaluates the given expression in Python and returns the result.</doc>
<status status="PASS" start="2024-08-23T10:39:23.711895" elapsed="0.000000"/>
</kw>
<kw name="Convert To Integer" owner="BuiltIn">
<msg time="2024-08-23T10:39:23.719826" level="INFO">${price} = 500</msg>
<var>${price}</var>
<arg>${price}</arg>
<doc>Converts the given item to an integer number.</doc>
<status status="PASS" start="2024-08-23T10:39:23.711895" elapsed="0.008058"/>
</kw>
<kw name="Append To List" owner="Collections">
<arg>${allBusPrice}</arg>
<arg>${price}</arg>
<doc>Adds ``values`` to the end of ``list``.</doc>
<status status="PASS" start="2024-08-23T10:39:23.719953" elapsed="0.000000"/>
</kw>
<var name="${index}">2</var>
<status status="PASS" start="2024-08-23T10:39:23.660038" elapsed="0.059915"/>
</iter>
<iter>
<kw name="Get Text" owner="SeleniumLibrary">
<msg time="2024-08-23T10:39:23.783757" level="INFO">${price} =  500</msg>
<var>${price}</var>
<arg>(//div[@class="busCardContainer "]//span[@id="price"])[${index}]</arg>
<doc>Returns the text value of the element identified by ``locator``.</doc>
<status status="PASS" start="2024-08-23T10:39:23.720976" elapsed="0.063824"/>
</kw>
<kw name="Evaluate" owner="BuiltIn">
<msg time="2024-08-23T10:39:23.786493" level="INFO">${price} =  500</msg>
<var>${price}</var>
<arg>"${price}".replace(',', '')</arg>
<doc>Evaluates the given expression in Python and returns the result.</doc>
<status status="PASS" start="2024-08-23T10:39:23.784800" elapsed="0.001693"/>
</kw>
<kw name="Convert To Integer" owner="BuiltIn">
<msg time="2024-08-23T10:39:23.787900" level="INFO">${price} = 500</msg>
<var>${price}</var>
<arg>${price}</arg>
<doc>Converts the given item to an integer number.</doc>
<status status="PASS" start="2024-08-23T10:39:23.786493" elapsed="0.001407"/>
</kw>
<kw name="Append To List" owner="Collections">
<arg>${allBusPrice}</arg>
<arg>${price}</arg>
<doc>Adds ``values`` to the end of ``list``.</doc>
<status status="PASS" start="2024-08-23T10:39:23.788573" elapsed="0.000404"/>
</kw>
<var name="${index}">3</var>
<status status="PASS" start="2024-08-23T10:39:23.720976" elapsed="0.068001"/>
</iter>
<iter>
<kw name="Get Text" owner="SeleniumLibrary">
<msg time="2024-08-23T10:39:23.853543" level="INFO">${price} =  500</msg>
<var>${price}</var>
<arg>(//div[@class="busCardContainer "]//span[@id="price"])[${index}]</arg>
<doc>Returns the text value of the element identified by ``locator``.</doc>
<status status="PASS" start="2024-08-23T10:39:23.788977" elapsed="0.064566"/>
</kw>
<kw name="Evaluate" owner="BuiltIn">
<msg time="2024-08-23T10:39:23.853543" level="INFO">${price} =  500</msg>
<var>${price}</var>
<arg>"${price}".replace(',', '')</arg>
<doc>Evaluates the given expression in Python and returns the result.</doc>
<status status="PASS" start="2024-08-23T10:39:23.853543" elapsed="0.000000"/>
</kw>
<kw name="Convert To Integer" owner="BuiltIn">
<msg time="2024-08-23T10:39:23.853543" level="INFO">${price} = 500</msg>
<var>${price}</var>
<arg>${price}</arg>
<doc>Converts the given item to an integer number.</doc>
<status status="PASS" start="2024-08-23T10:39:23.853543" elapsed="0.000000"/>
</kw>
<kw name="Append To List" owner="Collections">
<arg>${allBusPrice}</arg>
<arg>${price}</arg>
<doc>Adds ``values`` to the end of ``list``.</doc>
<status status="PASS" start="2024-08-23T10:39:23.853543" elapsed="0.000000"/>
</kw>
<var name="${index}">4</var>
<status status="PASS" start="2024-08-23T10:39:23.788977" elapsed="0.064566"/>
</iter>
<iter>
<kw name="Get Text" owner="SeleniumLibrary">
<msg time="2024-08-23T10:39:23.915927" level="INFO">${price} =  500</msg>
<var>${price}</var>
<arg>(//div[@class="busCardContainer "]//span[@id="price"])[${index}]</arg>
<doc>Returns the text value of the element identified by ``locator``.</doc>
<status status="PASS" start="2024-08-23T10:39:23.853543" elapsed="0.062384"/>
</kw>
<kw name="Evaluate" owner="BuiltIn">
<msg time="2024-08-23T10:39:23.917842" level="INFO">${price} =  500</msg>
<var>${price}</var>
<arg>"${price}".replace(',', '')</arg>
<doc>Evaluates the given expression in Python and returns the result.</doc>
<status status="PASS" start="2024-08-23T10:39:23.915927" elapsed="0.001915"/>
</kw>
<kw name="Convert To Integer" owner="BuiltIn">
<msg time="2024-08-23T10:39:23.917842" level="INFO">${price} = 500</msg>
<var>${price}</var>
<arg>${price}</arg>
<doc>Converts the given item to an integer number.</doc>
<status status="PASS" start="2024-08-23T10:39:23.917842" elapsed="0.000000"/>
</kw>
<kw name="Append To List" owner="Collections">
<arg>${allBusPrice}</arg>
<arg>${price}</arg>
<doc>Adds ``values`` to the end of ``list``.</doc>
<status status="PASS" start="2024-08-23T10:39:23.917842" elapsed="0.000000"/>
</kw>
<var name="${index}">5</var>
<status status="PASS" start="2024-08-23T10:39:23.853543" elapsed="0.064299"/>
</iter>
<iter>
<kw name="Get Text" owner="SeleniumLibrary">
<msg time="2024-08-23T10:39:23.974249" level="INFO">${price} =  500</msg>
<var>${price}</var>
<arg>(//div[@class="busCardContainer "]//span[@id="price"])[${index}]</arg>
<doc>Returns the text value of the element identified by ``locator``.</doc>
<status status="PASS" start="2024-08-23T10:39:23.917842" elapsed="0.056407"/>
</kw>
<kw name="Evaluate" owner="BuiltIn">
<msg time="2024-08-23T10:39:23.975269" level="INFO">${price} =  500</msg>
<var>${price}</var>
<arg>"${price}".replace(',', '')</arg>
<doc>Evaluates the given expression in Python and returns the result.</doc>
<status status="PASS" start="2024-08-23T10:39:23.975269" elapsed="0.001737"/>
</kw>
<kw name="Convert To Integer" owner="BuiltIn">
<msg time="2024-08-23T10:39:23.977006" level="INFO">${price} = 500</msg>
<var>${price}</var>
<arg>${price}</arg>
<doc>Converts the given item to an integer number.</doc>
<status status="PASS" start="2024-08-23T10:39:23.977006" elapsed="0.000000"/>
</kw>
<kw name="Append To List" owner="Collections">
<arg>${allBusPrice}</arg>
<arg>${price}</arg>
<doc>Adds ``values`` to the end of ``list``.</doc>
<status status="PASS" start="2024-08-23T10:39:23.977006" elapsed="0.002097"/>
</kw>
<var name="${index}">6</var>
<status status="PASS" start="2024-08-23T10:39:23.917842" elapsed="0.061261"/>
</iter>
<iter>
<kw name="Get Text" owner="SeleniumLibrary">
<msg time="2024-08-23T10:39:24.034836" level="INFO">${price} =  500</msg>
<var>${price}</var>
<arg>(//div[@class="busCardContainer "]//span[@id="price"])[${index}]</arg>
<doc>Returns the text value of the element identified by ``locator``.</doc>
<status status="PASS" start="2024-08-23T10:39:23.979657" elapsed="0.055179"/>
</kw>
<kw name="Evaluate" owner="BuiltIn">
<msg time="2024-08-23T10:39:24.037311" level="INFO">${price} =  500</msg>
<var>${price}</var>
<arg>"${price}".replace(',', '')</arg>
<doc>Evaluates the given expression in Python and returns the result.</doc>
<status status="PASS" start="2024-08-23T10:39:24.034836" elapsed="0.002475"/>
</kw>
<kw name="Convert To Integer" owner="BuiltIn">
<msg time="2024-08-23T10:39:24.037311" level="INFO">${price} = 500</msg>
<var>${price}</var>
<arg>${price}</arg>
<doc>Converts the given item to an integer number.</doc>
<status status="PASS" start="2024-08-23T10:39:24.037311" elapsed="0.000000"/>
</kw>
<kw name="Append To List" owner="Collections">
<arg>${allBusPrice}</arg>
<arg>${price}</arg>
<doc>Adds ``values`` to the end of ``list``.</doc>
<status status="PASS" start="2024-08-23T10:39:24.038823" elapsed="0.000000"/>
</kw>
<var name="${index}">7</var>
<status status="PASS" start="2024-08-23T10:39:23.979657" elapsed="0.059166"/>
</iter>
<iter>
<kw name="Get Text" owner="SeleniumLibrary">
<msg time="2024-08-23T10:39:24.087743" level="INFO">${price} =  1,725</msg>
<var>${price}</var>
<arg>(//div[@class="busCardContainer "]//span[@id="price"])[${index}]</arg>
<doc>Returns the text value of the element identified by ``locator``.</doc>
<status status="PASS" start="2024-08-23T10:39:24.040194" elapsed="0.047549"/>
</kw>
<kw name="Evaluate" owner="BuiltIn">
<msg time="2024-08-23T10:39:24.087743" level="INFO">${price} =  1725</msg>
<var>${price}</var>
<arg>"${price}".replace(',', '')</arg>
<doc>Evaluates the given expression in Python and returns the result.</doc>
<status status="PASS" start="2024-08-23T10:39:24.087743" elapsed="0.000000"/>
</kw>
<kw name="Convert To Integer" owner="BuiltIn">
<msg time="2024-08-23T10:39:24.087743" level="INFO">${price} = 1725</msg>
<var>${price}</var>
<arg>${price}</arg>
<doc>Converts the given item to an integer number.</doc>
<status status="PASS" start="2024-08-23T10:39:24.087743" elapsed="0.000000"/>
</kw>
<kw name="Append To List" owner="Collections">
<arg>${allBusPrice}</arg>
<arg>${price}</arg>
<doc>Adds ``values`` to the end of ``list``.</doc>
<status status="PASS" start="2024-08-23T10:39:24.094908" elapsed="0.000000"/>
</kw>
<var name="${index}">8</var>
<status status="PASS" start="2024-08-23T10:39:24.040194" elapsed="0.054714"/>
</iter>
<iter>
<kw name="Get Text" owner="SeleniumLibrary">
<msg time="2024-08-23T10:39:24.147751" level="INFO">${price} =  2,289</msg>
<var>${price}</var>
<arg>(//div[@class="busCardContainer "]//span[@id="price"])[${index}]</arg>
<doc>Returns the text value of the element identified by ``locator``.</doc>
<status status="PASS" start="2024-08-23T10:39:24.095982" elapsed="0.051769"/>
</kw>
<kw name="Evaluate" owner="BuiltIn">
<msg time="2024-08-23T10:39:24.149776" level="INFO">${price} =  2289</msg>
<var>${price}</var>
<arg>"${price}".replace(',', '')</arg>
<doc>Evaluates the given expression in Python and returns the result.</doc>
<status status="PASS" start="2024-08-23T10:39:24.147751" elapsed="0.002025"/>
</kw>
<kw name="Convert To Integer" owner="BuiltIn">
<msg time="2024-08-23T10:39:24.151443" level="INFO">${price} = 2289</msg>
<var>${price}</var>
<arg>${price}</arg>
<doc>Converts the given item to an integer number.</doc>
<status status="PASS" start="2024-08-23T10:39:24.149776" elapsed="0.001667"/>
</kw>
<kw name="Append To List" owner="Collections">
<arg>${allBusPrice}</arg>
<arg>${price}</arg>
<doc>Adds ``values`` to the end of ``list``.</doc>
<status status="PASS" start="2024-08-23T10:39:24.151443" elapsed="0.000000"/>
</kw>
<var name="${index}">9</var>
<status status="PASS" start="2024-08-23T10:39:24.095982" elapsed="0.056773"/>
</iter>
<iter>
<kw name="Get Text" owner="SeleniumLibrary">
<msg time="2024-08-23T10:39:24.218041" level="INFO">${price} =  650</msg>
<var>${price}</var>
<arg>(//div[@class="busCardContainer "]//span[@id="price"])[${index}]</arg>
<doc>Returns the text value of the element identified by ``locator``.</doc>
<status status="PASS" start="2024-08-23T10:39:24.152755" elapsed="0.065286"/>
</kw>
<kw name="Evaluate" owner="BuiltIn">
<msg time="2024-08-23T10:39:24.218041" level="INFO">${price} =  650</msg>
<var>${price}</var>
<arg>"${price}".replace(',', '')</arg>
<doc>Evaluates the given expression in Python and returns the result.</doc>
<status status="PASS" start="2024-08-23T10:39:24.218041" elapsed="0.000000"/>
</kw>
<kw name="Convert To Integer" owner="BuiltIn">
<msg time="2024-08-23T10:39:24.218041" level="INFO">${price} = 650</msg>
<var>${price}</var>
<arg>${price}</arg>
<doc>Converts the given item to an integer number.</doc>
<status status="PASS" start="2024-08-23T10:39:24.218041" elapsed="0.000000"/>
</kw>
<kw name="Append To List" owner="Collections">
<arg>${allBusPrice}</arg>
<arg>${price}</arg>
<doc>Adds ``values`` to the end of ``list``.</doc>
<status status="PASS" start="2024-08-23T10:39:24.218041" elapsed="0.000000"/>
</kw>
<var name="${index}">10</var>
<status status="PASS" start="2024-08-23T10:39:24.152755" elapsed="0.065286"/>
</iter>
<iter>
<kw name="Get Text" owner="SeleniumLibrary">
<msg time="2024-08-23T10:39:24.271838" level="INFO">${price} =  750</msg>
<var>${price}</var>
<arg>(//div[@class="busCardContainer "]//span[@id="price"])[${index}]</arg>
<doc>Returns the text value of the element identified by ``locator``.</doc>
<status status="PASS" start="2024-08-23T10:39:24.218041" elapsed="0.053797"/>
</kw>
<kw name="Evaluate" owner="BuiltIn">
<msg time="2024-08-23T10:39:24.273829" level="INFO">${price} =  750</msg>
<var>${price}</var>
<arg>"${price}".replace(',', '')</arg>
<doc>Evaluates the given expression in Python and returns the result.</doc>
<status status="PASS" start="2024-08-23T10:39:24.271838" elapsed="0.001991"/>
</kw>
<kw name="Convert To Integer" owner="BuiltIn">
<msg time="2024-08-23T10:39:24.273829" level="INFO">${price} = 750</msg>
<var>${price}</var>
<arg>${price}</arg>
<doc>Converts the given item to an integer number.</doc>
<status status="PASS" start="2024-08-23T10:39:24.273829" elapsed="0.000000"/>
</kw>
<kw name="Append To List" owner="Collections">
<arg>${allBusPrice}</arg>
<arg>${price}</arg>
<doc>Adds ``values`` to the end of ``list``.</doc>
<status status="PASS" start="2024-08-23T10:39:24.273829" elapsed="0.002015"/>
</kw>
<var name="${index}">11</var>
<status status="PASS" start="2024-08-23T10:39:24.218041" elapsed="0.057803"/>
</iter>
<iter>
<kw name="Get Text" owner="SeleniumLibrary">
<msg time="2024-08-23T10:39:24.329643" level="INFO">${price} =  800</msg>
<var>${price}</var>
<arg>(//div[@class="busCardContainer "]//span[@id="price"])[${index}]</arg>
<doc>Returns the text value of the element identified by ``locator``.</doc>
<status status="PASS" start="2024-08-23T10:39:24.276857" elapsed="0.052786"/>
</kw>
<kw name="Evaluate" owner="BuiltIn">
<msg time="2024-08-23T10:39:24.329643" level="INFO">${price} =  800</msg>
<var>${price}</var>
<arg>"${price}".replace(',', '')</arg>
<doc>Evaluates the given expression in Python and returns the result.</doc>
<status status="PASS" start="2024-08-23T10:39:24.329643" elapsed="0.000000"/>
</kw>
<kw name="Convert To Integer" owner="BuiltIn">
<msg time="2024-08-23T10:39:24.329643" level="INFO">${price} = 800</msg>
<var>${price}</var>
<arg>${price}</arg>
<doc>Converts the given item to an integer number.</doc>
<status status="PASS" start="2024-08-23T10:39:24.329643" elapsed="0.000000"/>
</kw>
<kw name="Append To List" owner="Collections">
<arg>${allBusPrice}</arg>
<arg>${price}</arg>
<doc>Adds ``values`` to the end of ``list``.</doc>
<status status="PASS" start="2024-08-23T10:39:24.329643" elapsed="0.000000"/>
</kw>
<var name="${index}">12</var>
<status status="PASS" start="2024-08-23T10:39:24.275844" elapsed="0.053799"/>
</iter>
<iter>
<kw name="Get Text" owner="SeleniumLibrary">
<msg time="2024-08-23T10:39:24.583715" level="INFO">${price} =  830</msg>
<var>${price}</var>
<arg>(//div[@class="busCardContainer "]//span[@id="price"])[${index}]</arg>
<doc>Returns the text value of the element identified by ``locator``.</doc>
<status status="PASS" start="2024-08-23T10:39:24.329643" elapsed="0.254072"/>
</kw>
<kw name="Evaluate" owner="BuiltIn">
<msg time="2024-08-23T10:39:24.585112" level="INFO">${price} =  830</msg>
<var>${price}</var>
<arg>"${price}".replace(',', '')</arg>
<doc>Evaluates the given expression in Python and returns the result.</doc>
<status status="PASS" start="2024-08-23T10:39:24.583715" elapsed="0.001397"/>
</kw>
<kw name="Convert To Integer" owner="BuiltIn">
<msg time="2024-08-23T10:39:24.587001" level="INFO">${price} = 830</msg>
<var>${price}</var>
<arg>${price}</arg>
<doc>Converts the given item to an integer number.</doc>
<status status="PASS" start="2024-08-23T10:39:24.585112" elapsed="0.001889"/>
</kw>
<kw name="Append To List" owner="Collections">
<arg>${allBusPrice}</arg>
<arg>${price}</arg>
<doc>Adds ``values`` to the end of ``list``.</doc>
<status status="PASS" start="2024-08-23T10:39:24.587516" elapsed="0.000000"/>
</kw>
<var name="${index}">13</var>
<status status="PASS" start="2024-08-23T10:39:24.329643" elapsed="0.257873"/>
</iter>
<iter>
<kw name="Get Text" owner="SeleniumLibrary">
<msg time="2024-08-23T10:39:24.746229" level="INFO">${price} =  1,000</msg>
<var>${price}</var>
<arg>(//div[@class="busCardContainer "]//span[@id="price"])[${index}]</arg>
<doc>Returns the text value of the element identified by ``locator``.</doc>
<status status="PASS" start="2024-08-23T10:39:24.588613" elapsed="0.157616"/>
</kw>
<kw name="Evaluate" owner="BuiltIn">
<msg time="2024-08-23T10:39:24.750315" level="INFO">${price} =  1000</msg>
<var>${price}</var>
<arg>"${price}".replace(',', '')</arg>
<doc>Evaluates the given expression in Python and returns the result.</doc>
<status status="PASS" start="2024-08-23T10:39:24.746229" elapsed="0.004086"/>
</kw>
<kw name="Convert To Integer" owner="BuiltIn">
<msg time="2024-08-23T10:39:24.751828" level="INFO">${price} = 1000</msg>
<var>${price}</var>
<arg>${price}</arg>
<doc>Converts the given item to an integer number.</doc>
<status status="PASS" start="2024-08-23T10:39:24.751828" elapsed="0.000000"/>
</kw>
<kw name="Append To List" owner="Collections">
<arg>${allBusPrice}</arg>
<arg>${price}</arg>
<doc>Adds ``values`` to the end of ``list``.</doc>
<status status="PASS" start="2024-08-23T10:39:24.753134" elapsed="0.000000"/>
</kw>
<var name="${index}">14</var>
<status status="PASS" start="2024-08-23T10:39:24.587516" elapsed="0.165618"/>
</iter>
<iter>
<kw name="Get Text" owner="SeleniumLibrary">
<msg time="2024-08-23T10:39:24.822404" level="INFO">${price} =  1,199</msg>
<var>${price}</var>
<arg>(//div[@class="busCardContainer "]//span[@id="price"])[${index}]</arg>
<doc>Returns the text value of the element identified by ``locator``.</doc>
<status status="PASS" start="2024-08-23T10:39:24.753134" elapsed="0.069270"/>
</kw>
<kw name="Evaluate" owner="BuiltIn">
<msg time="2024-08-23T10:39:24.822404" level="INFO">${price} =  1199</msg>
<var>${price}</var>
<arg>"${price}".replace(',', '')</arg>
<doc>Evaluates the given expression in Python and returns the result.</doc>
<status status="PASS" start="2024-08-23T10:39:24.822404" elapsed="0.000000"/>
</kw>
<kw name="Convert To Integer" owner="BuiltIn">
<msg time="2024-08-23T10:39:24.827599" level="INFO">${price} = 1199</msg>
<var>${price}</var>
<arg>${price}</arg>
<doc>Converts the given item to an integer number.</doc>
<status status="PASS" start="2024-08-23T10:39:24.822404" elapsed="0.005195"/>
</kw>
<kw name="Append To List" owner="Collections">
<arg>${allBusPrice}</arg>
<arg>${price}</arg>
<doc>Adds ``values`` to the end of ``list``.</doc>
<status status="PASS" start="2024-08-23T10:39:24.827599" elapsed="0.002523"/>
</kw>
<var name="${index}">15</var>
<status status="PASS" start="2024-08-23T10:39:24.753134" elapsed="0.076988"/>
</iter>
<iter>
<kw name="Get Text" owner="SeleniumLibrary">
<msg time="2024-08-23T10:39:24.889761" level="INFO">${price} =  1,350</msg>
<var>${price}</var>
<arg>(//div[@class="busCardContainer "]//span[@id="price"])[${index}]</arg>
<doc>Returns the text value of the element identified by ``locator``.</doc>
<status status="PASS" start="2024-08-23T10:39:24.831283" elapsed="0.058478"/>
</kw>
<kw name="Evaluate" owner="BuiltIn">
<msg time="2024-08-23T10:39:24.889761" level="INFO">${price} =  1350</msg>
<var>${price}</var>
<arg>"${price}".replace(',', '')</arg>
<doc>Evaluates the given expression in Python and returns the result.</doc>
<status status="PASS" start="2024-08-23T10:39:24.889761" elapsed="0.000000"/>
</kw>
<kw name="Convert To Integer" owner="BuiltIn">
<msg time="2024-08-23T10:39:24.893287" level="INFO">${price} = 1350</msg>
<var>${price}</var>
<arg>${price}</arg>
<doc>Converts the given item to an integer number.</doc>
<status status="PASS" start="2024-08-23T10:39:24.893287" elapsed="0.000000"/>
</kw>
<kw name="Append To List" owner="Collections">
<arg>${allBusPrice}</arg>
<arg>${price}</arg>
<doc>Adds ``values`` to the end of ``list``.</doc>
<status status="PASS" start="2024-08-23T10:39:24.893287" elapsed="0.000000"/>
</kw>
<var name="${index}">16</var>
<status status="PASS" start="2024-08-23T10:39:24.830122" elapsed="0.063165"/>
</iter>
<var>${index}</var>
<value>1</value>
<value>${busCount}</value>
<status status="PASS" start="2024-08-23T10:39:23.596361" elapsed="1.296926"/>
</for>
<for flavor="IN RANGE">
<iter>
<kw name="Get Text" owner="SeleniumLibrary">
<msg time="2024-08-23T10:39:24.964079" level="INFO">${busName} = KSRTC (Kerala) - 621</msg>
<var>${busName}</var>
<arg>(//p[contains(@class, 'latoBold blackText')])[${index}]</arg>
<doc>Returns the text value of the element identified by ``locator``.</doc>
<status status="PASS" start="2024-08-23T10:39:24.898387" elapsed="0.065692"/>
</kw>
<kw name="Get Text" owner="SeleniumLibrary">
<msg time="2024-08-23T10:39:25.033394" level="INFO">${price} =  500</msg>
<var>${price}</var>
<arg>(//div[@class="busCardContainer "]//span[@id="price"])[${index}]</arg>
<doc>Returns the text value of the element identified by ``locator``.</doc>
<status status="PASS" start="2024-08-23T10:39:24.969595" elapsed="0.065551"/>
</kw>
<kw name="Evaluate" owner="BuiltIn">
<msg time="2024-08-23T10:39:25.035146" level="INFO">${price} =  500</msg>
<var>${price}</var>
<arg>"${price}".replace(',', '')</arg>
<doc>Evaluates the given expression in Python and returns the result.</doc>
<status status="PASS" start="2024-08-23T10:39:25.035146" elapsed="0.000000"/>
</kw>
<kw name="Convert To Integer" owner="BuiltIn">
<msg time="2024-08-23T10:39:25.035146" level="INFO">${intprice} = 500</msg>
<var>${intprice}</var>
<arg>${price}</arg>
<doc>Converts the given item to an integer number.</doc>
<status status="PASS" start="2024-08-23T10:39:25.035146" elapsed="0.000000"/>
</kw>
<kw name="Evaluate" owner="BuiltIn">
<msg time="2024-08-23T10:39:25.038098" level="INFO">${found} = True</msg>
<var>${found}</var>
<arg>'KSRTC' in '${busName}'</arg>
<doc>Evaluates the given expression in Python and returns the result.</doc>
<status status="PASS" start="2024-08-23T10:39:25.038098" elapsed="0.000000"/>
</kw>
<if>
<branch type="IF" condition="${found}">
<kw name="Append To List" owner="Collections">
<arg>${allKsrtcPrices}</arg>
<arg>${intprice}</arg>
<doc>Adds ``values`` to the end of ``list``.</doc>
<status status="PASS" start="2024-08-23T10:39:25.038098" elapsed="0.000000"/>
</kw>
<status status="PASS" start="2024-08-23T10:39:25.038098" elapsed="0.000000"/>
</branch>
<branch type="ELSE">
<kw name="Append To List" owner="Collections">
<arg>${allPrivatePrices}</arg>
<arg>${intprice}</arg>
<doc>Adds ``values`` to the end of ``list``.</doc>
<status status="NOT RUN" start="2024-08-23T10:39:25.040622" elapsed="0.000000"/>
</kw>
<status status="NOT RUN" start="2024-08-23T10:39:25.038098" elapsed="0.002524"/>
</branch>
<status status="PASS" start="2024-08-23T10:39:25.038098" elapsed="0.002524"/>
</if>
<var name="${index}">1</var>
<status status="PASS" start="2024-08-23T10:39:24.898387" elapsed="0.144436"/>
</iter>
<iter>
<kw name="Get Text" owner="SeleniumLibrary">
<msg time="2024-08-23T10:39:25.118475" level="INFO">${busName} = KSRTC (Kerala) - 1996</msg>
<var>${busName}</var>
<arg>(//p[contains(@class, 'latoBold blackText')])[${index}]</arg>
<doc>Returns the text value of the element identified by ``locator``.</doc>
<status status="PASS" start="2024-08-23T10:39:25.042823" elapsed="0.075652"/>
</kw>
<kw name="Get Text" owner="SeleniumLibrary">
<msg time="2024-08-23T10:39:25.181848" level="INFO">${price} =  500</msg>
<var>${price}</var>
<arg>(//div[@class="busCardContainer "]//span[@id="price"])[${index}]</arg>
<doc>Returns the text value of the element identified by ``locator``.</doc>
<status status="PASS" start="2024-08-23T10:39:25.118475" elapsed="0.063373"/>
</kw>
<kw name="Evaluate" owner="BuiltIn">
<msg time="2024-08-23T10:39:25.182932" level="INFO">${price} =  500</msg>
<var>${price}</var>
<arg>"${price}".replace(',', '')</arg>
<doc>Evaluates the given expression in Python and returns the result.</doc>
<status status="PASS" start="2024-08-23T10:39:25.181848" elapsed="0.001084"/>
</kw>
<kw name="Convert To Integer" owner="BuiltIn">
<msg time="2024-08-23T10:39:25.182932" level="INFO">${intprice} = 500</msg>
<var>${intprice}</var>
<arg>${price}</arg>
<doc>Converts the given item to an integer number.</doc>
<status status="PASS" start="2024-08-23T10:39:25.182932" elapsed="0.000000"/>
</kw>
<kw name="Evaluate" owner="BuiltIn">
<msg time="2024-08-23T10:39:25.182932" level="INFO">${found} = True</msg>
<var>${found}</var>
<arg>'KSRTC' in '${busName}'</arg>
<doc>Evaluates the given expression in Python and returns the result.</doc>
<status status="PASS" start="2024-08-23T10:39:25.182932" elapsed="0.000000"/>
</kw>
<if>
<branch type="IF" condition="${found}">
<kw name="Append To List" owner="Collections">
<arg>${allKsrtcPrices}</arg>
<arg>${intprice}</arg>
<doc>Adds ``values`` to the end of ``list``.</doc>
<status status="PASS" start="2024-08-23T10:39:25.182932" elapsed="0.000000"/>
</kw>
<status status="PASS" start="2024-08-23T10:39:25.182932" elapsed="0.004516"/>
</branch>
<branch type="ELSE">
<kw name="Append To List" owner="Collections">
<arg>${allPrivatePrices}</arg>
<arg>${intprice}</arg>
<doc>Adds ``values`` to the end of ``list``.</doc>
<status status="NOT RUN" start="2024-08-23T10:39:25.187448" elapsed="0.000000"/>
</kw>
<status status="NOT RUN" start="2024-08-23T10:39:25.187448" elapsed="0.000557"/>
</branch>
<status status="PASS" start="2024-08-23T10:39:25.182932" elapsed="0.005073"/>
</if>
<var name="${index}">2</var>
<status status="PASS" start="2024-08-23T10:39:25.042823" elapsed="0.145182"/>
</iter>
<iter>
<kw name="Get Text" owner="SeleniumLibrary">
<msg time="2024-08-23T10:39:25.256835" level="INFO">${busName} = KSRTC (Kerala) - 623</msg>
<var>${busName}</var>
<arg>(//p[contains(@class, 'latoBold blackText')])[${index}]</arg>
<doc>Returns the text value of the element identified by ``locator``.</doc>
<status status="PASS" start="2024-08-23T10:39:25.188005" elapsed="0.068830"/>
</kw>
<kw name="Get Text" owner="SeleniumLibrary">
<msg time="2024-08-23T10:39:25.319223" level="INFO">${price} =  500</msg>
<var>${price}</var>
<arg>(//div[@class="busCardContainer "]//span[@id="price"])[${index}]</arg>
<doc>Returns the text value of the element identified by ``locator``.</doc>
<status status="PASS" start="2024-08-23T10:39:25.264348" elapsed="0.054875"/>
</kw>
<kw name="Evaluate" owner="BuiltIn">
<msg time="2024-08-23T10:39:25.320386" level="INFO">${price} =  500</msg>
<var>${price}</var>
<arg>"${price}".replace(',', '')</arg>
<doc>Evaluates the given expression in Python and returns the result.</doc>
<status status="PASS" start="2024-08-23T10:39:25.319223" elapsed="0.001163"/>
</kw>
<kw name="Convert To Integer" owner="BuiltIn">
<msg time="2024-08-23T10:39:25.320386" level="INFO">${intprice} = 500</msg>
<var>${intprice}</var>
<arg>${price}</arg>
<doc>Converts the given item to an integer number.</doc>
<status status="PASS" start="2024-08-23T10:39:25.320386" elapsed="0.000000"/>
</kw>
<kw name="Evaluate" owner="BuiltIn">
<msg time="2024-08-23T10:39:25.324933" level="INFO">${found} = True</msg>
<var>${found}</var>
<arg>'KSRTC' in '${busName}'</arg>
<doc>Evaluates the given expression in Python and returns the result.</doc>
<status status="PASS" start="2024-08-23T10:39:25.320386" elapsed="0.004652"/>
</kw>
<if>
<branch type="IF" condition="${found}">
<kw name="Append To List" owner="Collections">
<arg>${allKsrtcPrices}</arg>
<arg>${intprice}</arg>
<doc>Adds ``values`` to the end of ``list``.</doc>
<status status="PASS" start="2024-08-23T10:39:25.325038" elapsed="0.000000"/>
</kw>
<status status="PASS" start="2024-08-23T10:39:25.325038" elapsed="0.000000"/>
</branch>
<branch type="ELSE">
<kw name="Append To List" owner="Collections">
<arg>${allPrivatePrices}</arg>
<arg>${intprice}</arg>
<doc>Adds ``values`` to the end of ``list``.</doc>
<status status="NOT RUN" start="2024-08-23T10:39:25.325038" elapsed="0.005021"/>
</kw>
<status status="NOT RUN" start="2024-08-23T10:39:25.325038" elapsed="0.005021"/>
</branch>
<status status="PASS" start="2024-08-23T10:39:25.325038" elapsed="0.005021"/>
</if>
<var name="${index}">3</var>
<status status="PASS" start="2024-08-23T10:39:25.188005" elapsed="0.142054"/>
</iter>
<iter>
<kw name="Get Text" owner="SeleniumLibrary">
<msg time="2024-08-23T10:39:25.405095" level="INFO">${busName} = KSRTC (Kerala) - 624</msg>
<var>${busName}</var>
<arg>(//p[contains(@class, 'latoBold blackText')])[${index}]</arg>
<doc>Returns the text value of the element identified by ``locator``.</doc>
<status status="PASS" start="2024-08-23T10:39:25.330059" elapsed="0.075036"/>
</kw>
<kw name="Get Text" owner="SeleniumLibrary">
<msg time="2024-08-23T10:39:25.472858" level="INFO">${price} =  500</msg>
<var>${price}</var>
<arg>(//div[@class="busCardContainer "]//span[@id="price"])[${index}]</arg>
<doc>Returns the text value of the element identified by ``locator``.</doc>
<status status="PASS" start="2024-08-23T10:39:25.405095" elapsed="0.067763"/>
</kw>
<kw name="Evaluate" owner="BuiltIn">
<msg time="2024-08-23T10:39:25.474671" level="INFO">${price} =  500</msg>
<var>${price}</var>
<arg>"${price}".replace(',', '')</arg>
<doc>Evaluates the given expression in Python and returns the result.</doc>
<status status="PASS" start="2024-08-23T10:39:25.472858" elapsed="0.001813"/>
</kw>
<kw name="Convert To Integer" owner="BuiltIn">
<msg time="2024-08-23T10:39:25.477224" level="INFO">${intprice} = 500</msg>
<var>${intprice}</var>
<arg>${price}</arg>
<doc>Converts the given item to an integer number.</doc>
<status status="PASS" start="2024-08-23T10:39:25.474671" elapsed="0.002553"/>
</kw>
<kw name="Evaluate" owner="BuiltIn">
<msg time="2024-08-23T10:39:25.477224" level="INFO">${found} = True</msg>
<var>${found}</var>
<arg>'KSRTC' in '${busName}'</arg>
<doc>Evaluates the given expression in Python and returns the result.</doc>
<status status="PASS" start="2024-08-23T10:39:25.477224" elapsed="0.000000"/>
</kw>
<if>
<branch type="IF" condition="${found}">
<kw name="Append To List" owner="Collections">
<arg>${allKsrtcPrices}</arg>
<arg>${intprice}</arg>
<doc>Adds ``values`` to the end of ``list``.</doc>
<status status="PASS" start="2024-08-23T10:39:25.480925" elapsed="0.000000"/>
</kw>
<status status="PASS" start="2024-08-23T10:39:25.480925" elapsed="0.000000"/>
</branch>
<branch type="ELSE">
<kw name="Append To List" owner="Collections">
<arg>${allPrivatePrices}</arg>
<arg>${intprice}</arg>
<doc>Adds ``values`` to the end of ``list``.</doc>
<status status="NOT RUN" start="2024-08-23T10:39:25.480925" elapsed="0.000000"/>
</kw>
<status status="NOT RUN" start="2024-08-23T10:39:25.480925" elapsed="0.000000"/>
</branch>
<status status="PASS" start="2024-08-23T10:39:25.480925" elapsed="0.000000"/>
</if>
<var name="${index}">4</var>
<status status="PASS" start="2024-08-23T10:39:25.330059" elapsed="0.150866"/>
</iter>
<iter>
<kw name="Get Text" owner="SeleniumLibrary">
<msg time="2024-08-23T10:39:25.540820" level="INFO">${busName} = KSRTC (Kerala) - 625</msg>
<var>${busName}</var>
<arg>(//p[contains(@class, 'latoBold blackText')])[${index}]</arg>
<doc>Returns the text value of the element identified by ``locator``.</doc>
<status status="PASS" start="2024-08-23T10:39:25.480925" elapsed="0.059895"/>
</kw>
<kw name="Get Text" owner="SeleniumLibrary">
<msg time="2024-08-23T10:39:25.584366" level="INFO">${price} =  500</msg>
<var>${price}</var>
<arg>(//div[@class="busCardContainer "]//span[@id="price"])[${index}]</arg>
<doc>Returns the text value of the element identified by ``locator``.</doc>
<status status="PASS" start="2024-08-23T10:39:25.540820" elapsed="0.043546"/>
</kw>
<kw name="Evaluate" owner="BuiltIn">
<msg time="2024-08-23T10:39:25.584366" level="INFO">${price} =  500</msg>
<var>${price}</var>
<arg>"${price}".replace(',', '')</arg>
<doc>Evaluates the given expression in Python and returns the result.</doc>
<status status="PASS" start="2024-08-23T10:39:25.584366" elapsed="0.000000"/>
</kw>
<kw name="Convert To Integer" owner="BuiltIn">
<msg time="2024-08-23T10:39:25.587379" level="INFO">${intprice} = 500</msg>
<var>${intprice}</var>
<arg>${price}</arg>
<doc>Converts the given item to an integer number.</doc>
<status status="PASS" start="2024-08-23T10:39:25.584366" elapsed="0.003539"/>
</kw>
<kw name="Evaluate" owner="BuiltIn">
<msg time="2024-08-23T10:39:25.587905" level="INFO">${found} = True</msg>
<var>${found}</var>
<arg>'KSRTC' in '${busName}'</arg>
<doc>Evaluates the given expression in Python and returns the result.</doc>
<status status="PASS" start="2024-08-23T10:39:25.587905" elapsed="0.000000"/>
</kw>
<if>
<branch type="IF" condition="${found}">
<kw name="Append To List" owner="Collections">
<arg>${allKsrtcPrices}</arg>
<arg>${intprice}</arg>
<doc>Adds ``values`` to the end of ``list``.</doc>
<status status="PASS" start="2024-08-23T10:39:25.589437" elapsed="0.000000"/>
</kw>
<status status="PASS" start="2024-08-23T10:39:25.587905" elapsed="0.002575"/>
</branch>
<branch type="ELSE">
<kw name="Append To List" owner="Collections">
<arg>${allPrivatePrices}</arg>
<arg>${intprice}</arg>
<doc>Adds ``values`` to the end of ``list``.</doc>
<status status="NOT RUN" start="2024-08-23T10:39:25.590480" elapsed="0.000000"/>
</kw>
<status status="NOT RUN" start="2024-08-23T10:39:25.590480" elapsed="0.000000"/>
</branch>
<status status="PASS" start="2024-08-23T10:39:25.587905" elapsed="0.002575"/>
</if>
<var name="${index}">5</var>
<status status="PASS" start="2024-08-23T10:39:25.480925" elapsed="0.109555"/>
</iter>
<iter>
<kw name="Get Text" owner="SeleniumLibrary">
<msg time="2024-08-23T10:39:25.640263" level="INFO">${busName} = KSRTC (Kerala) - 617</msg>
<var>${busName}</var>
<arg>(//p[contains(@class, 'latoBold blackText')])[${index}]</arg>
<doc>Returns the text value of the element identified by ``locator``.</doc>
<status status="PASS" start="2024-08-23T10:39:25.590480" elapsed="0.049783"/>
</kw>
<kw name="Get Text" owner="SeleniumLibrary">
<msg time="2024-08-23T10:39:25.684952" level="INFO">${price} =  500</msg>
<var>${price}</var>
<arg>(//div[@class="busCardContainer "]//span[@id="price"])[${index}]</arg>
<doc>Returns the text value of the element identified by ``locator``.</doc>
<status status="PASS" start="2024-08-23T10:39:25.640263" elapsed="0.044689"/>
</kw>
<kw name="Evaluate" owner="BuiltIn">
<msg time="2024-08-23T10:39:25.686064" level="INFO">${price} =  500</msg>
<var>${price}</var>
<arg>"${price}".replace(',', '')</arg>
<doc>Evaluates the given expression in Python and returns the result.</doc>
<status status="PASS" start="2024-08-23T10:39:25.684952" elapsed="0.001112"/>
</kw>
<kw name="Convert To Integer" owner="BuiltIn">
<msg time="2024-08-23T10:39:25.686064" level="INFO">${intprice} = 500</msg>
<var>${intprice}</var>
<arg>${price}</arg>
<doc>Converts the given item to an integer number.</doc>
<status status="PASS" start="2024-08-23T10:39:25.686064" elapsed="0.000000"/>
</kw>
<kw name="Evaluate" owner="BuiltIn">
<msg time="2024-08-23T10:39:25.688083" level="INFO">${found} = True</msg>
<var>${found}</var>
<arg>'KSRTC' in '${busName}'</arg>
<doc>Evaluates the given expression in Python and returns the result.</doc>
<status status="PASS" start="2024-08-23T10:39:25.688083" elapsed="0.000000"/>
</kw>
<if>
<branch type="IF" condition="${found}">
<kw name="Append To List" owner="Collections">
<arg>${allKsrtcPrices}</arg>
<arg>${intprice}</arg>
<doc>Adds ``values`` to the end of ``list``.</doc>
<status status="PASS" start="2024-08-23T10:39:25.689183" elapsed="0.000000"/>
</kw>
<status status="PASS" start="2024-08-23T10:39:25.689183" elapsed="0.000000"/>
</branch>
<branch type="ELSE">
<kw name="Append To List" owner="Collections">
<arg>${allPrivatePrices}</arg>
<arg>${intprice}</arg>
<doc>Adds ``values`` to the end of ``list``.</doc>
<status status="NOT RUN" start="2024-08-23T10:39:25.690772" elapsed="0.000000"/>
</kw>
<status status="NOT RUN" start="2024-08-23T10:39:25.689183" elapsed="0.002102"/>
</branch>
<status status="PASS" start="2024-08-23T10:39:25.689183" elapsed="0.002102"/>
</if>
<var name="${index}">6</var>
<status status="PASS" start="2024-08-23T10:39:25.590480" elapsed="0.100805"/>
</iter>
<iter>
<kw name="Get Text" owner="SeleniumLibrary">
<msg time="2024-08-23T10:39:25.741830" level="INFO">${busName} = KSRTC (Kerala) - 1995</msg>
<var>${busName}</var>
<arg>(//p[contains(@class, 'latoBold blackText')])[${index}]</arg>
<doc>Returns the text value of the element identified by ``locator``.</doc>
<status status="PASS" start="2024-08-23T10:39:25.691285" elapsed="0.050545"/>
</kw>
<kw name="Get Text" owner="SeleniumLibrary">
<msg time="2024-08-23T10:39:25.783475" level="INFO">${price} =  500</msg>
<var>${price}</var>
<arg>(//div[@class="busCardContainer "]//span[@id="price"])[${index}]</arg>
<doc>Returns the text value of the element identified by ``locator``.</doc>
<status status="PASS" start="2024-08-23T10:39:25.741830" elapsed="0.041645"/>
</kw>
<kw name="Evaluate" owner="BuiltIn">
<msg time="2024-08-23T10:39:25.785594" level="INFO">${price} =  500</msg>
<var>${price}</var>
<arg>"${price}".replace(',', '')</arg>
<doc>Evaluates the given expression in Python and returns the result.</doc>
<status status="PASS" start="2024-08-23T10:39:25.783475" elapsed="0.002119"/>
</kw>
<kw name="Convert To Integer" owner="BuiltIn">
<msg time="2024-08-23T10:39:25.786148" level="INFO">${intprice} = 500</msg>
<var>${intprice}</var>
<arg>${price}</arg>
<doc>Converts the given item to an integer number.</doc>
<status status="PASS" start="2024-08-23T10:39:25.786148" elapsed="0.000000"/>
</kw>
<kw name="Evaluate" owner="BuiltIn">
<msg time="2024-08-23T10:39:25.788169" level="INFO">${found} = True</msg>
<var>${found}</var>
<arg>'KSRTC' in '${busName}'</arg>
<doc>Evaluates the given expression in Python and returns the result.</doc>
<status status="PASS" start="2024-08-23T10:39:25.786148" elapsed="0.002021"/>
</kw>
<if>
<branch type="IF" condition="${found}">
<kw name="Append To List" owner="Collections">
<arg>${allKsrtcPrices}</arg>
<arg>${intprice}</arg>
<doc>Adds ``values`` to the end of ``list``.</doc>
<status status="PASS" start="2024-08-23T10:39:25.788169" elapsed="0.001369"/>
</kw>
<status status="PASS" start="2024-08-23T10:39:25.788169" elapsed="0.001369"/>
</branch>
<branch type="ELSE">
<kw name="Append To List" owner="Collections">
<arg>${allPrivatePrices}</arg>
<arg>${intprice}</arg>
<doc>Adds ``values`` to the end of ``list``.</doc>
<status status="NOT RUN" start="2024-08-23T10:39:25.789538" elapsed="0.000000"/>
</kw>
<status status="NOT RUN" start="2024-08-23T10:39:25.789538" elapsed="0.000000"/>
</branch>
<status status="PASS" start="2024-08-23T10:39:25.788169" elapsed="0.001369"/>
</if>
<var name="${index}">7</var>
<status status="PASS" start="2024-08-23T10:39:25.691285" elapsed="0.098253"/>
</iter>
<iter>
<kw name="Get Text" owner="SeleniumLibrary">
<msg time="2024-08-23T10:39:25.848358" level="INFO">${busName} = KSRTC (Kerala) - 9</msg>
<var>${busName}</var>
<arg>(//p[contains(@class, 'latoBold blackText')])[${index}]</arg>
<doc>Returns the text value of the element identified by ``locator``.</doc>
<status status="PASS" start="2024-08-23T10:39:25.789538" elapsed="0.058820"/>
</kw>
<kw name="Get Text" owner="SeleniumLibrary">
<msg time="2024-08-23T10:39:25.896694" level="INFO">${price} =  1,725</msg>
<var>${price}</var>
<arg>(//div[@class="busCardContainer "]//span[@id="price"])[${index}]</arg>
<doc>Returns the text value of the element identified by ``locator``.</doc>
<status status="PASS" start="2024-08-23T10:39:25.848358" elapsed="0.048336"/>
</kw>
<kw name="Evaluate" owner="BuiltIn">
<msg time="2024-08-23T10:39:25.896694" level="INFO">${price} =  1725</msg>
<var>${price}</var>
<arg>"${price}".replace(',', '')</arg>
<doc>Evaluates the given expression in Python and returns the result.</doc>
<status status="PASS" start="2024-08-23T10:39:25.896694" elapsed="0.000000"/>
</kw>
<kw name="Convert To Integer" owner="BuiltIn">
<msg time="2024-08-23T10:39:25.896694" level="INFO">${intprice} = 1725</msg>
<var>${intprice}</var>
<arg>${price}</arg>
<doc>Converts the given item to an integer number.</doc>
<status status="PASS" start="2024-08-23T10:39:25.896694" elapsed="0.000000"/>
</kw>
<kw name="Evaluate" owner="BuiltIn">
<msg time="2024-08-23T10:39:25.896694" level="INFO">${found} = True</msg>
<var>${found}</var>
<arg>'KSRTC' in '${busName}'</arg>
<doc>Evaluates the given expression in Python and returns the result.</doc>
<status status="PASS" start="2024-08-23T10:39:25.896694" elapsed="0.000000"/>
</kw>
<if>
<branch type="IF" condition="${found}">
<kw name="Append To List" owner="Collections">
<arg>${allKsrtcPrices}</arg>
<arg>${intprice}</arg>
<doc>Adds ``values`` to the end of ``list``.</doc>
<status status="PASS" start="2024-08-23T10:39:25.896694" elapsed="0.000000"/>
</kw>
<status status="PASS" start="2024-08-23T10:39:25.896694" elapsed="0.000000"/>
</branch>
<branch type="ELSE">
<kw name="Append To List" owner="Collections">
<arg>${allPrivatePrices}</arg>
<arg>${intprice}</arg>
<doc>Adds ``values`` to the end of ``list``.</doc>
<status status="NOT RUN" start="2024-08-23T10:39:25.896694" elapsed="0.006863"/>
</kw>
<status status="NOT RUN" start="2024-08-23T10:39:25.896694" elapsed="0.006863"/>
</branch>
<status status="PASS" start="2024-08-23T10:39:25.896694" elapsed="0.006863"/>
</if>
<var name="${index}">8</var>
<status status="PASS" start="2024-08-23T10:39:25.789538" elapsed="0.114019"/>
</iter>
<iter>
<kw name="Get Text" owner="SeleniumLibrary">
<msg time="2024-08-23T10:39:25.959891" level="INFO">${busName} = KSRTC (Kerala) - 1360</msg>
<var>${busName}</var>
<arg>(//p[contains(@class, 'latoBold blackText')])[${index}]</arg>
<doc>Returns the text value of the element identified by ``locator``.</doc>
<status status="PASS" start="2024-08-23T10:39:25.904070" elapsed="0.055821"/>
</kw>
<kw name="Get Text" owner="SeleniumLibrary">
<msg time="2024-08-23T10:39:25.995520" level="INFO">${price} =  2,289</msg>
<var>${price}</var>
<arg>(//div[@class="busCardContainer "]//span[@id="price"])[${index}]</arg>
<doc>Returns the text value of the element identified by ``locator``.</doc>
<status status="PASS" start="2024-08-23T10:39:25.959891" elapsed="0.035629"/>
</kw>
<kw name="Evaluate" owner="BuiltIn">
<msg time="2024-08-23T10:39:26.002423" level="INFO">${price} =  2289</msg>
<var>${price}</var>
<arg>"${price}".replace(',', '')</arg>
<doc>Evaluates the given expression in Python and returns the result.</doc>
<status status="PASS" start="2024-08-23T10:39:25.995520" elapsed="0.006903"/>
</kw>
<kw name="Convert To Integer" owner="BuiltIn">
<msg time="2024-08-23T10:39:26.002423" level="INFO">${intprice} = 2289</msg>
<var>${intprice}</var>
<arg>${price}</arg>
<doc>Converts the given item to an integer number.</doc>
<status status="PASS" start="2024-08-23T10:39:26.002423" elapsed="0.000000"/>
</kw>
<kw name="Evaluate" owner="BuiltIn">
<msg time="2024-08-23T10:39:26.002423" level="INFO">${found} = True</msg>
<var>${found}</var>
<arg>'KSRTC' in '${busName}'</arg>
<doc>Evaluates the given expression in Python and returns the result.</doc>
<status status="PASS" start="2024-08-23T10:39:26.002423" elapsed="0.000000"/>
</kw>
<if>
<branch type="IF" condition="${found}">
<kw name="Append To List" owner="Collections">
<arg>${allKsrtcPrices}</arg>
<arg>${intprice}</arg>
<doc>Adds ``values`` to the end of ``list``.</doc>
<status status="PASS" start="2024-08-23T10:39:26.002423" elapsed="0.003511"/>
</kw>
<status status="PASS" start="2024-08-23T10:39:26.002423" elapsed="0.003511"/>
</branch>
<branch type="ELSE">
<kw name="Append To List" owner="Collections">
<arg>${allPrivatePrices}</arg>
<arg>${intprice}</arg>
<doc>Adds ``values`` to the end of ``list``.</doc>
<status status="NOT RUN" start="2024-08-23T10:39:26.005934" elapsed="0.000000"/>
</kw>
<status status="NOT RUN" start="2024-08-23T10:39:26.005934" elapsed="0.000000"/>
</branch>
<status status="PASS" start="2024-08-23T10:39:26.002423" elapsed="0.005481"/>
</if>
<var name="${index}">9</var>
<status status="PASS" start="2024-08-23T10:39:25.904070" elapsed="0.103834"/>
</iter>
<iter>
<kw name="Get Text" owner="SeleniumLibrary">
<msg time="2024-08-23T10:39:26.050013" level="INFO">${busName} = A1 Travels</msg>
<var>${busName}</var>
<arg>(//p[contains(@class, 'latoBold blackText')])[${index}]</arg>
<doc>Returns the text value of the element identified by ``locator``.</doc>
<status status="PASS" start="2024-08-23T10:39:26.007904" elapsed="0.042109"/>
</kw>
<kw name="Get Text" owner="SeleniumLibrary">
<msg time="2024-08-23T10:39:26.083578" level="INFO">${price} =  650</msg>
<var>${price}</var>
<arg>(//div[@class="busCardContainer "]//span[@id="price"])[${index}]</arg>
<doc>Returns the text value of the element identified by ``locator``.</doc>
<status status="PASS" start="2024-08-23T10:39:26.050522" elapsed="0.033056"/>
</kw>
<kw name="Evaluate" owner="BuiltIn">
<msg time="2024-08-23T10:39:26.083578" level="INFO">${price} =  650</msg>
<var>${price}</var>
<arg>"${price}".replace(',', '')</arg>
<doc>Evaluates the given expression in Python and returns the result.</doc>
<status status="PASS" start="2024-08-23T10:39:26.083578" elapsed="0.000000"/>
</kw>
<kw name="Convert To Integer" owner="BuiltIn">
<msg time="2024-08-23T10:39:26.087176" level="INFO">${intprice} = 650</msg>
<var>${intprice}</var>
<arg>${price}</arg>
<doc>Converts the given item to an integer number.</doc>
<status status="PASS" start="2024-08-23T10:39:26.083578" elapsed="0.003598"/>
</kw>
<kw name="Evaluate" owner="BuiltIn">
<msg time="2024-08-23T10:39:26.087176" level="INFO">${found} = False</msg>
<var>${found}</var>
<arg>'KSRTC' in '${busName}'</arg>
<doc>Evaluates the given expression in Python and returns the result.</doc>
<status status="PASS" start="2024-08-23T10:39:26.087176" elapsed="0.000000"/>
</kw>
<if>
<branch type="IF" condition="${found}">
<kw name="Append To List" owner="Collections">
<arg>${allKsrtcPrices}</arg>
<arg>${intprice}</arg>
<doc>Adds ``values`` to the end of ``list``.</doc>
<status status="NOT RUN" start="2024-08-23T10:39:26.087176" elapsed="0.000000"/>
</kw>
<status status="NOT RUN" start="2024-08-23T10:39:26.087176" elapsed="0.000000"/>
</branch>
<branch type="ELSE">
<kw name="Append To List" owner="Collections">
<arg>${allPrivatePrices}</arg>
<arg>${intprice}</arg>
<doc>Adds ``values`` to the end of ``list``.</doc>
<status status="PASS" start="2024-08-23T10:39:26.088687" elapsed="0.000000"/>
</kw>
<status status="PASS" start="2024-08-23T10:39:26.087176" elapsed="0.001511"/>
</branch>
<status status="PASS" start="2024-08-23T10:39:26.087176" elapsed="0.001511"/>
</if>
<var name="${index}">10</var>
<status status="PASS" start="2024-08-23T10:39:26.007904" elapsed="0.080783"/>
</iter>
<iter>
<kw name="Get Text" owner="SeleniumLibrary">
<msg time="2024-08-23T10:39:26.127748" level="INFO">${busName} = A1 Travels</msg>
<var>${busName}</var>
<arg>(//p[contains(@class, 'latoBold blackText')])[${index}]</arg>
<doc>Returns the text value of the element identified by ``locator``.</doc>
<status status="PASS" start="2024-08-23T10:39:26.089788" elapsed="0.037960"/>
</kw>
<kw name="Get Text" owner="SeleniumLibrary">
<msg time="2024-08-23T10:39:26.171107" level="INFO">${price} =  750</msg>
<var>${price}</var>
<arg>(//div[@class="busCardContainer "]//span[@id="price"])[${index}]</arg>
<doc>Returns the text value of the element identified by ``locator``.</doc>
<status status="PASS" start="2024-08-23T10:39:26.127748" elapsed="0.043359"/>
</kw>
<kw name="Evaluate" owner="BuiltIn">
<msg time="2024-08-23T10:39:26.171107" level="INFO">${price} =  750</msg>
<var>${price}</var>
<arg>"${price}".replace(',', '')</arg>
<doc>Evaluates the given expression in Python and returns the result.</doc>
<status status="PASS" start="2024-08-23T10:39:26.171107" elapsed="0.000000"/>
</kw>
<kw name="Convert To Integer" owner="BuiltIn">
<msg time="2024-08-23T10:39:26.173723" level="INFO">${intprice} = 750</msg>
<var>${intprice}</var>
<arg>${price}</arg>
<doc>Converts the given item to an integer number.</doc>
<status status="PASS" start="2024-08-23T10:39:26.171107" elapsed="0.002616"/>
</kw>
<kw name="Evaluate" owner="BuiltIn">
<msg time="2024-08-23T10:39:26.175371" level="INFO">${found} = False</msg>
<var>${found}</var>
<arg>'KSRTC' in '${busName}'</arg>
<doc>Evaluates the given expression in Python and returns the result.</doc>
<status status="PASS" start="2024-08-23T10:39:26.173723" elapsed="0.001648"/>
</kw>
<if>
<branch type="IF" condition="${found}">
<kw name="Append To List" owner="Collections">
<arg>${allKsrtcPrices}</arg>
<arg>${intprice}</arg>
<doc>Adds ``values`` to the end of ``list``.</doc>
<status status="NOT RUN" start="2024-08-23T10:39:26.175371" elapsed="0.000000"/>
</kw>
<status status="NOT RUN" start="2024-08-23T10:39:26.175371" elapsed="0.000000"/>
</branch>
<branch type="ELSE">
<kw name="Append To List" owner="Collections">
<arg>${allPrivatePrices}</arg>
<arg>${intprice}</arg>
<doc>Adds ``values`` to the end of ``list``.</doc>
<status status="PASS" start="2024-08-23T10:39:26.178514" elapsed="0.000000"/>
</kw>
<status status="PASS" start="2024-08-23T10:39:26.175371" elapsed="0.003143"/>
</branch>
<status status="PASS" start="2024-08-23T10:39:26.175371" elapsed="0.003143"/>
</if>
<var name="${index}">11</var>
<status status="PASS" start="2024-08-23T10:39:26.089788" elapsed="0.088726"/>
</iter>
<iter>
<kw name="Get Text" owner="SeleniumLibrary">
<msg time="2024-08-23T10:39:26.231584" level="INFO">${busName} = A1 Travels</msg>
<var>${busName}</var>
<arg>(//p[contains(@class, 'latoBold blackText')])[${index}]</arg>
<doc>Returns the text value of the element identified by ``locator``.</doc>
<status status="PASS" start="2024-08-23T10:39:26.178514" elapsed="0.053070"/>
</kw>
<kw name="Get Text" owner="SeleniumLibrary">
<msg time="2024-08-23T10:39:26.286609" level="INFO">${price} =  800</msg>
<var>${price}</var>
<arg>(//div[@class="busCardContainer "]//span[@id="price"])[${index}]</arg>
<doc>Returns the text value of the element identified by ``locator``.</doc>
<status status="PASS" start="2024-08-23T10:39:26.231584" elapsed="0.055025"/>
</kw>
<kw name="Evaluate" owner="BuiltIn">
<msg time="2024-08-23T10:39:26.286609" level="INFO">${price} =  800</msg>
<var>${price}</var>
<arg>"${price}".replace(',', '')</arg>
<doc>Evaluates the given expression in Python and returns the result.</doc>
<status status="PASS" start="2024-08-23T10:39:26.286609" elapsed="0.000000"/>
</kw>
<kw name="Convert To Integer" owner="BuiltIn">
<msg time="2024-08-23T10:39:26.286609" level="INFO">${intprice} = 800</msg>
<var>${intprice}</var>
<arg>${price}</arg>
<doc>Converts the given item to an integer number.</doc>
<status status="PASS" start="2024-08-23T10:39:26.286609" elapsed="0.000000"/>
</kw>
<kw name="Evaluate" owner="BuiltIn">
<msg time="2024-08-23T10:39:26.286609" level="INFO">${found} = False</msg>
<var>${found}</var>
<arg>'KSRTC' in '${busName}'</arg>
<doc>Evaluates the given expression in Python and returns the result.</doc>
<status status="PASS" start="2024-08-23T10:39:26.286609" elapsed="0.002513"/>
</kw>
<if>
<branch type="IF" condition="${found}">
<kw name="Append To List" owner="Collections">
<arg>${allKsrtcPrices}</arg>
<arg>${intprice}</arg>
<doc>Adds ``values`` to the end of ``list``.</doc>
<status status="NOT RUN" start="2024-08-23T10:39:26.289122" elapsed="0.000000"/>
</kw>
<status status="NOT RUN" start="2024-08-23T10:39:26.289122" elapsed="0.000000"/>
</branch>
<branch type="ELSE">
<kw name="Append To List" owner="Collections">
<arg>${allPrivatePrices}</arg>
<arg>${intprice}</arg>
<doc>Adds ``values`` to the end of ``list``.</doc>
<status status="PASS" start="2024-08-23T10:39:26.290166" elapsed="0.000000"/>
</kw>
<status status="PASS" start="2024-08-23T10:39:26.289122" elapsed="0.001044"/>
</branch>
<status status="PASS" start="2024-08-23T10:39:26.289122" elapsed="0.001044"/>
</if>
<var name="${index}">12</var>
<status status="PASS" start="2024-08-23T10:39:26.178514" elapsed="0.111652"/>
</iter>
<iter>
<kw name="Get Text" owner="SeleniumLibrary">
<msg time="2024-08-23T10:39:26.342236" level="INFO">${busName} = Surya Connect</msg>
<var>${busName}</var>
<arg>(//p[contains(@class, 'latoBold blackText')])[${index}]</arg>
<doc>Returns the text value of the element identified by ``locator``.</doc>
<status status="PASS" start="2024-08-23T10:39:26.290166" elapsed="0.053857"/>
</kw>
<kw name="Get Text" owner="SeleniumLibrary">
<msg time="2024-08-23T10:39:26.404681" level="INFO">${price} =  830</msg>
<var>${price}</var>
<arg>(//div[@class="busCardContainer "]//span[@id="price"])[${index}]</arg>
<doc>Returns the text value of the element identified by ``locator``.</doc>
<status status="PASS" start="2024-08-23T10:39:26.344023" elapsed="0.060658"/>
</kw>
<kw name="Evaluate" owner="BuiltIn">
<msg time="2024-08-23T10:39:26.404681" level="INFO">${price} =  830</msg>
<var>${price}</var>
<arg>"${price}".replace(',', '')</arg>
<doc>Evaluates the given expression in Python and returns the result.</doc>
<status status="PASS" start="2024-08-23T10:39:26.404681" elapsed="0.000000"/>
</kw>
<kw name="Convert To Integer" owner="BuiltIn">
<msg time="2024-08-23T10:39:26.407127" level="INFO">${intprice} = 830</msg>
<var>${intprice}</var>
<arg>${price}</arg>
<doc>Converts the given item to an integer number.</doc>
<status status="PASS" start="2024-08-23T10:39:26.404681" elapsed="0.002446"/>
</kw>
<kw name="Evaluate" owner="BuiltIn">
<msg time="2024-08-23T10:39:26.408299" level="INFO">${found} = False</msg>
<var>${found}</var>
<arg>'KSRTC' in '${busName}'</arg>
<doc>Evaluates the given expression in Python and returns the result.</doc>
<status status="PASS" start="2024-08-23T10:39:26.407127" elapsed="0.001172"/>
</kw>
<if>
<branch type="IF" condition="${found}">
<kw name="Append To List" owner="Collections">
<arg>${allKsrtcPrices}</arg>
<arg>${intprice}</arg>
<doc>Adds ``values`` to the end of ``list``.</doc>
<status status="NOT RUN" start="2024-08-23T10:39:26.408299" elapsed="0.000000"/>
</kw>
<status status="NOT RUN" start="2024-08-23T10:39:26.408299" elapsed="0.000000"/>
</branch>
<branch type="ELSE">
<kw name="Append To List" owner="Collections">
<arg>${allPrivatePrices}</arg>
<arg>${intprice}</arg>
<doc>Adds ``values`` to the end of ``list``.</doc>
<status status="PASS" start="2024-08-23T10:39:26.408299" elapsed="0.003032"/>
</kw>
<status status="PASS" start="2024-08-23T10:39:26.408299" elapsed="0.003032"/>
</branch>
<status status="PASS" start="2024-08-23T10:39:26.408299" elapsed="0.003553"/>
</if>
<var name="${index}">13</var>
<status status="PASS" start="2024-08-23T10:39:26.290166" elapsed="0.121686"/>
</iter>
<iter>
<kw name="Get Text" owner="SeleniumLibrary">
<msg time="2024-08-23T10:39:26.625596" level="INFO">${busName} = Kallada Travels (Suresh Kallada)</msg>
<var>${busName}</var>
<arg>(//p[contains(@class, 'latoBold blackText')])[${index}]</arg>
<doc>Returns the text value of the element identified by ``locator``.</doc>
<status status="PASS" start="2024-08-23T10:39:26.411852" elapsed="0.213744"/>
</kw>
<kw name="Get Text" owner="SeleniumLibrary">
<msg time="2024-08-23T10:39:26.668259" level="INFO">${price} =  1,000</msg>
<var>${price}</var>
<arg>(//div[@class="busCardContainer "]//span[@id="price"])[${index}]</arg>
<doc>Returns the text value of the element identified by ``locator``.</doc>
<status status="PASS" start="2024-08-23T10:39:26.625596" elapsed="0.042663"/>
</kw>
<kw name="Evaluate" owner="BuiltIn">
<msg time="2024-08-23T10:39:26.668259" level="INFO">${price} =  1000</msg>
<var>${price}</var>
<arg>"${price}".replace(',', '')</arg>
<doc>Evaluates the given expression in Python and returns the result.</doc>
<status status="PASS" start="2024-08-23T10:39:26.668259" elapsed="0.000000"/>
</kw>
<kw name="Convert To Integer" owner="BuiltIn">
<msg time="2024-08-23T10:39:26.668259" level="INFO">${intprice} = 1000</msg>
<var>${intprice}</var>
<arg>${price}</arg>
<doc>Converts the given item to an integer number.</doc>
<status status="PASS" start="2024-08-23T10:39:26.668259" elapsed="0.000000"/>
</kw>
<kw name="Evaluate" owner="BuiltIn">
<msg time="2024-08-23T10:39:26.668259" level="INFO">${found} = False</msg>
<var>${found}</var>
<arg>'KSRTC' in '${busName}'</arg>
<doc>Evaluates the given expression in Python and returns the result.</doc>
<status status="PASS" start="2024-08-23T10:39:26.668259" elapsed="0.000000"/>
</kw>
<if>
<branch type="IF" condition="${found}">
<kw name="Append To List" owner="Collections">
<arg>${allKsrtcPrices}</arg>
<arg>${intprice}</arg>
<doc>Adds ``values`` to the end of ``list``.</doc>
<status status="NOT RUN" start="2024-08-23T10:39:26.668259" elapsed="0.000000"/>
</kw>
<status status="NOT RUN" start="2024-08-23T10:39:26.668259" elapsed="0.000000"/>
</branch>
<branch type="ELSE">
<kw name="Append To List" owner="Collections">
<arg>${allPrivatePrices}</arg>
<arg>${intprice}</arg>
<doc>Adds ``values`` to the end of ``list``.</doc>
<status status="PASS" start="2024-08-23T10:39:26.676279" elapsed="0.000000"/>
</kw>
<status status="PASS" start="2024-08-23T10:39:26.668259" elapsed="0.008020"/>
</branch>
<status status="PASS" start="2024-08-23T10:39:26.668259" elapsed="0.009152"/>
</if>
<var name="${index}">14</var>
<status status="PASS" start="2024-08-23T10:39:26.411852" elapsed="0.265559"/>
</iter>
<iter>
<kw name="Get Text" owner="SeleniumLibrary">
<msg time="2024-08-23T10:39:26.720592" level="INFO">${busName} = Shama Transport</msg>
<var>${busName}</var>
<arg>(//p[contains(@class, 'latoBold blackText')])[${index}]</arg>
<doc>Returns the text value of the element identified by ``locator``.</doc>
<status status="PASS" start="2024-08-23T10:39:26.677411" elapsed="0.043181"/>
</kw>
<kw name="Get Text" owner="SeleniumLibrary">
<msg time="2024-08-23T10:39:26.744403" level="INFO">${price} =  1,199</msg>
<var>${price}</var>
<arg>(//div[@class="busCardContainer "]//span[@id="price"])[${index}]</arg>
<doc>Returns the text value of the element identified by ``locator``.</doc>
<status status="PASS" start="2024-08-23T10:39:26.720592" elapsed="0.023811"/>
</kw>
<kw name="Evaluate" owner="BuiltIn">
<msg time="2024-08-23T10:39:26.747412" level="INFO">${price} =  1199</msg>
<var>${price}</var>
<arg>"${price}".replace(',', '')</arg>
<doc>Evaluates the given expression in Python and returns the result.</doc>
<status status="PASS" start="2024-08-23T10:39:26.744403" elapsed="0.003009"/>
</kw>
<kw name="Convert To Integer" owner="BuiltIn">
<msg time="2024-08-23T10:39:26.747412" level="INFO">${intprice} = 1199</msg>
<var>${intprice}</var>
<arg>${price}</arg>
<doc>Converts the given item to an integer number.</doc>
<status status="PASS" start="2024-08-23T10:39:26.747412" elapsed="0.000000"/>
</kw>
<kw name="Evaluate" owner="BuiltIn">
<msg time="2024-08-23T10:39:26.747412" level="INFO">${found} = False</msg>
<var>${found}</var>
<arg>'KSRTC' in '${busName}'</arg>
<doc>Evaluates the given expression in Python and returns the result.</doc>
<status status="PASS" start="2024-08-23T10:39:26.747412" elapsed="0.000000"/>
</kw>
<if>
<branch type="IF" condition="${found}">
<kw name="Append To List" owner="Collections">
<arg>${allKsrtcPrices}</arg>
<arg>${intprice}</arg>
<doc>Adds ``values`` to the end of ``list``.</doc>
<status status="NOT RUN" start="2024-08-23T10:39:26.747412" elapsed="0.000000"/>
</kw>
<status status="NOT RUN" start="2024-08-23T10:39:26.747412" elapsed="0.000000"/>
</branch>
<branch type="ELSE">
<kw name="Append To List" owner="Collections">
<arg>${allPrivatePrices}</arg>
<arg>${intprice}</arg>
<doc>Adds ``values`` to the end of ``list``.</doc>
<status status="PASS" start="2024-08-23T10:39:26.747412" elapsed="0.000000"/>
</kw>
<status status="PASS" start="2024-08-23T10:39:26.747412" elapsed="0.000000"/>
</branch>
<status status="PASS" start="2024-08-23T10:39:26.747412" elapsed="0.000000"/>
</if>
<var name="${index}">15</var>
<status status="PASS" start="2024-08-23T10:39:26.677411" elapsed="0.070001"/>
</iter>
<iter>
<kw name="Get Text" owner="SeleniumLibrary">
<msg time="2024-08-23T10:39:26.777607" level="INFO">${busName} = JaiSai Roadlinks (JSR)</msg>
<var>${busName}</var>
<arg>(//p[contains(@class, 'latoBold blackText')])[${index}]</arg>
<doc>Returns the text value of the element identified by ``locator``.</doc>
<status status="PASS" start="2024-08-23T10:39:26.747412" elapsed="0.030195"/>
</kw>
<kw name="Get Text" owner="SeleniumLibrary">
<msg time="2024-08-23T10:39:26.808396" level="INFO">${price} =  1,350</msg>
<var>${price}</var>
<arg>(//div[@class="busCardContainer "]//span[@id="price"])[${index}]</arg>
<doc>Returns the text value of the element identified by ``locator``.</doc>
<status status="PASS" start="2024-08-23T10:39:26.777607" elapsed="0.030789"/>
</kw>
<kw name="Evaluate" owner="BuiltIn">
<msg time="2024-08-23T10:39:26.808396" level="INFO">${price} =  1350</msg>
<var>${price}</var>
<arg>"${price}".replace(',', '')</arg>
<doc>Evaluates the given expression in Python and returns the result.</doc>
<status status="PASS" start="2024-08-23T10:39:26.808396" elapsed="0.000000"/>
</kw>
<kw name="Convert To Integer" owner="BuiltIn">
<msg time="2024-08-23T10:39:26.808396" level="INFO">${intprice} = 1350</msg>
<var>${intprice}</var>
<arg>${price}</arg>
<doc>Converts the given item to an integer number.</doc>
<status status="PASS" start="2024-08-23T10:39:26.808396" elapsed="0.000000"/>
</kw>
<kw name="Evaluate" owner="BuiltIn">
<msg time="2024-08-23T10:39:26.808396" level="INFO">${found} = False</msg>
<var>${found}</var>
<arg>'KSRTC' in '${busName}'</arg>
<doc>Evaluates the given expression in Python and returns the result.</doc>
<status status="PASS" start="2024-08-23T10:39:26.808396" elapsed="0.000000"/>
</kw>
<if>
<branch type="IF" condition="${found}">
<kw name="Append To List" owner="Collections">
<arg>${allKsrtcPrices}</arg>
<arg>${intprice}</arg>
<doc>Adds ``values`` to the end of ``list``.</doc>
<status status="NOT RUN" start="2024-08-23T10:39:26.808396" elapsed="0.000000"/>
</kw>
<status status="NOT RUN" start="2024-08-23T10:39:26.808396" elapsed="0.000000"/>
</branch>
<branch type="ELSE">
<kw name="Append To List" owner="Collections">
<arg>${allPrivatePrices}</arg>
<arg>${intprice}</arg>
<doc>Adds ``values`` to the end of ``list``.</doc>
<status status="PASS" start="2024-08-23T10:39:26.808396" elapsed="0.000000"/>
</kw>
<status status="PASS" start="2024-08-23T10:39:26.808396" elapsed="0.000000"/>
</branch>
<status status="PASS" start="2024-08-23T10:39:26.808396" elapsed="0.000000"/>
</if>
<var name="${index}">16</var>
<status status="PASS" start="2024-08-23T10:39:26.747412" elapsed="0.060984"/>
</iter>
<var>${index}</var>
<value>1</value>
<value>${busCount}</value>
<status status="PASS" start="2024-08-23T10:39:24.898315" elapsed="1.910081"/>
</for>
<kw name="Copy List" owner="Collections">
<msg time="2024-08-23T10:39:26.808396" level="INFO">${sorted_ksrtc_prices} = [500, 500, 500, 500, 500, 500, 500, 1725, 2289]</msg>
<var>${sorted_ksrtc_prices}</var>
<arg>${allKsrtcPrices}</arg>
<doc>Returns a copy of the given list.</doc>
<status status="PASS" start="2024-08-23T10:39:26.808396" elapsed="0.000000"/>
</kw>
<kw name="Sort List" owner="Collections">
<arg>${sorted_ksrtc_prices}</arg>
<doc>Sorts the given list in place.</doc>
<status status="PASS" start="2024-08-23T10:39:26.808396" elapsed="0.000000"/>
</kw>
<kw name="Copy List" owner="Collections">
<msg time="2024-08-23T10:39:26.818319" level="INFO">${sorted_private_prices} = [650, 750, 800, 830, 1000, 1199, 1350]</msg>
<var>${sorted_private_prices}</var>
<arg>${allPrivatePrices}</arg>
<doc>Returns a copy of the given list.</doc>
<status status="PASS" start="2024-08-23T10:39:26.808396" elapsed="0.009923"/>
</kw>
<kw name="Sort List" owner="Collections">
<arg>${sorted_private_prices}</arg>
<doc>Sorts the given list in place.</doc>
<status status="PASS" start="2024-08-23T10:39:26.818319" elapsed="0.000000"/>
</kw>
<kw name="Create List" owner="BuiltIn">
<msg time="2024-08-23T10:39:26.818319" level="INFO">@{combined_sorted_prices} = [ ]</msg>
<var>@{combined_sorted_prices}</var>
<doc>Returns a list containing given items.</doc>
<status status="PASS" start="2024-08-23T10:39:26.818319" elapsed="0.000000"/>
</kw>
<for flavor="IN">
<iter>
<kw name="Append To List" owner="Collections">
<arg>${combined_sorted_prices}</arg>
<arg>${price}</arg>
<doc>Adds ``values`` to the end of ``list``.</doc>
<status status="PASS" start="2024-08-23T10:39:26.818319" elapsed="0.000000"/>
</kw>
<var name="${price}">500</var>
<status status="PASS" start="2024-08-23T10:39:26.818319" elapsed="0.000000"/>
</iter>
<iter>
<kw name="Append To List" owner="Collections">
<arg>${combined_sorted_prices}</arg>
<arg>${price}</arg>
<doc>Adds ``values`` to the end of ``list``.</doc>
<status status="PASS" start="2024-08-23T10:39:26.821831" elapsed="0.000000"/>
</kw>
<var name="${price}">500</var>
<status status="PASS" start="2024-08-23T10:39:26.818319" elapsed="0.003512"/>
</iter>
<iter>
<kw name="Append To List" owner="Collections">
<arg>${combined_sorted_prices}</arg>
<arg>${price}</arg>
<doc>Adds ``values`` to the end of ``list``.</doc>
<status status="PASS" start="2024-08-23T10:39:26.821831" elapsed="0.000000"/>
</kw>
<var name="${price}">500</var>
<status status="PASS" start="2024-08-23T10:39:26.821831" elapsed="0.000000"/>
</iter>
<iter>
<kw name="Append To List" owner="Collections">
<arg>${combined_sorted_prices}</arg>
<arg>${price}</arg>
<doc>Adds ``values`` to the end of ``list``.</doc>
<status status="PASS" start="2024-08-23T10:39:26.821831" elapsed="0.000000"/>
</kw>
<var name="${price}">500</var>
<status status="PASS" start="2024-08-23T10:39:26.821831" elapsed="0.000000"/>
</iter>
<iter>
<kw name="Append To List" owner="Collections">
<arg>${combined_sorted_prices}</arg>
<arg>${price}</arg>
<doc>Adds ``values`` to the end of ``list``.</doc>
<status status="PASS" start="2024-08-23T10:39:26.821831" elapsed="0.000000"/>
</kw>
<var name="${price}">500</var>
<status status="PASS" start="2024-08-23T10:39:26.821831" elapsed="0.000000"/>
</iter>
<iter>
<kw name="Append To List" owner="Collections">
<arg>${combined_sorted_prices}</arg>
<arg>${price}</arg>
<doc>Adds ``values`` to the end of ``list``.</doc>
<status status="PASS" start="2024-08-23T10:39:26.821831" elapsed="0.006587"/>
</kw>
<var name="${price}">500</var>
<status status="PASS" start="2024-08-23T10:39:26.821831" elapsed="0.006587"/>
</iter>
<iter>
<kw name="Append To List" owner="Collections">
<arg>${combined_sorted_prices}</arg>
<arg>${price}</arg>
<doc>Adds ``values`` to the end of ``list``.</doc>
<status status="PASS" start="2024-08-23T10:39:26.828418" elapsed="0.000000"/>
</kw>
<var name="${price}">500</var>
<status status="PASS" start="2024-08-23T10:39:26.828418" elapsed="0.000000"/>
</iter>
<iter>
<kw name="Append To List" owner="Collections">
<arg>${combined_sorted_prices}</arg>
<arg>${price}</arg>
<doc>Adds ``values`` to the end of ``list``.</doc>
<status status="PASS" start="2024-08-23T10:39:26.828418" elapsed="0.000000"/>
</kw>
<var name="${price}">1725</var>
<status status="PASS" start="2024-08-23T10:39:26.828418" elapsed="0.000000"/>
</iter>
<iter>
<kw name="Append To List" owner="Collections">
<arg>${combined_sorted_prices}</arg>
<arg>${price}</arg>
<doc>Adds ``values`` to the end of ``list``.</doc>
<status status="PASS" start="2024-08-23T10:39:26.828418" elapsed="0.000000"/>
</kw>
<var name="${price}">2289</var>
<status status="PASS" start="2024-08-23T10:39:26.828418" elapsed="0.000000"/>
</iter>
<var>${price}</var>
<value>@{sorted_ksrtc_prices}</value>
<status status="PASS" start="2024-08-23T10:39:26.818319" elapsed="0.010099"/>
</for>
<for flavor="IN">
<iter>
<kw name="Append To List" owner="Collections">
<arg>${combined_sorted_prices}</arg>
<arg>${price}</arg>
<doc>Adds ``values`` to the end of ``list``.</doc>
<status status="PASS" start="2024-08-23T10:39:26.828418" elapsed="0.009217"/>
</kw>
<var name="${price}">650</var>
<status status="PASS" start="2024-08-23T10:39:26.828418" elapsed="0.009217"/>
</iter>
<iter>
<kw name="Append To List" owner="Collections">
<arg>${combined_sorted_prices}</arg>
<arg>${price}</arg>
<doc>Adds ``values`` to the end of ``list``.</doc>
<status status="PASS" start="2024-08-23T10:39:26.838648" elapsed="0.000000"/>
</kw>
<var name="${price}">750</var>
<status status="PASS" start="2024-08-23T10:39:26.838648" elapsed="0.001076"/>
</iter>
<iter>
<kw name="Append To List" owner="Collections">
<arg>${combined_sorted_prices}</arg>
<arg>${price}</arg>
<doc>Adds ``values`` to the end of ``list``.</doc>
<status status="PASS" start="2024-08-23T10:39:26.840245" elapsed="0.000000"/>
</kw>
<var name="${price}">800</var>
<status status="PASS" start="2024-08-23T10:39:26.840245" elapsed="0.000000"/>
</iter>
<iter>
<kw name="Append To List" owner="Collections">
<arg>${combined_sorted_prices}</arg>
<arg>${price}</arg>
<doc>Adds ``values`` to the end of ``list``.</doc>
<status status="PASS" start="2024-08-23T10:39:26.840245" elapsed="0.000000"/>
</kw>
<var name="${price}">830</var>
<status status="PASS" start="2024-08-23T10:39:26.840245" elapsed="0.000000"/>
</iter>
<iter>
<kw name="Append To List" owner="Collections">
<arg>${combined_sorted_prices}</arg>
<arg>${price}</arg>
<doc>Adds ``values`` to the end of ``list``.</doc>
<status status="PASS" start="2024-08-23T10:39:26.843934" elapsed="0.000000"/>
</kw>
<var name="${price}">1000</var>
<status status="PASS" start="2024-08-23T10:39:26.843416" elapsed="0.000518"/>
</iter>
<iter>
<kw name="Append To List" owner="Collections">
<arg>${combined_sorted_prices}</arg>
<arg>${price}</arg>
<doc>Adds ``values`` to the end of ``list``.</doc>
<status status="PASS" start="2024-08-23T10:39:26.843934" elapsed="0.000000"/>
</kw>
<var name="${price}">1199</var>
<status status="PASS" start="2024-08-23T10:39:26.843934" elapsed="0.000000"/>
</iter>
<iter>
<kw name="Append To List" owner="Collections">
<arg>${combined_sorted_prices}</arg>
<arg>${price}</arg>
<doc>Adds ``values`` to the end of ``list``.</doc>
<status status="PASS" start="2024-08-23T10:39:26.843934" elapsed="0.000000"/>
</kw>
<var name="${price}">1350</var>
<status status="PASS" start="2024-08-23T10:39:26.843934" elapsed="0.000000"/>
</iter>
<var>${price}</var>
<value>@{sorted_private_prices}</value>
<status status="PASS" start="2024-08-23T10:39:26.828418" elapsed="0.015516"/>
</for>
<kw name="Evaluate" owner="BuiltIn">
<msg time="2024-08-23T10:39:26.849019" level="INFO">${is_sorted_correctly} = True</msg>
<var>${is_sorted_correctly}</var>
<arg>${allBusPrice} == ${combined_sorted_prices}</arg>
<doc>Evaluates the given expression in Python and returns the result.</doc>
<status status="PASS" start="2024-08-23T10:39:26.843934" elapsed="0.005085"/>
</kw>
<if>
<branch type="IF" condition="${is_sorted_correctly}">
<kw name="Log" owner="BuiltIn">
<msg time="2024-08-23T10:39:26.849019" level="INFO">Prices are sorted correctly</msg>
<arg>Prices are sorted correctly</arg>
<doc>Logs the given message with the given level.</doc>
<status status="PASS" start="2024-08-23T10:39:26.849019" elapsed="0.000000"/>
</kw>
<status status="PASS" start="2024-08-23T10:39:26.849019" elapsed="0.000000"/>
</branch>
<branch type="ELSE">
<kw name="Fail" owner="BuiltIn">
<arg>Prices are not sorted correctly</arg>
<doc>Fails the test with the given message and optionally alters its tags.</doc>
<status status="NOT RUN" start="2024-08-23T10:39:26.849019" elapsed="0.000000"/>
</kw>
<status status="NOT RUN" start="2024-08-23T10:39:26.849019" elapsed="0.000000"/>
</branch>
<status status="PASS" start="2024-08-23T10:39:26.849019" elapsed="0.000000"/>
</if>
<kw name="Log" owner="BuiltIn">
<msg time="2024-08-23T10:39:26.849019" level="INFO">KSRTC Bus Prices: [500, 500, 500, 500, 500, 500, 500, 1725, 2289]</msg>
<arg>KSRTC Bus Prices: ${sorted_ksrtc_prices}</arg>
<doc>Logs the given message with the given level.</doc>
<status status="PASS" start="2024-08-23T10:39:26.849019" elapsed="0.000000"/>
</kw>
<kw name="Log" owner="BuiltIn">
<msg time="2024-08-23T10:39:26.849019" level="INFO">Private Bus Prices: [650, 750, 800, 830, 1000, 1199, 1350]</msg>
<arg>Private Bus Prices: ${sorted_private_prices}</arg>
<doc>Logs the given message with the given level.</doc>
<status status="PASS" start="2024-08-23T10:39:26.849019" elapsed="0.004305"/>
</kw>
<kw name="Log" owner="BuiltIn">
<msg time="2024-08-23T10:39:26.853324" level="INFO">Original Combined Prices: [500, 500, 500, 500, 500, 500, 500, 1725, 2289, 650, 750, 800, 830, 1000, 1199, 1350]</msg>
<arg>Original Combined Prices: ${allBusPrice}</arg>
<doc>Logs the given message with the given level.</doc>
<status status="PASS" start="2024-08-23T10:39:26.853324" elapsed="0.001655"/>
</kw>
<kw name="Log" owner="BuiltIn">
<msg time="2024-08-23T10:39:26.855507" level="INFO">Combined Sorted Prices: [500, 500, 500, 500, 500, 500, 500, 1725, 2289, 650, 750, 800, 830, 1000, 1199, 1350]</msg>
<arg>Combined Sorted Prices: ${combined_sorted_prices}</arg>
<doc>Logs the given message with the given level.</doc>
<status status="PASS" start="2024-08-23T10:39:26.855507" elapsed="0.000000"/>
</kw>
<status status="PASS" start="2024-08-23T10:39:23.560152" elapsed="3.295355"/>
</kw>
<status status="PASS" start="2024-08-23T10:38:56.753716" elapsed="30.101791"/>
</test>
<status status="PASS" start="2024-08-23T10:38:55.353989" elapsed="31.505034"/>
</suite>
<statistics>
<total>
<stat pass="1" fail="0" skip="0">All Tests</stat>
</total>
<tag>
</tag>
<suite>
<stat pass="1" fail="0" skip="0" id="s1" name="Customer">Customer</stat>
</suite>
</statistics>
<errors>
<msg time="2024-08-23T10:38:56.698051" level="WARN">Error in file 'C:\Users\HP\Documents\GitHub\training-t\Keywords\kw_customer.robot' on line 327: The '[Return]' setting is deprecated. Use the 'RETURN' statement instead.</msg>
<msg time="2024-08-23T10:38:56.703061" level="WARN">Error in file 'C:\Users\HP\Documents\GitHub\training-t\Keywords\kw_customer.robot' on line 346: The '[Return]' setting is deprecated. Use the 'RETURN' statement instead.</msg>
<msg time="2024-08-23T10:38:56.703061" level="WARN">Error in file 'C:\Users\HP\Documents\GitHub\training-t\Keywords\kw_customer.robot' on line 357: The '[Return]' setting is deprecated. Use the 'RETURN' statement instead.</msg>
</errors>
</robot>
